<?xml version="1.0" encoding="UTF-8"?>
<testsuite name="Q1" tests="3" skipped="0" failures="3" errors="0" timestamp="2019-03-29T09:27:18" hostname="QAMacMini-3" time="17.376">
  <properties/>
  <testcase name="Q1" classname="Q1" time="5.834">
    <failure message="java.lang.NullPointerException" type="java.lang.NullPointerException">java.lang.NullPointerException
	at basic.login(basic.java:37)
	at Q1.Q1(Q1.java:37)
	at sun.reflect.NativeMethodAccessorImpl.invoke0(Native Method)
	at sun.reflect.NativeMethodAccessorImpl.invoke(NativeMethodAccessorImpl.java:62)
	at sun.reflect.DelegatingMethodAccessorImpl.invoke(DelegatingMethodAccessorImpl.java:43)
	at java.lang.reflect.Method.invoke(Method.java:498)
	at org.junit.runners.model.FrameworkMethod$1.runReflectiveCall(FrameworkMethod.java:50)
	at org.junit.internal.runners.model.ReflectiveCallable.run(ReflectiveCallable.java:12)
	at org.junit.runners.model.FrameworkMethod.invokeExplosively(FrameworkMethod.java:47)
	at org.junit.internal.runners.statements.InvokeMethod.evaluate(InvokeMethod.java:17)
	at org.junit.internal.runners.statements.RunBefores.evaluate(RunBefores.java:26)
	at org.junit.internal.runners.statements.RunAfters.evaluate(RunAfters.java:27)
	at org.junit.runners.ParentRunner.runLeaf(ParentRunner.java:325)
	at org.junit.runners.BlockJUnit4ClassRunner.runChild(BlockJUnit4ClassRunner.java:78)
	at org.junit.runners.BlockJUnit4ClassRunner.runChild(BlockJUnit4ClassRunner.java:57)
	at org.junit.runners.ParentRunner$3.run(ParentRunner.java:290)
	at org.junit.runners.ParentRunner$1.schedule(ParentRunner.java:71)
	at org.junit.runners.ParentRunner.runChildren(ParentRunner.java:288)
	at org.junit.runners.ParentRunner.access$000(ParentRunner.java:58)
	at org.junit.runners.ParentRunner$2.evaluate(ParentRunner.java:268)
	at org.junit.runners.ParentRunner.run(ParentRunner.java:363)
	at org.gradle.api.internal.tasks.testing.junit.JUnitTestClassExecutor.runTestClass(JUnitTestClassExecutor.java:106)
	at org.gradle.api.internal.tasks.testing.junit.JUnitTestClassExecutor.execute(JUnitTestClassExecutor.java:58)
	at org.gradle.api.internal.tasks.testing.junit.JUnitTestClassExecutor.execute(JUnitTestClassExecutor.java:38)
	at org.gradle.api.internal.tasks.testing.junit.AbstractJUnitTestClassProcessor.processTestClass(AbstractJUnitTestClassProcessor.java:66)
	at org.gradle.api.internal.tasks.testing.SuiteTestClassProcessor.processTestClass(SuiteTestClassProcessor.java:51)
	at sun.reflect.NativeMethodAccessorImpl.invoke0(Native Method)
	at sun.reflect.NativeMethodAccessorImpl.invoke(NativeMethodAccessorImpl.java:62)
	at sun.reflect.DelegatingMethodAccessorImpl.invoke(DelegatingMethodAccessorImpl.java:43)
	at java.lang.reflect.Method.invoke(Method.java:498)
	at org.gradle.internal.dispatch.ReflectionDispatch.dispatch(ReflectionDispatch.java:35)
	at org.gradle.internal.dispatch.ReflectionDispatch.dispatch(ReflectionDispatch.java:24)
	at org.gradle.internal.dispatch.ContextClassLoaderDispatch.dispatch(ContextClassLoaderDispatch.java:32)
	at org.gradle.internal.dispatch.ProxyDispatchAdapter$DispatchingInvocationHandler.invoke(ProxyDispatchAdapter.java:93)
	at com.sun.proxy.$Proxy1.processTestClass(Unknown Source)
	at org.gradle.api.internal.tasks.testing.worker.TestWorker.processTestClass(TestWorker.java:109)
	at sun.reflect.NativeMethodAccessorImpl.invoke0(Native Method)
	at sun.reflect.NativeMethodAccessorImpl.invoke(NativeMethodAccessorImpl.java:62)
	at sun.reflect.DelegatingMethodAccessorImpl.invoke(DelegatingMethodAccessorImpl.java:43)
	at java.lang.reflect.Method.invoke(Method.java:498)
	at org.gradle.internal.dispatch.ReflectionDispatch.dispatch(ReflectionDispatch.java:35)
	at org.gradle.internal.dispatch.ReflectionDispatch.dispatch(ReflectionDispatch.java:24)
	at org.gradle.internal.remote.internal.hub.MessageHubBackedObjectConnection$DispatchWrapper.dispatch(MessageHubBackedObjectConnection.java:155)
	at org.gradle.internal.remote.internal.hub.MessageHubBackedObjectConnection$DispatchWrapper.dispatch(MessageHubBackedObjectConnection.java:137)
	at org.gradle.internal.remote.internal.hub.MessageHub$Handler.run(MessageHub.java:404)
	at org.gradle.internal.concurrent.ExecutorPolicy$CatchAndRecordFailures.onExecute(ExecutorPolicy.java:63)
	at org.gradle.internal.concurrent.ManagedExecutorImpl$1.run(ManagedExecutorImpl.java:46)
	at java.util.concurrent.ThreadPoolExecutor.runWorker(ThreadPoolExecutor.java:1142)
	at java.util.concurrent.ThreadPoolExecutor$Worker.run(ThreadPoolExecutor.java:617)
	at org.gradle.internal.concurrent.ThreadFactoryImpl$ManagedThreadRunnable.run(ThreadFactoryImpl.java:55)
	at java.lang.Thread.run(Thread.java:745)
</failure>
  </testcase>
  <testcase name="logout" classname="Q1" time="5.724">
    <failure message="java.lang.NullPointerException" type="java.lang.NullPointerException">java.lang.NullPointerException
	at basic.logout(basic.java:52)
	at sun.reflect.NativeMethodAccessorImpl.invoke0(Native Method)
	at sun.reflect.NativeMethodAccessorImpl.invoke(NativeMethodAccessorImpl.java:62)
	at sun.reflect.DelegatingMethodAccessorImpl.invoke(DelegatingMethodAccessorImpl.java:43)
	at java.lang.reflect.Method.invoke(Method.java:498)
	at org.junit.runners.model.FrameworkMethod$1.runReflectiveCall(FrameworkMethod.java:50)
	at org.junit.internal.runners.model.ReflectiveCallable.run(ReflectiveCallable.java:12)
	at org.junit.runners.model.FrameworkMethod.invokeExplosively(FrameworkMethod.java:47)
	at org.junit.internal.runners.statements.InvokeMethod.evaluate(InvokeMethod.java:17)
	at org.junit.internal.runners.statements.RunBefores.evaluate(RunBefores.java:26)
	at org.junit.internal.runners.statements.RunAfters.evaluate(RunAfters.java:27)
	at org.junit.runners.ParentRunner.runLeaf(ParentRunner.java:325)
	at org.junit.runners.BlockJUnit4ClassRunner.runChild(BlockJUnit4ClassRunner.java:78)
	at org.junit.runners.BlockJUnit4ClassRunner.runChild(BlockJUnit4ClassRunner.java:57)
	at org.junit.runners.ParentRunner$3.run(ParentRunner.java:290)
	at org.junit.runners.ParentRunner$1.schedule(ParentRunner.java:71)
	at org.junit.runners.ParentRunner.runChildren(ParentRunner.java:288)
	at org.junit.runners.ParentRunner.access$000(ParentRunner.java:58)
	at org.junit.runners.ParentRunner$2.evaluate(ParentRunner.java:268)
	at org.junit.runners.ParentRunner.run(ParentRunner.java:363)
	at org.gradle.api.internal.tasks.testing.junit.JUnitTestClassExecutor.runTestClass(JUnitTestClassExecutor.java:106)
	at org.gradle.api.internal.tasks.testing.junit.JUnitTestClassExecutor.execute(JUnitTestClassExecutor.java:58)
	at org.gradle.api.internal.tasks.testing.junit.JUnitTestClassExecutor.execute(JUnitTestClassExecutor.java:38)
	at org.gradle.api.internal.tasks.testing.junit.AbstractJUnitTestClassProcessor.processTestClass(AbstractJUnitTestClassProcessor.java:66)
	at org.gradle.api.internal.tasks.testing.SuiteTestClassProcessor.processTestClass(SuiteTestClassProcessor.java:51)
	at sun.reflect.NativeMethodAccessorImpl.invoke0(Native Method)
	at sun.reflect.NativeMethodAccessorImpl.invoke(NativeMethodAccessorImpl.java:62)
	at sun.reflect.DelegatingMethodAccessorImpl.invoke(DelegatingMethodAccessorImpl.java:43)
	at java.lang.reflect.Method.invoke(Method.java:498)
	at org.gradle.internal.dispatch.ReflectionDispatch.dispatch(ReflectionDispatch.java:35)
	at org.gradle.internal.dispatch.ReflectionDispatch.dispatch(ReflectionDispatch.java:24)
	at org.gradle.internal.dispatch.ContextClassLoaderDispatch.dispatch(ContextClassLoaderDispatch.java:32)
	at org.gradle.internal.dispatch.ProxyDispatchAdapter$DispatchingInvocationHandler.invoke(ProxyDispatchAdapter.java:93)
	at com.sun.proxy.$Proxy1.processTestClass(Unknown Source)
	at org.gradle.api.internal.tasks.testing.worker.TestWorker.processTestClass(TestWorker.java:109)
	at sun.reflect.NativeMethodAccessorImpl.invoke0(Native Method)
	at sun.reflect.NativeMethodAccessorImpl.invoke(NativeMethodAccessorImpl.java:62)
	at sun.reflect.DelegatingMethodAccessorImpl.invoke(DelegatingMethodAccessorImpl.java:43)
	at java.lang.reflect.Method.invoke(Method.java:498)
	at org.gradle.internal.dispatch.ReflectionDispatch.dispatch(ReflectionDispatch.java:35)
	at org.gradle.internal.dispatch.ReflectionDispatch.dispatch(ReflectionDispatch.java:24)
	at org.gradle.internal.remote.internal.hub.MessageHubBackedObjectConnection$DispatchWrapper.dispatch(MessageHubBackedObjectConnection.java:155)
	at org.gradle.internal.remote.internal.hub.MessageHubBackedObjectConnection$DispatchWrapper.dispatch(MessageHubBackedObjectConnection.java:137)
	at org.gradle.internal.remote.internal.hub.MessageHub$Handler.run(MessageHub.java:404)
	at org.gradle.internal.concurrent.ExecutorPolicy$CatchAndRecordFailures.onExecute(ExecutorPolicy.java:63)
	at org.gradle.internal.concurrent.ManagedExecutorImpl$1.run(ManagedExecutorImpl.java:46)
	at java.util.concurrent.ThreadPoolExecutor.runWorker(ThreadPoolExecutor.java:1142)
	at java.util.concurrent.ThreadPoolExecutor$Worker.run(ThreadPoolExecutor.java:617)
	at org.gradle.internal.concurrent.ThreadFactoryImpl$ManagedThreadRunnable.run(ThreadFactoryImpl.java:55)
	at java.lang.Thread.run(Thread.java:745)
</failure>
  </testcase>
  <testcase name="login" classname="Q1" time="5.818">
    <failure message="java.lang.NullPointerException" type="java.lang.NullPointerException">java.lang.NullPointerException
	at basic.login(basic.java:37)
	at sun.reflect.NativeMethodAccessorImpl.invoke0(Native Method)
	at sun.reflect.NativeMethodAccessorImpl.invoke(NativeMethodAccessorImpl.java:62)
	at sun.reflect.DelegatingMethodAccessorImpl.invoke(DelegatingMethodAccessorImpl.java:43)
	at java.lang.reflect.Method.invoke(Method.java:498)
	at org.junit.runners.model.FrameworkMethod$1.runReflectiveCall(FrameworkMethod.java:50)
	at org.junit.internal.runners.model.ReflectiveCallable.run(ReflectiveCallable.java:12)
	at org.junit.runners.model.FrameworkMethod.invokeExplosively(FrameworkMethod.java:47)
	at org.junit.internal.runners.statements.InvokeMethod.evaluate(InvokeMethod.java:17)
	at org.junit.internal.runners.statements.RunBefores.evaluate(RunBefores.java:26)
	at org.junit.internal.runners.statements.RunAfters.evaluate(RunAfters.java:27)
	at org.junit.runners.ParentRunner.runLeaf(ParentRunner.java:325)
	at org.junit.runners.BlockJUnit4ClassRunner.runChild(BlockJUnit4ClassRunner.java:78)
	at org.junit.runners.BlockJUnit4ClassRunner.runChild(BlockJUnit4ClassRunner.java:57)
	at org.junit.runners.ParentRunner$3.run(ParentRunner.java:290)
	at org.junit.runners.ParentRunner$1.schedule(ParentRunner.java:71)
	at org.junit.runners.ParentRunner.runChildren(ParentRunner.java:288)
	at org.junit.runners.ParentRunner.access$000(ParentRunner.java:58)
	at org.junit.runners.ParentRunner$2.evaluate(ParentRunner.java:268)
	at org.junit.runners.ParentRunner.run(ParentRunner.java:363)
	at org.gradle.api.internal.tasks.testing.junit.JUnitTestClassExecutor.runTestClass(JUnitTestClassExecutor.java:106)
	at org.gradle.api.internal.tasks.testing.junit.JUnitTestClassExecutor.execute(JUnitTestClassExecutor.java:58)
	at org.gradle.api.internal.tasks.testing.junit.JUnitTestClassExecutor.execute(JUnitTestClassExecutor.java:38)
	at org.gradle.api.internal.tasks.testing.junit.AbstractJUnitTestClassProcessor.processTestClass(AbstractJUnitTestClassProcessor.java:66)
	at org.gradle.api.internal.tasks.testing.SuiteTestClassProcessor.processTestClass(SuiteTestClassProcessor.java:51)
	at sun.reflect.NativeMethodAccessorImpl.invoke0(Native Method)
	at sun.reflect.NativeMethodAccessorImpl.invoke(NativeMethodAccessorImpl.java:62)
	at sun.reflect.DelegatingMethodAccessorImpl.invoke(DelegatingMethodAccessorImpl.java:43)
	at java.lang.reflect.Method.invoke(Method.java:498)
	at org.gradle.internal.dispatch.ReflectionDispatch.dispatch(ReflectionDispatch.java:35)
	at org.gradle.internal.dispatch.ReflectionDispatch.dispatch(ReflectionDispatch.java:24)
	at org.gradle.internal.dispatch.ContextClassLoaderDispatch.dispatch(ContextClassLoaderDispatch.java:32)
	at org.gradle.internal.dispatch.ProxyDispatchAdapter$DispatchingInvocationHandler.invoke(ProxyDispatchAdapter.java:93)
	at com.sun.proxy.$Proxy1.processTestClass(Unknown Source)
	at org.gradle.api.internal.tasks.testing.worker.TestWorker.processTestClass(TestWorker.java:109)
	at sun.reflect.NativeMethodAccessorImpl.invoke0(Native Method)
	at sun.reflect.NativeMethodAccessorImpl.invoke(NativeMethodAccessorImpl.java:62)
	at sun.reflect.DelegatingMethodAccessorImpl.invoke(DelegatingMethodAccessorImpl.java:43)
	at java.lang.reflect.Method.invoke(Method.java:498)
	at org.gradle.internal.dispatch.ReflectionDispatch.dispatch(ReflectionDispatch.java:35)
	at org.gradle.internal.dispatch.ReflectionDispatch.dispatch(ReflectionDispatch.java:24)
	at org.gradle.internal.remote.internal.hub.MessageHubBackedObjectConnection$DispatchWrapper.dispatch(MessageHubBackedObjectConnection.java:155)
	at org.gradle.internal.remote.internal.hub.MessageHubBackedObjectConnection$DispatchWrapper.dispatch(MessageHubBackedObjectConnection.java:137)
	at org.gradle.internal.remote.internal.hub.MessageHub$Handler.run(MessageHub.java:404)
	at org.gradle.internal.concurrent.ExecutorPolicy$CatchAndRecordFailures.onExecute(ExecutorPolicy.java:63)
	at org.gradle.internal.concurrent.ManagedExecutorImpl$1.run(ManagedExecutorImpl.java:46)
	at java.util.concurrent.ThreadPoolExecutor.runWorker(ThreadPoolExecutor.java:1142)
	at java.util.concurrent.ThreadPoolExecutor$Worker.run(ThreadPoolExecutor.java:617)
	at org.gradle.internal.concurrent.ThreadFactoryImpl$ManagedThreadRunnable.run(ThreadFactoryImpl.java:55)
	at java.lang.Thread.run(Thread.java:745)
</failure>
  </testcase>
  <system-out><![CDATA[17:27:18.842 [Forwarding newSession on session null to remote] DEBUG org.apache.http.client.protocol.RequestAddCookies - CookieSpec selected: default
17:27:18.842 [Forwarding newSession on session null to remote] DEBUG org.apache.http.client.protocol.RequestAuthCache - Auth cache not set in the context
17:27:18.842 [Forwarding newSession on session null to remote] DEBUG org.apache.http.impl.conn.PoolingHttpClientConnectionManager - Connection request: [route: {}->http://localhost:4723][total kept alive: 1; route allocated: 1 of 2000; total allocated: 1 of 2000]
17:27:18.842 [Forwarding newSession on session null to remote] DEBUG org.apache.http.impl.conn.PoolingHttpClientConnectionManager - Connection leased: [id: 0][route: {}->http://localhost:4723][total kept alive: 0; route allocated: 1 of 2000; total allocated: 1 of 2000]
17:27:18.842 [Forwarding newSession on session null to remote] DEBUG org.apache.http.impl.conn.DefaultManagedHttpClientConnection - http-outgoing-0: set socket timeout to 0
17:27:18.842 [Forwarding newSession on session null to remote] DEBUG org.apache.http.impl.conn.DefaultManagedHttpClientConnection - http-outgoing-0: set socket timeout to 10800000
17:27:18.842 [Forwarding newSession on session null to remote] DEBUG org.apache.http.impl.execchain.MainClientExec - Executing request POST /wd/hub/session HTTP/1.1
17:27:18.842 [Forwarding newSession on session null to remote] DEBUG org.apache.http.impl.execchain.MainClientExec - Target auth state: UNCHALLENGED
17:27:18.842 [Forwarding newSession on session null to remote] DEBUG org.apache.http.impl.execchain.MainClientExec - Proxy auth state: UNCHALLENGED
17:27:18.842 [Forwarding newSession on session null to remote] DEBUG org.apache.http.headers - http-outgoing-0 >> POST /wd/hub/session HTTP/1.1
17:27:18.843 [Forwarding newSession on session null to remote] DEBUG org.apache.http.headers - http-outgoing-0 >> Content-Type: application/json; charset=utf-8
17:27:18.843 [Forwarding newSession on session null to remote] DEBUG org.apache.http.headers - http-outgoing-0 >> User-Agent: selenium/3.14.0 (java mac)
17:27:18.843 [Forwarding newSession on session null to remote] DEBUG org.apache.http.headers - http-outgoing-0 >> Content-Length: 364
17:27:18.843 [Forwarding newSession on session null to remote] DEBUG org.apache.http.headers - http-outgoing-0 >> Host: localhost:4723
17:27:18.843 [Forwarding newSession on session null to remote] DEBUG org.apache.http.headers - http-outgoing-0 >> Connection: Keep-Alive
17:27:18.843 [Forwarding newSession on session null to remote] DEBUG org.apache.http.headers - http-outgoing-0 >> Accept-Encoding: gzip,deflate
17:27:18.843 [Forwarding newSession on session null to remote] DEBUG org.apache.http.wire - http-outgoing-0 >> "POST /wd/hub/session HTTP/1.1[\r][\n]"
17:27:18.843 [Forwarding newSession on session null to remote] DEBUG org.apache.http.wire - http-outgoing-0 >> "Content-Type: application/json; charset=utf-8[\r][\n]"
17:27:18.843 [Forwarding newSession on session null to remote] DEBUG org.apache.http.wire - http-outgoing-0 >> "User-Agent: selenium/3.14.0 (java mac)[\r][\n]"
17:27:18.843 [Forwarding newSession on session null to remote] DEBUG org.apache.http.wire - http-outgoing-0 >> "Content-Length: 364[\r][\n]"
17:27:18.843 [Forwarding newSession on session null to remote] DEBUG org.apache.http.wire - http-outgoing-0 >> "Host: localhost:4723[\r][\n]"
17:27:18.843 [Forwarding newSession on session null to remote] DEBUG org.apache.http.wire - http-outgoing-0 >> "Connection: Keep-Alive[\r][\n]"
17:27:18.843 [Forwarding newSession on session null to remote] DEBUG org.apache.http.wire - http-outgoing-0 >> "Accept-Encoding: gzip,deflate[\r][\n]"
17:27:18.843 [Forwarding newSession on session null to remote] DEBUG org.apache.http.wire - http-outgoing-0 >> "[\r][\n]"
17:27:18.843 [Forwarding newSession on session null to remote] DEBUG org.apache.http.wire - http-outgoing-0 >> "{[\n]"
17:27:18.843 [Forwarding newSession on session null to remote] DEBUG org.apache.http.wire - http-outgoing-0 >> "  "desiredCapabilities": {[\n]"
17:27:18.843 [Forwarding newSession on session null to remote] DEBUG org.apache.http.wire - http-outgoing-0 >> "    "appActivity": ".activity.HomeActivity",[\n]"
17:27:18.843 [Forwarding newSession on session null to remote] DEBUG org.apache.http.wire - http-outgoing-0 >> "    "appPackage": "com.todoist",[\n]"
17:27:18.843 [Forwarding newSession on session null to remote] DEBUG org.apache.http.wire - http-outgoing-0 >> "    "reportDirectory": "reports",[\n]"
17:27:18.843 [Forwarding newSession on session null to remote] DEBUG org.apache.http.wire - http-outgoing-0 >> "    "reportFormat": "xml",[\n]"
17:27:18.843 [Forwarding newSession on session null to remote] DEBUG org.apache.http.wire - http-outgoing-0 >> "    "platformName": "Android",[\n]"
17:27:18.843 [Forwarding newSession on session null to remote] DEBUG org.apache.http.wire - http-outgoing-0 >> "    "udid": "3ST0219301001652",[\n]"
17:27:18.843 [Forwarding newSession on session null to remote] DEBUG org.apache.http.wire - http-outgoing-0 >> "    "testName": "Untitled"[\n]"
17:27:18.843 [Forwarding newSession on session null to remote] DEBUG org.apache.http.wire - http-outgoing-0 >> "  },[\n]"
17:27:18.843 [Forwarding newSession on session null to remote] DEBUG org.apache.http.wire - http-outgoing-0 >> "  "capabilities": {[\n]"
17:27:18.843 [Forwarding newSession on session null to remote] DEBUG org.apache.http.wire - http-outgoing-0 >> "    "firstMatch": [[\n]"
17:27:18.843 [Forwarding newSession on session null to remote] DEBUG org.apache.http.wire - http-outgoing-0 >> "      {[\n]"
17:27:18.843 [Forwarding newSession on session null to remote] DEBUG org.apache.http.wire - http-outgoing-0 >> "        "platformName": "android"[\n]"
17:27:18.843 [Forwarding newSession on session null to remote] DEBUG org.apache.http.wire - http-outgoing-0 >> "      }[\n]"
17:27:18.843 [Forwarding newSession on session null to remote] DEBUG org.apache.http.wire - http-outgoing-0 >> "    ][\n]"
17:27:18.843 [Forwarding newSession on session null to remote] DEBUG org.apache.http.wire - http-outgoing-0 >> "  }[\n]"
17:27:18.843 [Forwarding newSession on session null to remote] DEBUG org.apache.http.wire - http-outgoing-0 >> "}"
17:27:22.820 [Forwarding newSession on session null to remote] DEBUG org.apache.http.wire - http-outgoing-0 << "HTTP/1.1 200 OK[\r][\n]"
17:27:22.821 [Forwarding newSession on session null to remote] DEBUG org.apache.http.wire - http-outgoing-0 << "Server: Restlet-Framework/2.3.9[\r][\n]"
17:27:22.822 [Forwarding newSession on session null to remote] DEBUG org.apache.http.wire - http-outgoing-0 << "Date: Fri, 29 Mar 2019 09:27:22 GMT[\r][\n]"
17:27:22.822 [Forwarding newSession on session null to remote] DEBUG org.apache.http.wire - http-outgoing-0 << "Content-type: application/json; charset=UTF-8[\r][\n]"
17:27:22.823 [Forwarding newSession on session null to remote] DEBUG org.apache.http.wire - http-outgoing-0 << "Content-length: 1314[\r][\n]"
17:27:22.823 [Forwarding newSession on session null to remote] DEBUG org.apache.http.wire - http-outgoing-0 << "[\r][\n]"
17:27:22.823 [Forwarding newSession on session null to remote] DEBUG org.apache.http.headers - http-outgoing-0 << HTTP/1.1 200 OK
17:27:22.823 [Forwarding newSession on session null to remote] DEBUG org.apache.http.headers - http-outgoing-0 << Server: Restlet-Framework/2.3.9
17:27:22.823 [Forwarding newSession on session null to remote] DEBUG org.apache.http.headers - http-outgoing-0 << Date: Fri, 29 Mar 2019 09:27:22 GMT
17:27:22.823 [Forwarding newSession on session null to remote] DEBUG org.apache.http.headers - http-outgoing-0 << Content-type: application/json; charset=UTF-8
17:27:22.823 [Forwarding newSession on session null to remote] DEBUG org.apache.http.headers - http-outgoing-0 << Content-length: 1314
17:27:22.823 [Forwarding newSession on session null to remote] DEBUG org.apache.http.impl.execchain.MainClientExec - Connection can be kept alive indefinitely
17:27:22.824 [Forwarding newSession on session null to remote] DEBUG org.apache.http.wire - http-outgoing-0 << "{"sessionId":"cbc47d66-a20a-4882-8c62-8d9d7e31a08e","value":{"appPackage":"com.todoist","device.majorVersion":"9","dontGoHomeOnQuit":false,"device.os":"Android","noReset":false,"dontStopAppOnReset":false,"reservationDuration":240,"reportFormat":"xml","fullReset":false,"deviceUDID":"3ST0219301001652","install.only.for.update":false,"desired":{"appActivity":".activity.HomeActivity","appPackage":"com.todoist","reportDirectory":"reports","reportFormat":"xml","platformName":"Android","udid":"3ST0219301001652","testName":"Untitled"},"device.serialNumber":"3ST0219301001652","locationServicesAuthorized":false,"device.version":"9","reportDirectory":"reports","autoWebview":false,"platformName":"Android","udid":"3ST0219301001652","testName":"Untitled","device.screenSize":"1080x2244","useKeystore":false,"test.type":"Mobile","device.manufacture":"HUAWEI","instrumentApp":false,"appiumVersion":"1.8.0","device.category":"PHONE","autoDismissAlerts":false,"reportUrl":"/Users/TestTeam/appiumstudio-reports/reports/test801","newSessionWaitTimeout":300,"keystorePath":"~/.android/debug.keystore","appActivity":".activity.HomeActivity","waitForDeviceTimeout":120000,"device.model":"HMA-L29","device.name":"HMA-L29","autoGrantPermissions":false,"takeScreenshots":true,"projectName":"","autoAcceptAlerts":false},"status":0}"
17:27:22.824 [Forwarding newSession on session null to remote] DEBUG org.apache.http.impl.conn.PoolingHttpClientConnectionManager - Connection [id: 0][route: {}->http://localhost:4723] can be kept alive indefinitely
17:27:22.824 [Forwarding newSession on session null to remote] DEBUG org.apache.http.impl.conn.DefaultManagedHttpClientConnection - http-outgoing-0: set socket timeout to 0
17:27:22.824 [Forwarding newSession on session null to remote] DEBUG org.apache.http.impl.conn.PoolingHttpClientConnectionManager - Connection released: [id: 0][route: {}->http://localhost:4723][total kept alive: 1; route allocated: 1 of 2000; total allocated: 1 of 2000]
17:27:22.829 [Forwarding quit on session cbc47d66-a20a-4882-8c62-8d9d7e31a08e to remote] DEBUG org.apache.http.client.protocol.RequestAddCookies - CookieSpec selected: default
17:27:22.829 [Forwarding quit on session cbc47d66-a20a-4882-8c62-8d9d7e31a08e to remote] DEBUG org.apache.http.client.protocol.RequestAuthCache - Auth cache not set in the context
17:27:22.829 [Forwarding quit on session cbc47d66-a20a-4882-8c62-8d9d7e31a08e to remote] DEBUG org.apache.http.impl.conn.PoolingHttpClientConnectionManager - Connection request: [route: {}->http://localhost:4723][total kept alive: 1; route allocated: 1 of 2000; total allocated: 1 of 2000]
17:27:22.829 [Forwarding quit on session cbc47d66-a20a-4882-8c62-8d9d7e31a08e to remote] DEBUG org.apache.http.impl.conn.PoolingHttpClientConnectionManager - Connection leased: [id: 0][route: {}->http://localhost:4723][total kept alive: 0; route allocated: 1 of 2000; total allocated: 1 of 2000]
17:27:22.829 [Forwarding quit on session cbc47d66-a20a-4882-8c62-8d9d7e31a08e to remote] DEBUG org.apache.http.impl.conn.DefaultManagedHttpClientConnection - http-outgoing-0: set socket timeout to 0
17:27:22.829 [Forwarding quit on session cbc47d66-a20a-4882-8c62-8d9d7e31a08e to remote] DEBUG org.apache.http.impl.conn.DefaultManagedHttpClientConnection - http-outgoing-0: set socket timeout to 10800000
17:27:22.829 [Forwarding quit on session cbc47d66-a20a-4882-8c62-8d9d7e31a08e to remote] DEBUG org.apache.http.impl.execchain.MainClientExec - Executing request DELETE /wd/hub/session/cbc47d66-a20a-4882-8c62-8d9d7e31a08e HTTP/1.1
17:27:22.829 [Forwarding quit on session cbc47d66-a20a-4882-8c62-8d9d7e31a08e to remote] DEBUG org.apache.http.impl.execchain.MainClientExec - Target auth state: UNCHALLENGED
17:27:22.829 [Forwarding quit on session cbc47d66-a20a-4882-8c62-8d9d7e31a08e to remote] DEBUG org.apache.http.impl.execchain.MainClientExec - Proxy auth state: UNCHALLENGED
17:27:22.829 [Forwarding quit on session cbc47d66-a20a-4882-8c62-8d9d7e31a08e to remote] DEBUG org.apache.http.headers - http-outgoing-0 >> DELETE /wd/hub/session/cbc47d66-a20a-4882-8c62-8d9d7e31a08e HTTP/1.1
17:27:22.830 [Forwarding quit on session cbc47d66-a20a-4882-8c62-8d9d7e31a08e to remote] DEBUG org.apache.http.headers - http-outgoing-0 >> User-Agent: selenium/3.14.0 (java mac)
17:27:22.830 [Forwarding quit on session cbc47d66-a20a-4882-8c62-8d9d7e31a08e to remote] DEBUG org.apache.http.headers - http-outgoing-0 >> Host: localhost:4723
17:27:22.830 [Forwarding quit on session cbc47d66-a20a-4882-8c62-8d9d7e31a08e to remote] DEBUG org.apache.http.headers - http-outgoing-0 >> Connection: Keep-Alive
17:27:22.830 [Forwarding quit on session cbc47d66-a20a-4882-8c62-8d9d7e31a08e to remote] DEBUG org.apache.http.headers - http-outgoing-0 >> Accept-Encoding: gzip,deflate
17:27:22.830 [Forwarding quit on session cbc47d66-a20a-4882-8c62-8d9d7e31a08e to remote] DEBUG org.apache.http.wire - http-outgoing-0 >> "DELETE /wd/hub/session/cbc47d66-a20a-4882-8c62-8d9d7e31a08e HTTP/1.1[\r][\n]"
17:27:22.830 [Forwarding quit on session cbc47d66-a20a-4882-8c62-8d9d7e31a08e to remote] DEBUG org.apache.http.wire - http-outgoing-0 >> "User-Agent: selenium/3.14.0 (java mac)[\r][\n]"
17:27:22.830 [Forwarding quit on session cbc47d66-a20a-4882-8c62-8d9d7e31a08e to remote] DEBUG org.apache.http.wire - http-outgoing-0 >> "Host: localhost:4723[\r][\n]"
17:27:22.830 [Forwarding quit on session cbc47d66-a20a-4882-8c62-8d9d7e31a08e to remote] DEBUG org.apache.http.wire - http-outgoing-0 >> "Connection: Keep-Alive[\r][\n]"
17:27:22.830 [Forwarding quit on session cbc47d66-a20a-4882-8c62-8d9d7e31a08e to remote] DEBUG org.apache.http.wire - http-outgoing-0 >> "Accept-Encoding: gzip,deflate[\r][\n]"
17:27:22.830 [Forwarding quit on session cbc47d66-a20a-4882-8c62-8d9d7e31a08e to remote] DEBUG org.apache.http.wire - http-outgoing-0 >> "[\r][\n]"
17:27:24.663 [Forwarding quit on session cbc47d66-a20a-4882-8c62-8d9d7e31a08e to remote] DEBUG org.apache.http.wire - http-outgoing-0 << "HTTP/1.1 200 OK[\r][\n]"
17:27:24.664 [Forwarding quit on session cbc47d66-a20a-4882-8c62-8d9d7e31a08e to remote] DEBUG org.apache.http.wire - http-outgoing-0 << "Server: Restlet-Framework/2.3.9[\r][\n]"
17:27:24.664 [Forwarding quit on session cbc47d66-a20a-4882-8c62-8d9d7e31a08e to remote] DEBUG org.apache.http.wire - http-outgoing-0 << "Date: Fri, 29 Mar 2019 09:27:24 GMT[\r][\n]"
17:27:24.664 [Forwarding quit on session cbc47d66-a20a-4882-8c62-8d9d7e31a08e to remote] DEBUG org.apache.http.wire - http-outgoing-0 << "Content-type: application/json; charset=UTF-8[\r][\n]"
17:27:24.664 [Forwarding quit on session cbc47d66-a20a-4882-8c62-8d9d7e31a08e to remote] DEBUG org.apache.http.wire - http-outgoing-0 << "Content-length: 74[\r][\n]"
17:27:24.664 [Forwarding quit on session cbc47d66-a20a-4882-8c62-8d9d7e31a08e to remote] DEBUG org.apache.http.wire - http-outgoing-0 << "[\r][\n]"
17:27:24.665 [Forwarding quit on session cbc47d66-a20a-4882-8c62-8d9d7e31a08e to remote] DEBUG org.apache.http.headers - http-outgoing-0 << HTTP/1.1 200 OK
17:27:24.665 [Forwarding quit on session cbc47d66-a20a-4882-8c62-8d9d7e31a08e to remote] DEBUG org.apache.http.headers - http-outgoing-0 << Server: Restlet-Framework/2.3.9
17:27:24.665 [Forwarding quit on session cbc47d66-a20a-4882-8c62-8d9d7e31a08e to remote] DEBUG org.apache.http.headers - http-outgoing-0 << Date: Fri, 29 Mar 2019 09:27:24 GMT
17:27:24.665 [Forwarding quit on session cbc47d66-a20a-4882-8c62-8d9d7e31a08e to remote] DEBUG org.apache.http.headers - http-outgoing-0 << Content-type: application/json; charset=UTF-8
17:27:24.665 [Forwarding quit on session cbc47d66-a20a-4882-8c62-8d9d7e31a08e to remote] DEBUG org.apache.http.headers - http-outgoing-0 << Content-length: 74
17:27:24.665 [Forwarding quit on session cbc47d66-a20a-4882-8c62-8d9d7e31a08e to remote] DEBUG org.apache.http.impl.execchain.MainClientExec - Connection can be kept alive indefinitely
17:27:24.665 [Forwarding quit on session cbc47d66-a20a-4882-8c62-8d9d7e31a08e to remote] DEBUG org.apache.http.wire - http-outgoing-0 << "{"sessionId":"cbc47d66-a20a-4882-8c62-8d9d7e31a08e","value":"","status":0}"
17:27:24.666 [Forwarding quit on session cbc47d66-a20a-4882-8c62-8d9d7e31a08e to remote] DEBUG org.apache.http.impl.conn.PoolingHttpClientConnectionManager - Connection [id: 0][route: {}->http://localhost:4723] can be kept alive indefinitely
17:27:24.666 [Forwarding quit on session cbc47d66-a20a-4882-8c62-8d9d7e31a08e to remote] DEBUG org.apache.http.impl.conn.DefaultManagedHttpClientConnection - http-outgoing-0: set socket timeout to 0
17:27:24.666 [Forwarding quit on session cbc47d66-a20a-4882-8c62-8d9d7e31a08e to remote] DEBUG org.apache.http.impl.conn.PoolingHttpClientConnectionManager - Connection released: [id: 0][route: {}->http://localhost:4723][total kept alive: 1; route allocated: 1 of 2000; total allocated: 1 of 2000]
17:27:24.667 [Forwarding quit on session cbc47d66-a20a-4882-8c62-8d9d7e31a08e to remote] DEBUG org.apache.http.impl.conn.PoolingHttpClientConnectionManager - Closing connections idle longer than 0 SECONDS
17:27:24.680 [Forwarding newSession on session null to remote] DEBUG org.apache.http.client.protocol.RequestAddCookies - CookieSpec selected: default
17:27:24.681 [Forwarding newSession on session null to remote] DEBUG org.apache.http.client.protocol.RequestAuthCache - Auth cache not set in the context
17:27:24.681 [Forwarding newSession on session null to remote] DEBUG org.apache.http.impl.conn.PoolingHttpClientConnectionManager - Connection request: [route: {}->http://localhost:4723][total kept alive: 1; route allocated: 1 of 2000; total allocated: 1 of 2000]
17:27:24.681 [Forwarding newSession on session null to remote] DEBUG org.apache.http.impl.conn.PoolingHttpClientConnectionManager - Connection leased: [id: 0][route: {}->http://localhost:4723][total kept alive: 0; route allocated: 1 of 2000; total allocated: 1 of 2000]
17:27:24.681 [Forwarding newSession on session null to remote] DEBUG org.apache.http.impl.conn.DefaultManagedHttpClientConnection - http-outgoing-0: set socket timeout to 0
17:27:24.681 [Forwarding newSession on session null to remote] DEBUG org.apache.http.impl.conn.DefaultManagedHttpClientConnection - http-outgoing-0: set socket timeout to 10800000
17:27:24.681 [Forwarding newSession on session null to remote] DEBUG org.apache.http.impl.execchain.MainClientExec - Executing request POST /wd/hub/session HTTP/1.1
17:27:24.681 [Forwarding newSession on session null to remote] DEBUG org.apache.http.impl.execchain.MainClientExec - Target auth state: UNCHALLENGED
17:27:24.681 [Forwarding newSession on session null to remote] DEBUG org.apache.http.impl.execchain.MainClientExec - Proxy auth state: UNCHALLENGED
17:27:24.681 [Forwarding newSession on session null to remote] DEBUG org.apache.http.headers - http-outgoing-0 >> POST /wd/hub/session HTTP/1.1
17:27:24.681 [Forwarding newSession on session null to remote] DEBUG org.apache.http.headers - http-outgoing-0 >> Content-Type: application/json; charset=utf-8
17:27:24.681 [Forwarding newSession on session null to remote] DEBUG org.apache.http.headers - http-outgoing-0 >> User-Agent: selenium/3.14.0 (java mac)
17:27:24.681 [Forwarding newSession on session null to remote] DEBUG org.apache.http.headers - http-outgoing-0 >> Content-Length: 364
17:27:24.681 [Forwarding newSession on session null to remote] DEBUG org.apache.http.headers - http-outgoing-0 >> Host: localhost:4723
17:27:24.681 [Forwarding newSession on session null to remote] DEBUG org.apache.http.headers - http-outgoing-0 >> Connection: Keep-Alive
17:27:24.681 [Forwarding newSession on session null to remote] DEBUG org.apache.http.headers - http-outgoing-0 >> Accept-Encoding: gzip,deflate
17:27:24.681 [Forwarding newSession on session null to remote] DEBUG org.apache.http.wire - http-outgoing-0 >> "POST /wd/hub/session HTTP/1.1[\r][\n]"
17:27:24.681 [Forwarding newSession on session null to remote] DEBUG org.apache.http.wire - http-outgoing-0 >> "Content-Type: application/json; charset=utf-8[\r][\n]"
17:27:24.681 [Forwarding newSession on session null to remote] DEBUG org.apache.http.wire - http-outgoing-0 >> "User-Agent: selenium/3.14.0 (java mac)[\r][\n]"
17:27:24.681 [Forwarding newSession on session null to remote] DEBUG org.apache.http.wire - http-outgoing-0 >> "Content-Length: 364[\r][\n]"
17:27:24.681 [Forwarding newSession on session null to remote] DEBUG org.apache.http.wire - http-outgoing-0 >> "Host: localhost:4723[\r][\n]"
17:27:24.681 [Forwarding newSession on session null to remote] DEBUG org.apache.http.wire - http-outgoing-0 >> "Connection: Keep-Alive[\r][\n]"
17:27:24.681 [Forwarding newSession on session null to remote] DEBUG org.apache.http.wire - http-outgoing-0 >> "Accept-Encoding: gzip,deflate[\r][\n]"
17:27:24.681 [Forwarding newSession on session null to remote] DEBUG org.apache.http.wire - http-outgoing-0 >> "[\r][\n]"
17:27:24.681 [Forwarding newSession on session null to remote] DEBUG org.apache.http.wire - http-outgoing-0 >> "{[\n]"
17:27:24.681 [Forwarding newSession on session null to remote] DEBUG org.apache.http.wire - http-outgoing-0 >> "  "desiredCapabilities": {[\n]"
17:27:24.681 [Forwarding newSession on session null to remote] DEBUG org.apache.http.wire - http-outgoing-0 >> "    "appActivity": ".activity.HomeActivity",[\n]"
17:27:24.681 [Forwarding newSession on session null to remote] DEBUG org.apache.http.wire - http-outgoing-0 >> "    "appPackage": "com.todoist",[\n]"
17:27:24.681 [Forwarding newSession on session null to remote] DEBUG org.apache.http.wire - http-outgoing-0 >> "    "reportDirectory": "reports",[\n]"
17:27:24.681 [Forwarding newSession on session null to remote] DEBUG org.apache.http.wire - http-outgoing-0 >> "    "reportFormat": "xml",[\n]"
17:27:24.681 [Forwarding newSession on session null to remote] DEBUG org.apache.http.wire - http-outgoing-0 >> "    "platformName": "Android",[\n]"
17:27:24.681 [Forwarding newSession on session null to remote] DEBUG org.apache.http.wire - http-outgoing-0 >> "    "udid": "3ST0219301001652",[\n]"
17:27:24.684 [Forwarding newSession on session null to remote] DEBUG org.apache.http.wire - http-outgoing-0 >> "    "testName": "Untitled"[\n]"
17:27:24.684 [Forwarding newSession on session null to remote] DEBUG org.apache.http.wire - http-outgoing-0 >> "  },[\n]"
17:27:24.684 [Forwarding newSession on session null to remote] DEBUG org.apache.http.wire - http-outgoing-0 >> "  "capabilities": {[\n]"
17:27:24.684 [Forwarding newSession on session null to remote] DEBUG org.apache.http.wire - http-outgoing-0 >> "    "firstMatch": [[\n]"
17:27:24.684 [Forwarding newSession on session null to remote] DEBUG org.apache.http.wire - http-outgoing-0 >> "      {[\n]"
17:27:24.684 [Forwarding newSession on session null to remote] DEBUG org.apache.http.wire - http-outgoing-0 >> "        "platformName": "android"[\n]"
17:27:24.684 [Forwarding newSession on session null to remote] DEBUG org.apache.http.wire - http-outgoing-0 >> "      }[\n]"
17:27:24.684 [Forwarding newSession on session null to remote] DEBUG org.apache.http.wire - http-outgoing-0 >> "    ][\n]"
17:27:24.684 [Forwarding newSession on session null to remote] DEBUG org.apache.http.wire - http-outgoing-0 >> "  }[\n]"
17:27:24.684 [Forwarding newSession on session null to remote] DEBUG org.apache.http.wire - http-outgoing-0 >> "}"
17:27:28.702 [Forwarding newSession on session null to remote] DEBUG org.apache.http.wire - http-outgoing-0 << "HTTP/1.1 200 OK[\r][\n]"
17:27:28.703 [Forwarding newSession on session null to remote] DEBUG org.apache.http.wire - http-outgoing-0 << "Server: Restlet-Framework/2.3.9[\r][\n]"
17:27:28.703 [Forwarding newSession on session null to remote] DEBUG org.apache.http.wire - http-outgoing-0 << "Date: Fri, 29 Mar 2019 09:27:28 GMT[\r][\n]"
17:27:28.703 [Forwarding newSession on session null to remote] DEBUG org.apache.http.wire - http-outgoing-0 << "Content-type: application/json; charset=UTF-8[\r][\n]"
17:27:28.703 [Forwarding newSession on session null to remote] DEBUG org.apache.http.wire - http-outgoing-0 << "Content-length: 1314[\r][\n]"
17:27:28.703 [Forwarding newSession on session null to remote] DEBUG org.apache.http.wire - http-outgoing-0 << "[\r][\n]"
17:27:28.703 [Forwarding newSession on session null to remote] DEBUG org.apache.http.headers - http-outgoing-0 << HTTP/1.1 200 OK
17:27:28.703 [Forwarding newSession on session null to remote] DEBUG org.apache.http.headers - http-outgoing-0 << Server: Restlet-Framework/2.3.9
17:27:28.703 [Forwarding newSession on session null to remote] DEBUG org.apache.http.headers - http-outgoing-0 << Date: Fri, 29 Mar 2019 09:27:28 GMT
17:27:28.703 [Forwarding newSession on session null to remote] DEBUG org.apache.http.headers - http-outgoing-0 << Content-type: application/json; charset=UTF-8
17:27:28.703 [Forwarding newSession on session null to remote] DEBUG org.apache.http.headers - http-outgoing-0 << Content-length: 1314
17:27:28.703 [Forwarding newSession on session null to remote] DEBUG org.apache.http.impl.execchain.MainClientExec - Connection can be kept alive indefinitely
17:27:28.704 [Forwarding newSession on session null to remote] DEBUG org.apache.http.wire - http-outgoing-0 << "{"sessionId":"7f66b33b-1d25-41ec-8fbe-6088f92a4903","value":{"appPackage":"com.todoist","device.majorVersion":"9","dontGoHomeOnQuit":false,"device.os":"Android","noReset":false,"dontStopAppOnReset":false,"reservationDuration":240,"reportFormat":"xml","fullReset":false,"deviceUDID":"3ST0219301001652","install.only.for.update":false,"desired":{"appActivity":".activity.HomeActivity","appPackage":"com.todoist","reportDirectory":"reports","reportFormat":"xml","platformName":"Android","udid":"3ST0219301001652","testName":"Untitled"},"device.serialNumber":"3ST0219301001652","locationServicesAuthorized":false,"device.version":"9","reportDirectory":"reports","autoWebview":false,"platformName":"Android","udid":"3ST0219301001652","testName":"Untitled","device.screenSize":"1080x2244","useKeystore":false,"test.type":"Mobile","device.manufacture":"HUAWEI","instrumentApp":false,"appiumVersion":"1.8.0","device.category":"PHONE","autoDismissAlerts":false,"reportUrl":"/Users/TestTeam/appiumstudio-reports/reports/test802","newSessionWaitTimeout":300,"keystorePath":"~/.android/debug.keystore","appActivity":".activity.HomeActivity","waitForDeviceTimeout":120000,"device.model":"HMA-L29","device.name":"HMA-L29","autoGrantPermissions":false,"takeScreenshots":true,"projectName":"","autoAcceptAlerts":false},"status":0}"
17:27:28.704 [Forwarding newSession on session null to remote] DEBUG org.apache.http.impl.conn.PoolingHttpClientConnectionManager - Connection [id: 0][route: {}->http://localhost:4723] can be kept alive indefinitely
17:27:28.704 [Forwarding newSession on session null to remote] DEBUG org.apache.http.impl.conn.DefaultManagedHttpClientConnection - http-outgoing-0: set socket timeout to 0
17:27:28.704 [Forwarding newSession on session null to remote] DEBUG org.apache.http.impl.conn.PoolingHttpClientConnectionManager - Connection released: [id: 0][route: {}->http://localhost:4723][total kept alive: 1; route allocated: 1 of 2000; total allocated: 1 of 2000]
17:27:28.713 [Forwarding quit on session 7f66b33b-1d25-41ec-8fbe-6088f92a4903 to remote] DEBUG org.apache.http.client.protocol.RequestAddCookies - CookieSpec selected: default
17:27:28.713 [Forwarding quit on session 7f66b33b-1d25-41ec-8fbe-6088f92a4903 to remote] DEBUG org.apache.http.client.protocol.RequestAuthCache - Auth cache not set in the context
17:27:28.713 [Forwarding quit on session 7f66b33b-1d25-41ec-8fbe-6088f92a4903 to remote] DEBUG org.apache.http.impl.conn.PoolingHttpClientConnectionManager - Connection request: [route: {}->http://localhost:4723][total kept alive: 1; route allocated: 1 of 2000; total allocated: 1 of 2000]
17:27:28.713 [Forwarding quit on session 7f66b33b-1d25-41ec-8fbe-6088f92a4903 to remote] DEBUG org.apache.http.impl.conn.PoolingHttpClientConnectionManager - Connection leased: [id: 0][route: {}->http://localhost:4723][total kept alive: 0; route allocated: 1 of 2000; total allocated: 1 of 2000]
17:27:28.713 [Forwarding quit on session 7f66b33b-1d25-41ec-8fbe-6088f92a4903 to remote] DEBUG org.apache.http.impl.conn.DefaultManagedHttpClientConnection - http-outgoing-0: set socket timeout to 0
17:27:28.713 [Forwarding quit on session 7f66b33b-1d25-41ec-8fbe-6088f92a4903 to remote] DEBUG org.apache.http.impl.conn.DefaultManagedHttpClientConnection - http-outgoing-0: set socket timeout to 10800000
17:27:28.713 [Forwarding quit on session 7f66b33b-1d25-41ec-8fbe-6088f92a4903 to remote] DEBUG org.apache.http.impl.execchain.MainClientExec - Executing request DELETE /wd/hub/session/7f66b33b-1d25-41ec-8fbe-6088f92a4903 HTTP/1.1
17:27:28.713 [Forwarding quit on session 7f66b33b-1d25-41ec-8fbe-6088f92a4903 to remote] DEBUG org.apache.http.impl.execchain.MainClientExec - Target auth state: UNCHALLENGED
17:27:28.713 [Forwarding quit on session 7f66b33b-1d25-41ec-8fbe-6088f92a4903 to remote] DEBUG org.apache.http.impl.execchain.MainClientExec - Proxy auth state: UNCHALLENGED
17:27:28.713 [Forwarding quit on session 7f66b33b-1d25-41ec-8fbe-6088f92a4903 to remote] DEBUG org.apache.http.headers - http-outgoing-0 >> DELETE /wd/hub/session/7f66b33b-1d25-41ec-8fbe-6088f92a4903 HTTP/1.1
17:27:28.713 [Forwarding quit on session 7f66b33b-1d25-41ec-8fbe-6088f92a4903 to remote] DEBUG org.apache.http.headers - http-outgoing-0 >> User-Agent: selenium/3.14.0 (java mac)
17:27:28.713 [Forwarding quit on session 7f66b33b-1d25-41ec-8fbe-6088f92a4903 to remote] DEBUG org.apache.http.headers - http-outgoing-0 >> Host: localhost:4723
17:27:28.713 [Forwarding quit on session 7f66b33b-1d25-41ec-8fbe-6088f92a4903 to remote] DEBUG org.apache.http.headers - http-outgoing-0 >> Connection: Keep-Alive
17:27:28.713 [Forwarding quit on session 7f66b33b-1d25-41ec-8fbe-6088f92a4903 to remote] DEBUG org.apache.http.headers - http-outgoing-0 >> Accept-Encoding: gzip,deflate
17:27:28.713 [Forwarding quit on session 7f66b33b-1d25-41ec-8fbe-6088f92a4903 to remote] DEBUG org.apache.http.wire - http-outgoing-0 >> "DELETE /wd/hub/session/7f66b33b-1d25-41ec-8fbe-6088f92a4903 HTTP/1.1[\r][\n]"
17:27:28.714 [Forwarding quit on session 7f66b33b-1d25-41ec-8fbe-6088f92a4903 to remote] DEBUG org.apache.http.wire - http-outgoing-0 >> "User-Agent: selenium/3.14.0 (java mac)[\r][\n]"
17:27:28.714 [Forwarding quit on session 7f66b33b-1d25-41ec-8fbe-6088f92a4903 to remote] DEBUG org.apache.http.wire - http-outgoing-0 >> "Host: localhost:4723[\r][\n]"
17:27:28.714 [Forwarding quit on session 7f66b33b-1d25-41ec-8fbe-6088f92a4903 to remote] DEBUG org.apache.http.wire - http-outgoing-0 >> "Connection: Keep-Alive[\r][\n]"
17:27:28.714 [Forwarding quit on session 7f66b33b-1d25-41ec-8fbe-6088f92a4903 to remote] DEBUG org.apache.http.wire - http-outgoing-0 >> "Accept-Encoding: gzip,deflate[\r][\n]"
17:27:28.715 [Forwarding quit on session 7f66b33b-1d25-41ec-8fbe-6088f92a4903 to remote] DEBUG org.apache.http.wire - http-outgoing-0 >> "[\r][\n]"
17:27:30.386 [Forwarding quit on session 7f66b33b-1d25-41ec-8fbe-6088f92a4903 to remote] DEBUG org.apache.http.wire - http-outgoing-0 << "HTTP/1.1 200 OK[\r][\n]"
17:27:30.387 [Forwarding quit on session 7f66b33b-1d25-41ec-8fbe-6088f92a4903 to remote] DEBUG org.apache.http.wire - http-outgoing-0 << "Server: Restlet-Framework/2.3.9[\r][\n]"
17:27:30.387 [Forwarding quit on session 7f66b33b-1d25-41ec-8fbe-6088f92a4903 to remote] DEBUG org.apache.http.wire - http-outgoing-0 << "Date: Fri, 29 Mar 2019 09:27:30 GMT[\r][\n]"
17:27:30.387 [Forwarding quit on session 7f66b33b-1d25-41ec-8fbe-6088f92a4903 to remote] DEBUG org.apache.http.wire - http-outgoing-0 << "Content-type: application/json; charset=UTF-8[\r][\n]"
17:27:30.387 [Forwarding quit on session 7f66b33b-1d25-41ec-8fbe-6088f92a4903 to remote] DEBUG org.apache.http.wire - http-outgoing-0 << "Content-length: 74[\r][\n]"
17:27:30.387 [Forwarding quit on session 7f66b33b-1d25-41ec-8fbe-6088f92a4903 to remote] DEBUG org.apache.http.wire - http-outgoing-0 << "[\r][\n]"
17:27:30.387 [Forwarding quit on session 7f66b33b-1d25-41ec-8fbe-6088f92a4903 to remote] DEBUG org.apache.http.headers - http-outgoing-0 << HTTP/1.1 200 OK
17:27:30.387 [Forwarding quit on session 7f66b33b-1d25-41ec-8fbe-6088f92a4903 to remote] DEBUG org.apache.http.headers - http-outgoing-0 << Server: Restlet-Framework/2.3.9
17:27:30.387 [Forwarding quit on session 7f66b33b-1d25-41ec-8fbe-6088f92a4903 to remote] DEBUG org.apache.http.headers - http-outgoing-0 << Date: Fri, 29 Mar 2019 09:27:30 GMT
17:27:30.387 [Forwarding quit on session 7f66b33b-1d25-41ec-8fbe-6088f92a4903 to remote] DEBUG org.apache.http.headers - http-outgoing-0 << Content-type: application/json; charset=UTF-8
17:27:30.387 [Forwarding quit on session 7f66b33b-1d25-41ec-8fbe-6088f92a4903 to remote] DEBUG org.apache.http.headers - http-outgoing-0 << Content-length: 74
17:27:30.388 [Forwarding quit on session 7f66b33b-1d25-41ec-8fbe-6088f92a4903 to remote] DEBUG org.apache.http.impl.execchain.MainClientExec - Connection can be kept alive indefinitely
17:27:30.389 [Forwarding quit on session 7f66b33b-1d25-41ec-8fbe-6088f92a4903 to remote] DEBUG org.apache.http.wire - http-outgoing-0 << "{"sessionId":"7f66b33b-1d25-41ec-8fbe-6088f92a4903","value":"","status":0}"
17:27:30.390 [Forwarding quit on session 7f66b33b-1d25-41ec-8fbe-6088f92a4903 to remote] DEBUG org.apache.http.impl.conn.PoolingHttpClientConnectionManager - Connection [id: 0][route: {}->http://localhost:4723] can be kept alive indefinitely
17:27:30.390 [Forwarding quit on session 7f66b33b-1d25-41ec-8fbe-6088f92a4903 to remote] DEBUG org.apache.http.impl.conn.DefaultManagedHttpClientConnection - http-outgoing-0: set socket timeout to 0
17:27:30.390 [Forwarding quit on session 7f66b33b-1d25-41ec-8fbe-6088f92a4903 to remote] DEBUG org.apache.http.impl.conn.PoolingHttpClientConnectionManager - Connection released: [id: 0][route: {}->http://localhost:4723][total kept alive: 1; route allocated: 1 of 2000; total allocated: 1 of 2000]
17:27:30.392 [Forwarding quit on session 7f66b33b-1d25-41ec-8fbe-6088f92a4903 to remote] DEBUG org.apache.http.impl.conn.PoolingHttpClientConnectionManager - Closing connections idle longer than 0 SECONDS
17:27:30.401 [Forwarding newSession on session null to remote] DEBUG org.apache.http.client.protocol.RequestAddCookies - CookieSpec selected: default
17:27:30.401 [Forwarding newSession on session null to remote] DEBUG org.apache.http.client.protocol.RequestAuthCache - Auth cache not set in the context
17:27:30.401 [Forwarding newSession on session null to remote] DEBUG org.apache.http.impl.conn.PoolingHttpClientConnectionManager - Connection request: [route: {}->http://localhost:4723][total kept alive: 1; route allocated: 1 of 2000; total allocated: 1 of 2000]
17:27:30.401 [Forwarding newSession on session null to remote] DEBUG org.apache.http.impl.conn.PoolingHttpClientConnectionManager - Connection leased: [id: 0][route: {}->http://localhost:4723][total kept alive: 0; route allocated: 1 of 2000; total allocated: 1 of 2000]
17:27:30.401 [Forwarding newSession on session null to remote] DEBUG org.apache.http.impl.conn.DefaultManagedHttpClientConnection - http-outgoing-0: set socket timeout to 0
17:27:30.401 [Forwarding newSession on session null to remote] DEBUG org.apache.http.impl.conn.DefaultManagedHttpClientConnection - http-outgoing-0: set socket timeout to 10800000
17:27:30.402 [Forwarding newSession on session null to remote] DEBUG org.apache.http.impl.execchain.MainClientExec - Executing request POST /wd/hub/session HTTP/1.1
17:27:30.402 [Forwarding newSession on session null to remote] DEBUG org.apache.http.impl.execchain.MainClientExec - Target auth state: UNCHALLENGED
17:27:30.402 [Forwarding newSession on session null to remote] DEBUG org.apache.http.impl.execchain.MainClientExec - Proxy auth state: UNCHALLENGED
17:27:30.402 [Forwarding newSession on session null to remote] DEBUG org.apache.http.headers - http-outgoing-0 >> POST /wd/hub/session HTTP/1.1
17:27:30.402 [Forwarding newSession on session null to remote] DEBUG org.apache.http.headers - http-outgoing-0 >> Content-Type: application/json; charset=utf-8
17:27:30.402 [Forwarding newSession on session null to remote] DEBUG org.apache.http.headers - http-outgoing-0 >> User-Agent: selenium/3.14.0 (java mac)
17:27:30.402 [Forwarding newSession on session null to remote] DEBUG org.apache.http.headers - http-outgoing-0 >> Content-Length: 364
17:27:30.402 [Forwarding newSession on session null to remote] DEBUG org.apache.http.headers - http-outgoing-0 >> Host: localhost:4723
17:27:30.402 [Forwarding newSession on session null to remote] DEBUG org.apache.http.headers - http-outgoing-0 >> Connection: Keep-Alive
17:27:30.402 [Forwarding newSession on session null to remote] DEBUG org.apache.http.headers - http-outgoing-0 >> Accept-Encoding: gzip,deflate
17:27:30.402 [Forwarding newSession on session null to remote] DEBUG org.apache.http.wire - http-outgoing-0 >> "POST /wd/hub/session HTTP/1.1[\r][\n]"
17:27:30.402 [Forwarding newSession on session null to remote] DEBUG org.apache.http.wire - http-outgoing-0 >> "Content-Type: application/json; charset=utf-8[\r][\n]"
17:27:30.402 [Forwarding newSession on session null to remote] DEBUG org.apache.http.wire - http-outgoing-0 >> "User-Agent: selenium/3.14.0 (java mac)[\r][\n]"
17:27:30.402 [Forwarding newSession on session null to remote] DEBUG org.apache.http.wire - http-outgoing-0 >> "Content-Length: 364[\r][\n]"
17:27:30.402 [Forwarding newSession on session null to remote] DEBUG org.apache.http.wire - http-outgoing-0 >> "Host: localhost:4723[\r][\n]"
17:27:30.402 [Forwarding newSession on session null to remote] DEBUG org.apache.http.wire - http-outgoing-0 >> "Connection: Keep-Alive[\r][\n]"
17:27:30.402 [Forwarding newSession on session null to remote] DEBUG org.apache.http.wire - http-outgoing-0 >> "Accept-Encoding: gzip,deflate[\r][\n]"
17:27:30.402 [Forwarding newSession on session null to remote] DEBUG org.apache.http.wire - http-outgoing-0 >> "[\r][\n]"
17:27:30.402 [Forwarding newSession on session null to remote] DEBUG org.apache.http.wire - http-outgoing-0 >> "{[\n]"
17:27:30.402 [Forwarding newSession on session null to remote] DEBUG org.apache.http.wire - http-outgoing-0 >> "  "desiredCapabilities": {[\n]"
17:27:30.402 [Forwarding newSession on session null to remote] DEBUG org.apache.http.wire - http-outgoing-0 >> "    "appActivity": ".activity.HomeActivity",[\n]"
17:27:30.402 [Forwarding newSession on session null to remote] DEBUG org.apache.http.wire - http-outgoing-0 >> "    "appPackage": "com.todoist",[\n]"
17:27:30.402 [Forwarding newSession on session null to remote] DEBUG org.apache.http.wire - http-outgoing-0 >> "    "reportDirectory": "reports",[\n]"
17:27:30.402 [Forwarding newSession on session null to remote] DEBUG org.apache.http.wire - http-outgoing-0 >> "    "reportFormat": "xml",[\n]"
17:27:30.402 [Forwarding newSession on session null to remote] DEBUG org.apache.http.wire - http-outgoing-0 >> "    "platformName": "Android",[\n]"
17:27:30.402 [Forwarding newSession on session null to remote] DEBUG org.apache.http.wire - http-outgoing-0 >> "    "udid": "3ST0219301001652",[\n]"
17:27:30.402 [Forwarding newSession on session null to remote] DEBUG org.apache.http.wire - http-outgoing-0 >> "    "testName": "Untitled"[\n]"
17:27:30.402 [Forwarding newSession on session null to remote] DEBUG org.apache.http.wire - http-outgoing-0 >> "  },[\n]"
17:27:30.402 [Forwarding newSession on session null to remote] DEBUG org.apache.http.wire - http-outgoing-0 >> "  "capabilities": {[\n]"
17:27:30.402 [Forwarding newSession on session null to remote] DEBUG org.apache.http.wire - http-outgoing-0 >> "    "firstMatch": [[\n]"
17:27:30.402 [Forwarding newSession on session null to remote] DEBUG org.apache.http.wire - http-outgoing-0 >> "      {[\n]"
17:27:30.402 [Forwarding newSession on session null to remote] DEBUG org.apache.http.wire - http-outgoing-0 >> "        "platformName": "android"[\n]"
17:27:30.402 [Forwarding newSession on session null to remote] DEBUG org.apache.http.wire - http-outgoing-0 >> "      }[\n]"
17:27:30.402 [Forwarding newSession on session null to remote] DEBUG org.apache.http.wire - http-outgoing-0 >> "    ][\n]"
17:27:30.402 [Forwarding newSession on session null to remote] DEBUG org.apache.http.wire - http-outgoing-0 >> "  }[\n]"
17:27:30.402 [Forwarding newSession on session null to remote] DEBUG org.apache.http.wire - http-outgoing-0 >> "}"
17:27:34.472 [Forwarding newSession on session null to remote] DEBUG org.apache.http.wire - http-outgoing-0 << "HTTP/1.1 200 OK[\r][\n]"
17:27:34.472 [Forwarding newSession on session null to remote] DEBUG org.apache.http.wire - http-outgoing-0 << "Server: Restlet-Framework/2.3.9[\r][\n]"
17:27:34.472 [Forwarding newSession on session null to remote] DEBUG org.apache.http.wire - http-outgoing-0 << "Date: Fri, 29 Mar 2019 09:27:34 GMT[\r][\n]"
17:27:34.472 [Forwarding newSession on session null to remote] DEBUG org.apache.http.wire - http-outgoing-0 << "Content-type: application/json; charset=UTF-8[\r][\n]"
17:27:34.472 [Forwarding newSession on session null to remote] DEBUG org.apache.http.wire - http-outgoing-0 << "Content-length: 1314[\r][\n]"
17:27:34.472 [Forwarding newSession on session null to remote] DEBUG org.apache.http.wire - http-outgoing-0 << "[\r][\n]"
17:27:34.473 [Forwarding newSession on session null to remote] DEBUG org.apache.http.wire - http-outgoing-0 << "{"sessionId":"7abe9229-1805-4cf3-8ddd-26c464936dca","value":{"appPackage":"com.todoist","device.majorVersion":"9","dontGoHomeOnQuit":false,"device.os":"Android","noReset":false,"dontStopAppOnReset":false,"reservationDuration":240,"reportFormat":"xml","fullReset":false,"deviceUDID":"3ST0219301001652","install.only.for.update":false,"desired":{"appActivity":".activity.HomeActivity","appPackage":"com.todoist","reportDirectory":"reports","reportFormat":"xml","platformName":"Android","udid":"3ST0219301001652","testName":"Untitled"},"device.serialNumber":"3ST0219301001652","locationServicesAuthorized":false,"device.version":"9","reportDirectory":"reports","autoWebview":false,"platformName":"Android","udid":"3ST0219301001652","testName":"Untitled","device.screenSize":"1080x2244","useKeystore":false,"test.type":"Mobile","device.manufacture":"HUAWEI","instrumentApp":false,"appiumVersion":"1.8.0","device.category":"PHONE","autoDismissAlerts":false,"reportUrl":"/Users/TestTeam/appiumstudio-reports/reports/test803","newSessionWaitTimeout":300,"keystorePath":"~/.android/debug.keystore","appActivity":".activity.HomeActivity","waitForDeviceTimeout":120000,"device.model":"HMA-L29","device.name":"HMA-L29","autoGrantPermissions":false,"takeScreenshots":true,"projectName":"","autoAcceptAlerts":false},"status":0}"
17:27:34.473 [Forwarding newSession on session null to remote] DEBUG org.apache.http.headers - http-outgoing-0 << HTTP/1.1 200 OK
17:27:34.473 [Forwarding newSession on session null to remote] DEBUG org.apache.http.headers - http-outgoing-0 << Server: Restlet-Framework/2.3.9
17:27:34.473 [Forwarding newSession on session null to remote] DEBUG org.apache.http.headers - http-outgoing-0 << Date: Fri, 29 Mar 2019 09:27:34 GMT
17:27:34.473 [Forwarding newSession on session null to remote] DEBUG org.apache.http.headers - http-outgoing-0 << Content-type: application/json; charset=UTF-8
17:27:34.473 [Forwarding newSession on session null to remote] DEBUG org.apache.http.headers - http-outgoing-0 << Content-length: 1314
17:27:34.473 [Forwarding newSession on session null to remote] DEBUG org.apache.http.impl.execchain.MainClientExec - Connection can be kept alive indefinitely
17:27:34.473 [Forwarding newSession on session null to remote] DEBUG org.apache.http.impl.conn.PoolingHttpClientConnectionManager - Connection [id: 0][route: {}->http://localhost:4723] can be kept alive indefinitely
17:27:34.473 [Forwarding newSession on session null to remote] DEBUG org.apache.http.impl.conn.DefaultManagedHttpClientConnection - http-outgoing-0: set socket timeout to 0
17:27:34.473 [Forwarding newSession on session null to remote] DEBUG org.apache.http.impl.conn.PoolingHttpClientConnectionManager - Connection released: [id: 0][route: {}->http://localhost:4723][total kept alive: 1; route allocated: 1 of 2000; total allocated: 1 of 2000]
17:27:34.477 [Forwarding quit on session 7abe9229-1805-4cf3-8ddd-26c464936dca to remote] DEBUG org.apache.http.client.protocol.RequestAddCookies - CookieSpec selected: default
17:27:34.477 [Forwarding quit on session 7abe9229-1805-4cf3-8ddd-26c464936dca to remote] DEBUG org.apache.http.client.protocol.RequestAuthCache - Auth cache not set in the context
17:27:34.478 [Forwarding quit on session 7abe9229-1805-4cf3-8ddd-26c464936dca to remote] DEBUG org.apache.http.impl.conn.PoolingHttpClientConnectionManager - Connection request: [route: {}->http://localhost:4723][total kept alive: 1; route allocated: 1 of 2000; total allocated: 1 of 2000]
17:27:34.478 [Forwarding quit on session 7abe9229-1805-4cf3-8ddd-26c464936dca to remote] DEBUG org.apache.http.impl.conn.PoolingHttpClientConnectionManager - Connection leased: [id: 0][route: {}->http://localhost:4723][total kept alive: 0; route allocated: 1 of 2000; total allocated: 1 of 2000]
17:27:34.478 [Forwarding quit on session 7abe9229-1805-4cf3-8ddd-26c464936dca to remote] DEBUG org.apache.http.impl.conn.DefaultManagedHttpClientConnection - http-outgoing-0: set socket timeout to 0
17:27:34.478 [Forwarding quit on session 7abe9229-1805-4cf3-8ddd-26c464936dca to remote] DEBUG org.apache.http.impl.conn.DefaultManagedHttpClientConnection - http-outgoing-0: set socket timeout to 10800000
17:27:34.478 [Forwarding quit on session 7abe9229-1805-4cf3-8ddd-26c464936dca to remote] DEBUG org.apache.http.impl.execchain.MainClientExec - Executing request DELETE /wd/hub/session/7abe9229-1805-4cf3-8ddd-26c464936dca HTTP/1.1
17:27:34.478 [Forwarding quit on session 7abe9229-1805-4cf3-8ddd-26c464936dca to remote] DEBUG org.apache.http.impl.execchain.MainClientExec - Target auth state: UNCHALLENGED
17:27:34.478 [Forwarding quit on session 7abe9229-1805-4cf3-8ddd-26c464936dca to remote] DEBUG org.apache.http.impl.execchain.MainClientExec - Proxy auth state: UNCHALLENGED
17:27:34.478 [Forwarding quit on session 7abe9229-1805-4cf3-8ddd-26c464936dca to remote] DEBUG org.apache.http.headers - http-outgoing-0 >> DELETE /wd/hub/session/7abe9229-1805-4cf3-8ddd-26c464936dca HTTP/1.1
17:27:34.478 [Forwarding quit on session 7abe9229-1805-4cf3-8ddd-26c464936dca to remote] DEBUG org.apache.http.headers - http-outgoing-0 >> User-Agent: selenium/3.14.0 (java mac)
17:27:34.478 [Forwarding quit on session 7abe9229-1805-4cf3-8ddd-26c464936dca to remote] DEBUG org.apache.http.headers - http-outgoing-0 >> Host: localhost:4723
17:27:34.478 [Forwarding quit on session 7abe9229-1805-4cf3-8ddd-26c464936dca to remote] DEBUG org.apache.http.headers - http-outgoing-0 >> Connection: Keep-Alive
17:27:34.478 [Forwarding quit on session 7abe9229-1805-4cf3-8ddd-26c464936dca to remote] DEBUG org.apache.http.headers - http-outgoing-0 >> Accept-Encoding: gzip,deflate
17:27:34.478 [Forwarding quit on session 7abe9229-1805-4cf3-8ddd-26c464936dca to remote] DEBUG org.apache.http.wire - http-outgoing-0 >> "DELETE /wd/hub/session/7abe9229-1805-4cf3-8ddd-26c464936dca HTTP/1.1[\r][\n]"
17:27:34.478 [Forwarding quit on session 7abe9229-1805-4cf3-8ddd-26c464936dca to remote] DEBUG org.apache.http.wire - http-outgoing-0 >> "User-Agent: selenium/3.14.0 (java mac)[\r][\n]"
17:27:34.478 [Forwarding quit on session 7abe9229-1805-4cf3-8ddd-26c464936dca to remote] DEBUG org.apache.http.wire - http-outgoing-0 >> "Host: localhost:4723[\r][\n]"
17:27:34.478 [Forwarding quit on session 7abe9229-1805-4cf3-8ddd-26c464936dca to remote] DEBUG org.apache.http.wire - http-outgoing-0 >> "Connection: Keep-Alive[\r][\n]"
17:27:34.478 [Forwarding quit on session 7abe9229-1805-4cf3-8ddd-26c464936dca to remote] DEBUG org.apache.http.wire - http-outgoing-0 >> "Accept-Encoding: gzip,deflate[\r][\n]"
17:27:34.478 [Forwarding quit on session 7abe9229-1805-4cf3-8ddd-26c464936dca to remote] DEBUG org.apache.http.wire - http-outgoing-0 >> "[\r][\n]"
17:27:36.205 [Forwarding quit on session 7abe9229-1805-4cf3-8ddd-26c464936dca to remote] DEBUG org.apache.http.wire - http-outgoing-0 << "HTTP/1.1 200 OK[\r][\n]"
17:27:36.205 [Forwarding quit on session 7abe9229-1805-4cf3-8ddd-26c464936dca to remote] DEBUG org.apache.http.wire - http-outgoing-0 << "Server: Restlet-Framework/2.3.9[\r][\n]"
17:27:36.206 [Forwarding quit on session 7abe9229-1805-4cf3-8ddd-26c464936dca to remote] DEBUG org.apache.http.wire - http-outgoing-0 << "Date: Fri, 29 Mar 2019 09:27:36 GMT[\r][\n]"
17:27:36.206 [Forwarding quit on session 7abe9229-1805-4cf3-8ddd-26c464936dca to remote] DEBUG org.apache.http.wire - http-outgoing-0 << "Content-type: application/json; charset=UTF-8[\r][\n]"
17:27:36.206 [Forwarding quit on session 7abe9229-1805-4cf3-8ddd-26c464936dca to remote] DEBUG org.apache.http.wire - http-outgoing-0 << "Content-length: 74[\r][\n]"
17:27:36.206 [Forwarding quit on session 7abe9229-1805-4cf3-8ddd-26c464936dca to remote] DEBUG org.apache.http.wire - http-outgoing-0 << "[\r][\n]"
17:27:36.206 [Forwarding quit on session 7abe9229-1805-4cf3-8ddd-26c464936dca to remote] DEBUG org.apache.http.headers - http-outgoing-0 << HTTP/1.1 200 OK
17:27:36.207 [Forwarding quit on session 7abe9229-1805-4cf3-8ddd-26c464936dca to remote] DEBUG org.apache.http.headers - http-outgoing-0 << Server: Restlet-Framework/2.3.9
17:27:36.207 [Forwarding quit on session 7abe9229-1805-4cf3-8ddd-26c464936dca to remote] DEBUG org.apache.http.headers - http-outgoing-0 << Date: Fri, 29 Mar 2019 09:27:36 GMT
17:27:36.207 [Forwarding quit on session 7abe9229-1805-4cf3-8ddd-26c464936dca to remote] DEBUG org.apache.http.headers - http-outgoing-0 << Content-type: application/json; charset=UTF-8
17:27:36.207 [Forwarding quit on session 7abe9229-1805-4cf3-8ddd-26c464936dca to remote] DEBUG org.apache.http.headers - http-outgoing-0 << Content-length: 74
17:27:36.207 [Forwarding quit on session 7abe9229-1805-4cf3-8ddd-26c464936dca to remote] DEBUG org.apache.http.impl.execchain.MainClientExec - Connection can be kept alive indefinitely
17:27:36.207 [Forwarding quit on session 7abe9229-1805-4cf3-8ddd-26c464936dca to remote] DEBUG org.apache.http.wire - http-outgoing-0 << "{"sessionId":"7abe9229-1805-4cf3-8ddd-26c464936dca","value":"","status":0}"
17:27:36.207 [Forwarding quit on session 7abe9229-1805-4cf3-8ddd-26c464936dca to remote] DEBUG org.apache.http.impl.conn.PoolingHttpClientConnectionManager - Connection [id: 0][route: {}->http://localhost:4723] can be kept alive indefinitely
17:27:36.207 [Forwarding quit on session 7abe9229-1805-4cf3-8ddd-26c464936dca to remote] DEBUG org.apache.http.impl.conn.DefaultManagedHttpClientConnection - http-outgoing-0: set socket timeout to 0
17:27:36.207 [Forwarding quit on session 7abe9229-1805-4cf3-8ddd-26c464936dca to remote] DEBUG org.apache.http.impl.conn.PoolingHttpClientConnectionManager - Connection released: [id: 0][route: {}->http://localhost:4723][total kept alive: 1; route allocated: 1 of 2000; total allocated: 1 of 2000]
17:27:36.208 [Forwarding quit on session 7abe9229-1805-4cf3-8ddd-26c464936dca to remote] DEBUG org.apache.http.impl.conn.PoolingHttpClientConnectionManager - Closing connections idle longer than 0 SECONDS
]]></system-out>
  <system-err><![CDATA[Mar 29, 2019 5:27:22 PM org.openqa.selenium.remote.ProtocolHandshake createSession
INFO: Detected dialect: OSS
Mar 29, 2019 5:27:22 PM org.openqa.selenium.remote.RemoteWebDriver log
INFO: Executing: quit [cbc47d66-a20a-4882-8c62-8d9d7e31a08e, quit {}]
Mar 29, 2019 5:27:24 PM org.openqa.selenium.remote.RemoteWebDriver log
INFO: Executed: [cbc47d66-a20a-4882-8c62-8d9d7e31a08e, quit {}]
Mar 29, 2019 5:27:28 PM org.openqa.selenium.remote.ProtocolHandshake createSession
INFO: Detected dialect: OSS
Mar 29, 2019 5:27:28 PM org.openqa.selenium.remote.RemoteWebDriver log
INFO: Executing: quit [7f66b33b-1d25-41ec-8fbe-6088f92a4903, quit {}]
Mar 29, 2019 5:27:30 PM org.openqa.selenium.remote.RemoteWebDriver log
INFO: Executed: [7f66b33b-1d25-41ec-8fbe-6088f92a4903, quit {}]
Mar 29, 2019 5:27:34 PM org.openqa.selenium.remote.ProtocolHandshake createSession
INFO: Detected dialect: OSS
Mar 29, 2019 5:27:34 PM org.openqa.selenium.remote.RemoteWebDriver log
INFO: Executing: quit [7abe9229-1805-4cf3-8ddd-26c464936dca, quit {}]
Mar 29, 2019 5:27:36 PM org.openqa.selenium.remote.RemoteWebDriver log
INFO: Executed: [7abe9229-1805-4cf3-8ddd-26c464936dca, quit {}]
]]></system-err>
</testsuite>
