<?xml version="1.0" encoding="UTF-8"?>
<testsuite name="Q3" tests="3" skipped="0" failures="3" errors="0" timestamp="2019-03-29T09:27:00" hostname="QAMacMini-3" time="18.336">
  <properties/>
  <testcase name="testUntitled" classname="Q3" time="6.283">
    <failure message="java.lang.NullPointerException" type="java.lang.NullPointerException">java.lang.NullPointerException
	at basic.login(basic.java:37)
	at Q3.testUntitled(Q3.java:35)
	at sun.reflect.NativeMethodAccessorImpl.invoke0(Native Method)
	at sun.reflect.NativeMethodAccessorImpl.invoke(NativeMethodAccessorImpl.java:62)
	at sun.reflect.DelegatingMethodAccessorImpl.invoke(DelegatingMethodAccessorImpl.java:43)
	at java.lang.reflect.Method.invoke(Method.java:498)
	at org.junit.runners.model.FrameworkMethod$1.runReflectiveCall(FrameworkMethod.java:50)
	at org.junit.internal.runners.model.ReflectiveCallable.run(ReflectiveCallable.java:12)
	at org.junit.runners.model.FrameworkMethod.invokeExplosively(FrameworkMethod.java:47)
	at org.junit.internal.runners.statements.InvokeMethod.evaluate(InvokeMethod.java:17)
	at org.junit.internal.runners.statements.RunBefores.evaluate(RunBefores.java:26)
	at org.junit.internal.runners.statements.RunAfters.evaluate(RunAfters.java:27)
	at org.junit.runners.ParentRunner.runLeaf(ParentRunner.java:325)
	at org.junit.runners.BlockJUnit4ClassRunner.runChild(BlockJUnit4ClassRunner.java:78)
	at org.junit.runners.BlockJUnit4ClassRunner.runChild(BlockJUnit4ClassRunner.java:57)
	at org.junit.runners.ParentRunner$3.run(ParentRunner.java:290)
	at org.junit.runners.ParentRunner$1.schedule(ParentRunner.java:71)
	at org.junit.runners.ParentRunner.runChildren(ParentRunner.java:288)
	at org.junit.runners.ParentRunner.access$000(ParentRunner.java:58)
	at org.junit.runners.ParentRunner$2.evaluate(ParentRunner.java:268)
	at org.junit.runners.ParentRunner.run(ParentRunner.java:363)
	at org.gradle.api.internal.tasks.testing.junit.JUnitTestClassExecutor.runTestClass(JUnitTestClassExecutor.java:106)
	at org.gradle.api.internal.tasks.testing.junit.JUnitTestClassExecutor.execute(JUnitTestClassExecutor.java:58)
	at org.gradle.api.internal.tasks.testing.junit.JUnitTestClassExecutor.execute(JUnitTestClassExecutor.java:38)
	at org.gradle.api.internal.tasks.testing.junit.AbstractJUnitTestClassProcessor.processTestClass(AbstractJUnitTestClassProcessor.java:66)
	at org.gradle.api.internal.tasks.testing.SuiteTestClassProcessor.processTestClass(SuiteTestClassProcessor.java:51)
	at sun.reflect.NativeMethodAccessorImpl.invoke0(Native Method)
	at sun.reflect.NativeMethodAccessorImpl.invoke(NativeMethodAccessorImpl.java:62)
	at sun.reflect.DelegatingMethodAccessorImpl.invoke(DelegatingMethodAccessorImpl.java:43)
	at java.lang.reflect.Method.invoke(Method.java:498)
	at org.gradle.internal.dispatch.ReflectionDispatch.dispatch(ReflectionDispatch.java:35)
	at org.gradle.internal.dispatch.ReflectionDispatch.dispatch(ReflectionDispatch.java:24)
	at org.gradle.internal.dispatch.ContextClassLoaderDispatch.dispatch(ContextClassLoaderDispatch.java:32)
	at org.gradle.internal.dispatch.ProxyDispatchAdapter$DispatchingInvocationHandler.invoke(ProxyDispatchAdapter.java:93)
	at com.sun.proxy.$Proxy1.processTestClass(Unknown Source)
	at org.gradle.api.internal.tasks.testing.worker.TestWorker.processTestClass(TestWorker.java:109)
	at sun.reflect.NativeMethodAccessorImpl.invoke0(Native Method)
	at sun.reflect.NativeMethodAccessorImpl.invoke(NativeMethodAccessorImpl.java:62)
	at sun.reflect.DelegatingMethodAccessorImpl.invoke(DelegatingMethodAccessorImpl.java:43)
	at java.lang.reflect.Method.invoke(Method.java:498)
	at org.gradle.internal.dispatch.ReflectionDispatch.dispatch(ReflectionDispatch.java:35)
	at org.gradle.internal.dispatch.ReflectionDispatch.dispatch(ReflectionDispatch.java:24)
	at org.gradle.internal.remote.internal.hub.MessageHubBackedObjectConnection$DispatchWrapper.dispatch(MessageHubBackedObjectConnection.java:155)
	at org.gradle.internal.remote.internal.hub.MessageHubBackedObjectConnection$DispatchWrapper.dispatch(MessageHubBackedObjectConnection.java:137)
	at org.gradle.internal.remote.internal.hub.MessageHub$Handler.run(MessageHub.java:404)
	at org.gradle.internal.concurrent.ExecutorPolicy$CatchAndRecordFailures.onExecute(ExecutorPolicy.java:63)
	at org.gradle.internal.concurrent.ManagedExecutorImpl$1.run(ManagedExecutorImpl.java:46)
	at java.util.concurrent.ThreadPoolExecutor.runWorker(ThreadPoolExecutor.java:1142)
	at java.util.concurrent.ThreadPoolExecutor$Worker.run(ThreadPoolExecutor.java:617)
	at org.gradle.internal.concurrent.ThreadFactoryImpl$ManagedThreadRunnable.run(ThreadFactoryImpl.java:55)
	at java.lang.Thread.run(Thread.java:745)
</failure>
  </testcase>
  <testcase name="logout" classname="Q3" time="6.176">
    <failure message="java.lang.NullPointerException" type="java.lang.NullPointerException">java.lang.NullPointerException
	at basic.logout(basic.java:52)
	at sun.reflect.NativeMethodAccessorImpl.invoke0(Native Method)
	at sun.reflect.NativeMethodAccessorImpl.invoke(NativeMethodAccessorImpl.java:62)
	at sun.reflect.DelegatingMethodAccessorImpl.invoke(DelegatingMethodAccessorImpl.java:43)
	at java.lang.reflect.Method.invoke(Method.java:498)
	at org.junit.runners.model.FrameworkMethod$1.runReflectiveCall(FrameworkMethod.java:50)
	at org.junit.internal.runners.model.ReflectiveCallable.run(ReflectiveCallable.java:12)
	at org.junit.runners.model.FrameworkMethod.invokeExplosively(FrameworkMethod.java:47)
	at org.junit.internal.runners.statements.InvokeMethod.evaluate(InvokeMethod.java:17)
	at org.junit.internal.runners.statements.RunBefores.evaluate(RunBefores.java:26)
	at org.junit.internal.runners.statements.RunAfters.evaluate(RunAfters.java:27)
	at org.junit.runners.ParentRunner.runLeaf(ParentRunner.java:325)
	at org.junit.runners.BlockJUnit4ClassRunner.runChild(BlockJUnit4ClassRunner.java:78)
	at org.junit.runners.BlockJUnit4ClassRunner.runChild(BlockJUnit4ClassRunner.java:57)
	at org.junit.runners.ParentRunner$3.run(ParentRunner.java:290)
	at org.junit.runners.ParentRunner$1.schedule(ParentRunner.java:71)
	at org.junit.runners.ParentRunner.runChildren(ParentRunner.java:288)
	at org.junit.runners.ParentRunner.access$000(ParentRunner.java:58)
	at org.junit.runners.ParentRunner$2.evaluate(ParentRunner.java:268)
	at org.junit.runners.ParentRunner.run(ParentRunner.java:363)
	at org.gradle.api.internal.tasks.testing.junit.JUnitTestClassExecutor.runTestClass(JUnitTestClassExecutor.java:106)
	at org.gradle.api.internal.tasks.testing.junit.JUnitTestClassExecutor.execute(JUnitTestClassExecutor.java:58)
	at org.gradle.api.internal.tasks.testing.junit.JUnitTestClassExecutor.execute(JUnitTestClassExecutor.java:38)
	at org.gradle.api.internal.tasks.testing.junit.AbstractJUnitTestClassProcessor.processTestClass(AbstractJUnitTestClassProcessor.java:66)
	at org.gradle.api.internal.tasks.testing.SuiteTestClassProcessor.processTestClass(SuiteTestClassProcessor.java:51)
	at sun.reflect.NativeMethodAccessorImpl.invoke0(Native Method)
	at sun.reflect.NativeMethodAccessorImpl.invoke(NativeMethodAccessorImpl.java:62)
	at sun.reflect.DelegatingMethodAccessorImpl.invoke(DelegatingMethodAccessorImpl.java:43)
	at java.lang.reflect.Method.invoke(Method.java:498)
	at org.gradle.internal.dispatch.ReflectionDispatch.dispatch(ReflectionDispatch.java:35)
	at org.gradle.internal.dispatch.ReflectionDispatch.dispatch(ReflectionDispatch.java:24)
	at org.gradle.internal.dispatch.ContextClassLoaderDispatch.dispatch(ContextClassLoaderDispatch.java:32)
	at org.gradle.internal.dispatch.ProxyDispatchAdapter$DispatchingInvocationHandler.invoke(ProxyDispatchAdapter.java:93)
	at com.sun.proxy.$Proxy1.processTestClass(Unknown Source)
	at org.gradle.api.internal.tasks.testing.worker.TestWorker.processTestClass(TestWorker.java:109)
	at sun.reflect.NativeMethodAccessorImpl.invoke0(Native Method)
	at sun.reflect.NativeMethodAccessorImpl.invoke(NativeMethodAccessorImpl.java:62)
	at sun.reflect.DelegatingMethodAccessorImpl.invoke(DelegatingMethodAccessorImpl.java:43)
	at java.lang.reflect.Method.invoke(Method.java:498)
	at org.gradle.internal.dispatch.ReflectionDispatch.dispatch(ReflectionDispatch.java:35)
	at org.gradle.internal.dispatch.ReflectionDispatch.dispatch(ReflectionDispatch.java:24)
	at org.gradle.internal.remote.internal.hub.MessageHubBackedObjectConnection$DispatchWrapper.dispatch(MessageHubBackedObjectConnection.java:155)
	at org.gradle.internal.remote.internal.hub.MessageHubBackedObjectConnection$DispatchWrapper.dispatch(MessageHubBackedObjectConnection.java:137)
	at org.gradle.internal.remote.internal.hub.MessageHub$Handler.run(MessageHub.java:404)
	at org.gradle.internal.concurrent.ExecutorPolicy$CatchAndRecordFailures.onExecute(ExecutorPolicy.java:63)
	at org.gradle.internal.concurrent.ManagedExecutorImpl$1.run(ManagedExecutorImpl.java:46)
	at java.util.concurrent.ThreadPoolExecutor.runWorker(ThreadPoolExecutor.java:1142)
	at java.util.concurrent.ThreadPoolExecutor$Worker.run(ThreadPoolExecutor.java:617)
	at org.gradle.internal.concurrent.ThreadFactoryImpl$ManagedThreadRunnable.run(ThreadFactoryImpl.java:55)
	at java.lang.Thread.run(Thread.java:745)
</failure>
  </testcase>
  <testcase name="login" classname="Q3" time="5.877">
    <failure message="java.lang.NullPointerException" type="java.lang.NullPointerException">java.lang.NullPointerException
	at basic.login(basic.java:37)
	at sun.reflect.NativeMethodAccessorImpl.invoke0(Native Method)
	at sun.reflect.NativeMethodAccessorImpl.invoke(NativeMethodAccessorImpl.java:62)
	at sun.reflect.DelegatingMethodAccessorImpl.invoke(DelegatingMethodAccessorImpl.java:43)
	at java.lang.reflect.Method.invoke(Method.java:498)
	at org.junit.runners.model.FrameworkMethod$1.runReflectiveCall(FrameworkMethod.java:50)
	at org.junit.internal.runners.model.ReflectiveCallable.run(ReflectiveCallable.java:12)
	at org.junit.runners.model.FrameworkMethod.invokeExplosively(FrameworkMethod.java:47)
	at org.junit.internal.runners.statements.InvokeMethod.evaluate(InvokeMethod.java:17)
	at org.junit.internal.runners.statements.RunBefores.evaluate(RunBefores.java:26)
	at org.junit.internal.runners.statements.RunAfters.evaluate(RunAfters.java:27)
	at org.junit.runners.ParentRunner.runLeaf(ParentRunner.java:325)
	at org.junit.runners.BlockJUnit4ClassRunner.runChild(BlockJUnit4ClassRunner.java:78)
	at org.junit.runners.BlockJUnit4ClassRunner.runChild(BlockJUnit4ClassRunner.java:57)
	at org.junit.runners.ParentRunner$3.run(ParentRunner.java:290)
	at org.junit.runners.ParentRunner$1.schedule(ParentRunner.java:71)
	at org.junit.runners.ParentRunner.runChildren(ParentRunner.java:288)
	at org.junit.runners.ParentRunner.access$000(ParentRunner.java:58)
	at org.junit.runners.ParentRunner$2.evaluate(ParentRunner.java:268)
	at org.junit.runners.ParentRunner.run(ParentRunner.java:363)
	at org.gradle.api.internal.tasks.testing.junit.JUnitTestClassExecutor.runTestClass(JUnitTestClassExecutor.java:106)
	at org.gradle.api.internal.tasks.testing.junit.JUnitTestClassExecutor.execute(JUnitTestClassExecutor.java:58)
	at org.gradle.api.internal.tasks.testing.junit.JUnitTestClassExecutor.execute(JUnitTestClassExecutor.java:38)
	at org.gradle.api.internal.tasks.testing.junit.AbstractJUnitTestClassProcessor.processTestClass(AbstractJUnitTestClassProcessor.java:66)
	at org.gradle.api.internal.tasks.testing.SuiteTestClassProcessor.processTestClass(SuiteTestClassProcessor.java:51)
	at sun.reflect.NativeMethodAccessorImpl.invoke0(Native Method)
	at sun.reflect.NativeMethodAccessorImpl.invoke(NativeMethodAccessorImpl.java:62)
	at sun.reflect.DelegatingMethodAccessorImpl.invoke(DelegatingMethodAccessorImpl.java:43)
	at java.lang.reflect.Method.invoke(Method.java:498)
	at org.gradle.internal.dispatch.ReflectionDispatch.dispatch(ReflectionDispatch.java:35)
	at org.gradle.internal.dispatch.ReflectionDispatch.dispatch(ReflectionDispatch.java:24)
	at org.gradle.internal.dispatch.ContextClassLoaderDispatch.dispatch(ContextClassLoaderDispatch.java:32)
	at org.gradle.internal.dispatch.ProxyDispatchAdapter$DispatchingInvocationHandler.invoke(ProxyDispatchAdapter.java:93)
	at com.sun.proxy.$Proxy1.processTestClass(Unknown Source)
	at org.gradle.api.internal.tasks.testing.worker.TestWorker.processTestClass(TestWorker.java:109)
	at sun.reflect.NativeMethodAccessorImpl.invoke0(Native Method)
	at sun.reflect.NativeMethodAccessorImpl.invoke(NativeMethodAccessorImpl.java:62)
	at sun.reflect.DelegatingMethodAccessorImpl.invoke(DelegatingMethodAccessorImpl.java:43)
	at java.lang.reflect.Method.invoke(Method.java:498)
	at org.gradle.internal.dispatch.ReflectionDispatch.dispatch(ReflectionDispatch.java:35)
	at org.gradle.internal.dispatch.ReflectionDispatch.dispatch(ReflectionDispatch.java:24)
	at org.gradle.internal.remote.internal.hub.MessageHubBackedObjectConnection$DispatchWrapper.dispatch(MessageHubBackedObjectConnection.java:155)
	at org.gradle.internal.remote.internal.hub.MessageHubBackedObjectConnection$DispatchWrapper.dispatch(MessageHubBackedObjectConnection.java:137)
	at org.gradle.internal.remote.internal.hub.MessageHub$Handler.run(MessageHub.java:404)
	at org.gradle.internal.concurrent.ExecutorPolicy$CatchAndRecordFailures.onExecute(ExecutorPolicy.java:63)
	at org.gradle.internal.concurrent.ManagedExecutorImpl$1.run(ManagedExecutorImpl.java:46)
	at java.util.concurrent.ThreadPoolExecutor.runWorker(ThreadPoolExecutor.java:1142)
	at java.util.concurrent.ThreadPoolExecutor$Worker.run(ThreadPoolExecutor.java:617)
	at org.gradle.internal.concurrent.ThreadFactoryImpl$ManagedThreadRunnable.run(ThreadFactoryImpl.java:55)
	at java.lang.Thread.run(Thread.java:745)
</failure>
  </testcase>
  <system-out><![CDATA[17:27:00.477 [Forwarding newSession on session null to remote] DEBUG org.apache.http.client.protocol.RequestAddCookies - CookieSpec selected: default
17:27:00.477 [Forwarding newSession on session null to remote] DEBUG org.apache.http.client.protocol.RequestAuthCache - Auth cache not set in the context
17:27:00.477 [Forwarding newSession on session null to remote] DEBUG org.apache.http.impl.conn.PoolingHttpClientConnectionManager - Connection request: [route: {}->http://localhost:4723][total kept alive: 1; route allocated: 1 of 2000; total allocated: 1 of 2000]
17:27:00.478 [Forwarding newSession on session null to remote] DEBUG org.apache.http.impl.conn.PoolingHttpClientConnectionManager - Connection leased: [id: 0][route: {}->http://localhost:4723][total kept alive: 0; route allocated: 1 of 2000; total allocated: 1 of 2000]
17:27:00.478 [Forwarding newSession on session null to remote] DEBUG org.apache.http.impl.conn.DefaultManagedHttpClientConnection - http-outgoing-0: set socket timeout to 0
17:27:00.478 [Forwarding newSession on session null to remote] DEBUG org.apache.http.impl.conn.DefaultManagedHttpClientConnection - http-outgoing-0: set socket timeout to 10800000
17:27:00.478 [Forwarding newSession on session null to remote] DEBUG org.apache.http.impl.execchain.MainClientExec - Executing request POST /wd/hub/session HTTP/1.1
17:27:00.478 [Forwarding newSession on session null to remote] DEBUG org.apache.http.impl.execchain.MainClientExec - Target auth state: UNCHALLENGED
17:27:00.478 [Forwarding newSession on session null to remote] DEBUG org.apache.http.impl.execchain.MainClientExec - Proxy auth state: UNCHALLENGED
17:27:00.478 [Forwarding newSession on session null to remote] DEBUG org.apache.http.headers - http-outgoing-0 >> POST /wd/hub/session HTTP/1.1
17:27:00.478 [Forwarding newSession on session null to remote] DEBUG org.apache.http.headers - http-outgoing-0 >> Content-Type: application/json; charset=utf-8
17:27:00.478 [Forwarding newSession on session null to remote] DEBUG org.apache.http.headers - http-outgoing-0 >> User-Agent: selenium/3.14.0 (java mac)
17:27:00.478 [Forwarding newSession on session null to remote] DEBUG org.apache.http.headers - http-outgoing-0 >> Content-Length: 364
17:27:00.478 [Forwarding newSession on session null to remote] DEBUG org.apache.http.headers - http-outgoing-0 >> Host: localhost:4723
17:27:00.478 [Forwarding newSession on session null to remote] DEBUG org.apache.http.headers - http-outgoing-0 >> Connection: Keep-Alive
17:27:00.478 [Forwarding newSession on session null to remote] DEBUG org.apache.http.headers - http-outgoing-0 >> Accept-Encoding: gzip,deflate
17:27:00.478 [Forwarding newSession on session null to remote] DEBUG org.apache.http.wire - http-outgoing-0 >> "POST /wd/hub/session HTTP/1.1[\r][\n]"
17:27:00.479 [Forwarding newSession on session null to remote] DEBUG org.apache.http.wire - http-outgoing-0 >> "Content-Type: application/json; charset=utf-8[\r][\n]"
17:27:00.479 [Forwarding newSession on session null to remote] DEBUG org.apache.http.wire - http-outgoing-0 >> "User-Agent: selenium/3.14.0 (java mac)[\r][\n]"
17:27:00.479 [Forwarding newSession on session null to remote] DEBUG org.apache.http.wire - http-outgoing-0 >> "Content-Length: 364[\r][\n]"
17:27:00.479 [Forwarding newSession on session null to remote] DEBUG org.apache.http.wire - http-outgoing-0 >> "Host: localhost:4723[\r][\n]"
17:27:00.479 [Forwarding newSession on session null to remote] DEBUG org.apache.http.wire - http-outgoing-0 >> "Connection: Keep-Alive[\r][\n]"
17:27:00.479 [Forwarding newSession on session null to remote] DEBUG org.apache.http.wire - http-outgoing-0 >> "Accept-Encoding: gzip,deflate[\r][\n]"
17:27:00.479 [Forwarding newSession on session null to remote] DEBUG org.apache.http.wire - http-outgoing-0 >> "[\r][\n]"
17:27:00.479 [Forwarding newSession on session null to remote] DEBUG org.apache.http.wire - http-outgoing-0 >> "{[\n]"
17:27:00.479 [Forwarding newSession on session null to remote] DEBUG org.apache.http.wire - http-outgoing-0 >> "  "desiredCapabilities": {[\n]"
17:27:00.479 [Forwarding newSession on session null to remote] DEBUG org.apache.http.wire - http-outgoing-0 >> "    "appActivity": ".activity.HomeActivity",[\n]"
17:27:00.479 [Forwarding newSession on session null to remote] DEBUG org.apache.http.wire - http-outgoing-0 >> "    "appPackage": "com.todoist",[\n]"
17:27:00.479 [Forwarding newSession on session null to remote] DEBUG org.apache.http.wire - http-outgoing-0 >> "    "reportDirectory": "reports",[\n]"
17:27:00.479 [Forwarding newSession on session null to remote] DEBUG org.apache.http.wire - http-outgoing-0 >> "    "reportFormat": "xml",[\n]"
17:27:00.479 [Forwarding newSession on session null to remote] DEBUG org.apache.http.wire - http-outgoing-0 >> "    "platformName": "Android",[\n]"
17:27:00.479 [Forwarding newSession on session null to remote] DEBUG org.apache.http.wire - http-outgoing-0 >> "    "udid": "3ST0219301001652",[\n]"
17:27:00.479 [Forwarding newSession on session null to remote] DEBUG org.apache.http.wire - http-outgoing-0 >> "    "testName": "Untitled"[\n]"
17:27:00.479 [Forwarding newSession on session null to remote] DEBUG org.apache.http.wire - http-outgoing-0 >> "  },[\n]"
17:27:00.479 [Forwarding newSession on session null to remote] DEBUG org.apache.http.wire - http-outgoing-0 >> "  "capabilities": {[\n]"
17:27:00.479 [Forwarding newSession on session null to remote] DEBUG org.apache.http.wire - http-outgoing-0 >> "    "firstMatch": [[\n]"
17:27:00.479 [Forwarding newSession on session null to remote] DEBUG org.apache.http.wire - http-outgoing-0 >> "      {[\n]"
17:27:00.479 [Forwarding newSession on session null to remote] DEBUG org.apache.http.wire - http-outgoing-0 >> "        "platformName": "android"[\n]"
17:27:00.479 [Forwarding newSession on session null to remote] DEBUG org.apache.http.wire - http-outgoing-0 >> "      }[\n]"
17:27:00.479 [Forwarding newSession on session null to remote] DEBUG org.apache.http.wire - http-outgoing-0 >> "    ][\n]"
17:27:00.480 [Forwarding newSession on session null to remote] DEBUG org.apache.http.wire - http-outgoing-0 >> "  }[\n]"
17:27:00.480 [Forwarding newSession on session null to remote] DEBUG org.apache.http.wire - http-outgoing-0 >> "}"
17:27:04.471 [Forwarding newSession on session null to remote] DEBUG org.apache.http.wire - http-outgoing-0 << "HTTP/1.1 200 OK[\r][\n]"
17:27:04.471 [Forwarding newSession on session null to remote] DEBUG org.apache.http.wire - http-outgoing-0 << "Server: Restlet-Framework/2.3.9[\r][\n]"
17:27:04.471 [Forwarding newSession on session null to remote] DEBUG org.apache.http.wire - http-outgoing-0 << "Date: Fri, 29 Mar 2019 09:27:04 GMT[\r][\n]"
17:27:04.471 [Forwarding newSession on session null to remote] DEBUG org.apache.http.wire - http-outgoing-0 << "Content-type: application/json; charset=UTF-8[\r][\n]"
17:27:04.471 [Forwarding newSession on session null to remote] DEBUG org.apache.http.wire - http-outgoing-0 << "Content-length: 1314[\r][\n]"
17:27:04.471 [Forwarding newSession on session null to remote] DEBUG org.apache.http.wire - http-outgoing-0 << "[\r][\n]"
17:27:04.472 [Forwarding newSession on session null to remote] DEBUG org.apache.http.wire - http-outgoing-0 << "{"sessionId":"58ed9a02-7314-4b69-ae30-66a1700877d7","value":{"appPackage":"com.todoist","device.majorVersion":"9","dontGoHomeOnQuit":false,"device.os":"Android","noReset":false,"dontStopAppOnReset":false,"reservationDuration":240,"reportFormat":"xml","fullReset":false,"deviceUDID":"3ST0219301001652","install.only.for.update":false,"desired":{"appActivity":".activity.HomeActivity","appPackage":"com.todoist","reportDirectory":"reports","reportFormat":"xml","platformName":"Android","udid":"3ST0219301001652","testName":"Untitled"},"device.serialNumber":"3ST0219301001652","locationServicesAuthorized":false,"device.version":"9","reportDirectory":"reports","autoWebview":false,"platformName":"Android","udid":"3ST0219301001652","testName":"Untitled","device.screenSize":"1080x2244","useKeystore":false,"test.type":"Mobile","device.manufacture":"HUAWEI","instrumentApp":false,"appiumVersion":"1.8.0","device.category":"PHONE","autoDismissAlerts":false,"reportUrl":"/Users/TestTeam/appiumstudio-reports/reports/test798","newSessionWaitTimeout":300,"keystorePath":"~/.android/debug.keystore","appActivity":".activity.HomeActivity","waitForDeviceTimeout":120000,"device.model":"HMA-L29","device.name":"HMA-L29","autoGrantPermissions":false,"takeScreenshots":true,"projectName":"","autoAcceptAlerts":false},"status":0}"
17:27:04.472 [Forwarding newSession on session null to remote] DEBUG org.apache.http.headers - http-outgoing-0 << HTTP/1.1 200 OK
17:27:04.472 [Forwarding newSession on session null to remote] DEBUG org.apache.http.headers - http-outgoing-0 << Server: Restlet-Framework/2.3.9
17:27:04.472 [Forwarding newSession on session null to remote] DEBUG org.apache.http.headers - http-outgoing-0 << Date: Fri, 29 Mar 2019 09:27:04 GMT
17:27:04.472 [Forwarding newSession on session null to remote] DEBUG org.apache.http.headers - http-outgoing-0 << Content-type: application/json; charset=UTF-8
17:27:04.472 [Forwarding newSession on session null to remote] DEBUG org.apache.http.headers - http-outgoing-0 << Content-length: 1314
17:27:04.472 [Forwarding newSession on session null to remote] DEBUG org.apache.http.impl.execchain.MainClientExec - Connection can be kept alive indefinitely
17:27:04.473 [Forwarding newSession on session null to remote] DEBUG org.apache.http.impl.conn.PoolingHttpClientConnectionManager - Connection [id: 0][route: {}->http://localhost:4723] can be kept alive indefinitely
17:27:04.473 [Forwarding newSession on session null to remote] DEBUG org.apache.http.impl.conn.DefaultManagedHttpClientConnection - http-outgoing-0: set socket timeout to 0
17:27:04.473 [Forwarding newSession on session null to remote] DEBUG org.apache.http.impl.conn.PoolingHttpClientConnectionManager - Connection released: [id: 0][route: {}->http://localhost:4723][total kept alive: 1; route allocated: 1 of 2000; total allocated: 1 of 2000]
17:27:04.480 [Forwarding quit on session 58ed9a02-7314-4b69-ae30-66a1700877d7 to remote] DEBUG org.apache.http.client.protocol.RequestAddCookies - CookieSpec selected: default
17:27:04.482 [Forwarding quit on session 58ed9a02-7314-4b69-ae30-66a1700877d7 to remote] DEBUG org.apache.http.client.protocol.RequestAuthCache - Auth cache not set in the context
17:27:04.482 [Forwarding quit on session 58ed9a02-7314-4b69-ae30-66a1700877d7 to remote] DEBUG org.apache.http.impl.conn.PoolingHttpClientConnectionManager - Connection request: [route: {}->http://localhost:4723][total kept alive: 1; route allocated: 1 of 2000; total allocated: 1 of 2000]
17:27:04.482 [Forwarding quit on session 58ed9a02-7314-4b69-ae30-66a1700877d7 to remote] DEBUG org.apache.http.impl.conn.PoolingHttpClientConnectionManager - Connection leased: [id: 0][route: {}->http://localhost:4723][total kept alive: 0; route allocated: 1 of 2000; total allocated: 1 of 2000]
17:27:04.482 [Forwarding quit on session 58ed9a02-7314-4b69-ae30-66a1700877d7 to remote] DEBUG org.apache.http.impl.conn.DefaultManagedHttpClientConnection - http-outgoing-0: set socket timeout to 0
17:27:04.482 [Forwarding quit on session 58ed9a02-7314-4b69-ae30-66a1700877d7 to remote] DEBUG org.apache.http.impl.conn.DefaultManagedHttpClientConnection - http-outgoing-0: set socket timeout to 10800000
17:27:04.482 [Forwarding quit on session 58ed9a02-7314-4b69-ae30-66a1700877d7 to remote] DEBUG org.apache.http.impl.execchain.MainClientExec - Executing request DELETE /wd/hub/session/58ed9a02-7314-4b69-ae30-66a1700877d7 HTTP/1.1
17:27:04.482 [Forwarding quit on session 58ed9a02-7314-4b69-ae30-66a1700877d7 to remote] DEBUG org.apache.http.impl.execchain.MainClientExec - Target auth state: UNCHALLENGED
17:27:04.482 [Forwarding quit on session 58ed9a02-7314-4b69-ae30-66a1700877d7 to remote] DEBUG org.apache.http.impl.execchain.MainClientExec - Proxy auth state: UNCHALLENGED
17:27:04.482 [Forwarding quit on session 58ed9a02-7314-4b69-ae30-66a1700877d7 to remote] DEBUG org.apache.http.headers - http-outgoing-0 >> DELETE /wd/hub/session/58ed9a02-7314-4b69-ae30-66a1700877d7 HTTP/1.1
17:27:04.482 [Forwarding quit on session 58ed9a02-7314-4b69-ae30-66a1700877d7 to remote] DEBUG org.apache.http.headers - http-outgoing-0 >> User-Agent: selenium/3.14.0 (java mac)
17:27:04.482 [Forwarding quit on session 58ed9a02-7314-4b69-ae30-66a1700877d7 to remote] DEBUG org.apache.http.headers - http-outgoing-0 >> Host: localhost:4723
17:27:04.482 [Forwarding quit on session 58ed9a02-7314-4b69-ae30-66a1700877d7 to remote] DEBUG org.apache.http.headers - http-outgoing-0 >> Connection: Keep-Alive
17:27:04.482 [Forwarding quit on session 58ed9a02-7314-4b69-ae30-66a1700877d7 to remote] DEBUG org.apache.http.headers - http-outgoing-0 >> Accept-Encoding: gzip,deflate
17:27:04.483 [Forwarding quit on session 58ed9a02-7314-4b69-ae30-66a1700877d7 to remote] DEBUG org.apache.http.wire - http-outgoing-0 >> "DELETE /wd/hub/session/58ed9a02-7314-4b69-ae30-66a1700877d7 HTTP/1.1[\r][\n]"
17:27:04.483 [Forwarding quit on session 58ed9a02-7314-4b69-ae30-66a1700877d7 to remote] DEBUG org.apache.http.wire - http-outgoing-0 >> "User-Agent: selenium/3.14.0 (java mac)[\r][\n]"
17:27:04.483 [Forwarding quit on session 58ed9a02-7314-4b69-ae30-66a1700877d7 to remote] DEBUG org.apache.http.wire - http-outgoing-0 >> "Host: localhost:4723[\r][\n]"
17:27:04.483 [Forwarding quit on session 58ed9a02-7314-4b69-ae30-66a1700877d7 to remote] DEBUG org.apache.http.wire - http-outgoing-0 >> "Connection: Keep-Alive[\r][\n]"
17:27:04.483 [Forwarding quit on session 58ed9a02-7314-4b69-ae30-66a1700877d7 to remote] DEBUG org.apache.http.wire - http-outgoing-0 >> "Accept-Encoding: gzip,deflate[\r][\n]"
17:27:04.483 [Forwarding quit on session 58ed9a02-7314-4b69-ae30-66a1700877d7 to remote] DEBUG org.apache.http.wire - http-outgoing-0 >> "[\r][\n]"
17:27:06.746 [Forwarding quit on session 58ed9a02-7314-4b69-ae30-66a1700877d7 to remote] DEBUG org.apache.http.wire - http-outgoing-0 << "HTTP/1.1 200 OK[\r][\n]"
17:27:06.746 [Forwarding quit on session 58ed9a02-7314-4b69-ae30-66a1700877d7 to remote] DEBUG org.apache.http.wire - http-outgoing-0 << "Server: Restlet-Framework/2.3.9[\r][\n]"
17:27:06.747 [Forwarding quit on session 58ed9a02-7314-4b69-ae30-66a1700877d7 to remote] DEBUG org.apache.http.wire - http-outgoing-0 << "Date: Fri, 29 Mar 2019 09:27:06 GMT[\r][\n]"
17:27:06.747 [Forwarding quit on session 58ed9a02-7314-4b69-ae30-66a1700877d7 to remote] DEBUG org.apache.http.wire - http-outgoing-0 << "Content-type: application/json; charset=UTF-8[\r][\n]"
17:27:06.747 [Forwarding quit on session 58ed9a02-7314-4b69-ae30-66a1700877d7 to remote] DEBUG org.apache.http.wire - http-outgoing-0 << "Content-length: 74[\r][\n]"
17:27:06.747 [Forwarding quit on session 58ed9a02-7314-4b69-ae30-66a1700877d7 to remote] DEBUG org.apache.http.wire - http-outgoing-0 << "[\r][\n]"
17:27:06.747 [Forwarding quit on session 58ed9a02-7314-4b69-ae30-66a1700877d7 to remote] DEBUG org.apache.http.wire - http-outgoing-0 << "{"sessionId":"58ed9a02-7314-4b69-ae30-66a1700877d7","value":"","status":0}"
17:27:06.747 [Forwarding quit on session 58ed9a02-7314-4b69-ae30-66a1700877d7 to remote] DEBUG org.apache.http.headers - http-outgoing-0 << HTTP/1.1 200 OK
17:27:06.747 [Forwarding quit on session 58ed9a02-7314-4b69-ae30-66a1700877d7 to remote] DEBUG org.apache.http.headers - http-outgoing-0 << Server: Restlet-Framework/2.3.9
17:27:06.747 [Forwarding quit on session 58ed9a02-7314-4b69-ae30-66a1700877d7 to remote] DEBUG org.apache.http.headers - http-outgoing-0 << Date: Fri, 29 Mar 2019 09:27:06 GMT
17:27:06.747 [Forwarding quit on session 58ed9a02-7314-4b69-ae30-66a1700877d7 to remote] DEBUG org.apache.http.headers - http-outgoing-0 << Content-type: application/json; charset=UTF-8
17:27:06.747 [Forwarding quit on session 58ed9a02-7314-4b69-ae30-66a1700877d7 to remote] DEBUG org.apache.http.headers - http-outgoing-0 << Content-length: 74
17:27:06.747 [Forwarding quit on session 58ed9a02-7314-4b69-ae30-66a1700877d7 to remote] DEBUG org.apache.http.impl.execchain.MainClientExec - Connection can be kept alive indefinitely
17:27:06.747 [Forwarding quit on session 58ed9a02-7314-4b69-ae30-66a1700877d7 to remote] DEBUG org.apache.http.impl.conn.PoolingHttpClientConnectionManager - Connection [id: 0][route: {}->http://localhost:4723] can be kept alive indefinitely
17:27:06.747 [Forwarding quit on session 58ed9a02-7314-4b69-ae30-66a1700877d7 to remote] DEBUG org.apache.http.impl.conn.DefaultManagedHttpClientConnection - http-outgoing-0: set socket timeout to 0
17:27:06.747 [Forwarding quit on session 58ed9a02-7314-4b69-ae30-66a1700877d7 to remote] DEBUG org.apache.http.impl.conn.PoolingHttpClientConnectionManager - Connection released: [id: 0][route: {}->http://localhost:4723][total kept alive: 1; route allocated: 1 of 2000; total allocated: 1 of 2000]
17:27:06.748 [Forwarding quit on session 58ed9a02-7314-4b69-ae30-66a1700877d7 to remote] DEBUG org.apache.http.impl.conn.PoolingHttpClientConnectionManager - Closing connections idle longer than 0 SECONDS
17:27:06.762 [Forwarding newSession on session null to remote] DEBUG org.apache.http.client.protocol.RequestAddCookies - CookieSpec selected: default
17:27:06.762 [Forwarding newSession on session null to remote] DEBUG org.apache.http.client.protocol.RequestAuthCache - Auth cache not set in the context
17:27:06.762 [Forwarding newSession on session null to remote] DEBUG org.apache.http.impl.conn.PoolingHttpClientConnectionManager - Connection request: [route: {}->http://localhost:4723][total kept alive: 1; route allocated: 1 of 2000; total allocated: 1 of 2000]
17:27:06.763 [Forwarding newSession on session null to remote] DEBUG org.apache.http.impl.conn.PoolingHttpClientConnectionManager - Connection leased: [id: 0][route: {}->http://localhost:4723][total kept alive: 0; route allocated: 1 of 2000; total allocated: 1 of 2000]
17:27:06.763 [Forwarding newSession on session null to remote] DEBUG org.apache.http.impl.conn.DefaultManagedHttpClientConnection - http-outgoing-0: set socket timeout to 0
17:27:06.763 [Forwarding newSession on session null to remote] DEBUG org.apache.http.impl.conn.DefaultManagedHttpClientConnection - http-outgoing-0: set socket timeout to 10800000
17:27:06.763 [Forwarding newSession on session null to remote] DEBUG org.apache.http.impl.execchain.MainClientExec - Executing request POST /wd/hub/session HTTP/1.1
17:27:06.763 [Forwarding newSession on session null to remote] DEBUG org.apache.http.impl.execchain.MainClientExec - Target auth state: UNCHALLENGED
17:27:06.763 [Forwarding newSession on session null to remote] DEBUG org.apache.http.impl.execchain.MainClientExec - Proxy auth state: UNCHALLENGED
17:27:06.763 [Forwarding newSession on session null to remote] DEBUG org.apache.http.headers - http-outgoing-0 >> POST /wd/hub/session HTTP/1.1
17:27:06.763 [Forwarding newSession on session null to remote] DEBUG org.apache.http.headers - http-outgoing-0 >> Content-Type: application/json; charset=utf-8
17:27:06.763 [Forwarding newSession on session null to remote] DEBUG org.apache.http.headers - http-outgoing-0 >> User-Agent: selenium/3.14.0 (java mac)
17:27:06.763 [Forwarding newSession on session null to remote] DEBUG org.apache.http.headers - http-outgoing-0 >> Content-Length: 364
17:27:06.763 [Forwarding newSession on session null to remote] DEBUG org.apache.http.headers - http-outgoing-0 >> Host: localhost:4723
17:27:06.763 [Forwarding newSession on session null to remote] DEBUG org.apache.http.headers - http-outgoing-0 >> Connection: Keep-Alive
17:27:06.763 [Forwarding newSession on session null to remote] DEBUG org.apache.http.headers - http-outgoing-0 >> Accept-Encoding: gzip,deflate
17:27:06.764 [Forwarding newSession on session null to remote] DEBUG org.apache.http.wire - http-outgoing-0 >> "POST /wd/hub/session HTTP/1.1[\r][\n]"
17:27:06.764 [Forwarding newSession on session null to remote] DEBUG org.apache.http.wire - http-outgoing-0 >> "Content-Type: application/json; charset=utf-8[\r][\n]"
17:27:06.764 [Forwarding newSession on session null to remote] DEBUG org.apache.http.wire - http-outgoing-0 >> "User-Agent: selenium/3.14.0 (java mac)[\r][\n]"
17:27:06.764 [Forwarding newSession on session null to remote] DEBUG org.apache.http.wire - http-outgoing-0 >> "Content-Length: 364[\r][\n]"
17:27:06.764 [Forwarding newSession on session null to remote] DEBUG org.apache.http.wire - http-outgoing-0 >> "Host: localhost:4723[\r][\n]"
17:27:06.764 [Forwarding newSession on session null to remote] DEBUG org.apache.http.wire - http-outgoing-0 >> "Connection: Keep-Alive[\r][\n]"
17:27:06.764 [Forwarding newSession on session null to remote] DEBUG org.apache.http.wire - http-outgoing-0 >> "Accept-Encoding: gzip,deflate[\r][\n]"
17:27:06.764 [Forwarding newSession on session null to remote] DEBUG org.apache.http.wire - http-outgoing-0 >> "[\r][\n]"
17:27:06.764 [Forwarding newSession on session null to remote] DEBUG org.apache.http.wire - http-outgoing-0 >> "{[\n]"
17:27:06.764 [Forwarding newSession on session null to remote] DEBUG org.apache.http.wire - http-outgoing-0 >> "  "desiredCapabilities": {[\n]"
17:27:06.764 [Forwarding newSession on session null to remote] DEBUG org.apache.http.wire - http-outgoing-0 >> "    "appActivity": ".activity.HomeActivity",[\n]"
17:27:06.764 [Forwarding newSession on session null to remote] DEBUG org.apache.http.wire - http-outgoing-0 >> "    "appPackage": "com.todoist",[\n]"
17:27:06.764 [Forwarding newSession on session null to remote] DEBUG org.apache.http.wire - http-outgoing-0 >> "    "reportDirectory": "reports",[\n]"
17:27:06.764 [Forwarding newSession on session null to remote] DEBUG org.apache.http.wire - http-outgoing-0 >> "    "reportFormat": "xml",[\n]"
17:27:06.764 [Forwarding newSession on session null to remote] DEBUG org.apache.http.wire - http-outgoing-0 >> "    "platformName": "Android",[\n]"
17:27:06.764 [Forwarding newSession on session null to remote] DEBUG org.apache.http.wire - http-outgoing-0 >> "    "udid": "3ST0219301001652",[\n]"
17:27:06.764 [Forwarding newSession on session null to remote] DEBUG org.apache.http.wire - http-outgoing-0 >> "    "testName": "Untitled"[\n]"
17:27:06.764 [Forwarding newSession on session null to remote] DEBUG org.apache.http.wire - http-outgoing-0 >> "  },[\n]"
17:27:06.764 [Forwarding newSession on session null to remote] DEBUG org.apache.http.wire - http-outgoing-0 >> "  "capabilities": {[\n]"
17:27:06.764 [Forwarding newSession on session null to remote] DEBUG org.apache.http.wire - http-outgoing-0 >> "    "firstMatch": [[\n]"
17:27:06.765 [Forwarding newSession on session null to remote] DEBUG org.apache.http.wire - http-outgoing-0 >> "      {[\n]"
17:27:06.765 [Forwarding newSession on session null to remote] DEBUG org.apache.http.wire - http-outgoing-0 >> "        "platformName": "android"[\n]"
17:27:06.765 [Forwarding newSession on session null to remote] DEBUG org.apache.http.wire - http-outgoing-0 >> "      }[\n]"
17:27:06.765 [Forwarding newSession on session null to remote] DEBUG org.apache.http.wire - http-outgoing-0 >> "    ][\n]"
17:27:06.765 [Forwarding newSession on session null to remote] DEBUG org.apache.http.wire - http-outgoing-0 >> "  }[\n]"
17:27:06.765 [Forwarding newSession on session null to remote] DEBUG org.apache.http.wire - http-outgoing-0 >> "}"
17:27:10.748 [Forwarding newSession on session null to remote] DEBUG org.apache.http.wire - http-outgoing-0 << "HTTP/1.1 200 OK[\r][\n]"
17:27:10.749 [Forwarding newSession on session null to remote] DEBUG org.apache.http.wire - http-outgoing-0 << "Server: Restlet-Framework/2.3.9[\r][\n]"
17:27:10.749 [Forwarding newSession on session null to remote] DEBUG org.apache.http.wire - http-outgoing-0 << "Date: Fri, 29 Mar 2019 09:27:10 GMT[\r][\n]"
17:27:10.749 [Forwarding newSession on session null to remote] DEBUG org.apache.http.wire - http-outgoing-0 << "Content-type: application/json; charset=UTF-8[\r][\n]"
17:27:10.749 [Forwarding newSession on session null to remote] DEBUG org.apache.http.wire - http-outgoing-0 << "Content-length: 1314[\r][\n]"
17:27:10.749 [Forwarding newSession on session null to remote] DEBUG org.apache.http.wire - http-outgoing-0 << "[\r][\n]"
17:27:10.749 [Forwarding newSession on session null to remote] DEBUG org.apache.http.wire - http-outgoing-0 << "{"sessionId":"0cf5a4a2-594e-4c37-bb5e-15aa5b636d12","value":{"appPackage":"com.todoist","device.majorVersion":"9","dontGoHomeOnQuit":false,"device.os":"Android","noReset":false,"dontStopAppOnReset":false,"reservationDuration":240,"reportFormat":"xml","fullReset":false,"deviceUDID":"3ST0219301001652","install.only.for.update":false,"desired":{"appActivity":".activity.HomeActivity","appPackage":"com.todoist","reportDirectory":"reports","reportFormat":"xml","platformName":"Android","udid":"3ST0219301001652","testName":"Untitled"},"device.serialNumber":"3ST0219301001652","locationServicesAuthorized":false,"device.version":"9","reportDirectory":"reports","autoWebview":false,"platformName":"Android","udid":"3ST0219301001652","testName":"Untitled","device.screenSize":"1080x2244","useKeystore":false,"test.type":"Mobile","device.manufacture":"HUAWEI","instrumentApp":false,"appiumVersion":"1.8.0","device.category":"PHONE","autoDismissAlerts":false,"reportUrl":"/Users/TestTeam/appiumstudio-reports/reports/test799","newSessionWaitTimeout":300,"keystorePath":"~/.android/debug.keystore","appActivity":".activity.HomeActivity","waitForDeviceTimeout":120000,"device.model":"HMA-L29","device.name":"HMA-L29","autoGrantPermissions":false,"takeScreenshots":true,"projectName":"","autoAcceptAlerts":false},"status":0}"
17:27:10.749 [Forwarding newSession on session null to remote] DEBUG org.apache.http.headers - http-outgoing-0 << HTTP/1.1 200 OK
17:27:10.749 [Forwarding newSession on session null to remote] DEBUG org.apache.http.headers - http-outgoing-0 << Server: Restlet-Framework/2.3.9
17:27:10.749 [Forwarding newSession on session null to remote] DEBUG org.apache.http.headers - http-outgoing-0 << Date: Fri, 29 Mar 2019 09:27:10 GMT
17:27:10.749 [Forwarding newSession on session null to remote] DEBUG org.apache.http.headers - http-outgoing-0 << Content-type: application/json; charset=UTF-8
17:27:10.749 [Forwarding newSession on session null to remote] DEBUG org.apache.http.headers - http-outgoing-0 << Content-length: 1314
17:27:10.749 [Forwarding newSession on session null to remote] DEBUG org.apache.http.impl.execchain.MainClientExec - Connection can be kept alive indefinitely
17:27:10.750 [Forwarding newSession on session null to remote] DEBUG org.apache.http.impl.conn.PoolingHttpClientConnectionManager - Connection [id: 0][route: {}->http://localhost:4723] can be kept alive indefinitely
17:27:10.750 [Forwarding newSession on session null to remote] DEBUG org.apache.http.impl.conn.DefaultManagedHttpClientConnection - http-outgoing-0: set socket timeout to 0
17:27:10.750 [Forwarding newSession on session null to remote] DEBUG org.apache.http.impl.conn.PoolingHttpClientConnectionManager - Connection released: [id: 0][route: {}->http://localhost:4723][total kept alive: 1; route allocated: 1 of 2000; total allocated: 1 of 2000]
17:27:10.757 [Forwarding quit on session 0cf5a4a2-594e-4c37-bb5e-15aa5b636d12 to remote] DEBUG org.apache.http.client.protocol.RequestAddCookies - CookieSpec selected: default
17:27:10.758 [Forwarding quit on session 0cf5a4a2-594e-4c37-bb5e-15aa5b636d12 to remote] DEBUG org.apache.http.client.protocol.RequestAuthCache - Auth cache not set in the context
17:27:10.758 [Forwarding quit on session 0cf5a4a2-594e-4c37-bb5e-15aa5b636d12 to remote] DEBUG org.apache.http.impl.conn.PoolingHttpClientConnectionManager - Connection request: [route: {}->http://localhost:4723][total kept alive: 1; route allocated: 1 of 2000; total allocated: 1 of 2000]
17:27:10.758 [Forwarding quit on session 0cf5a4a2-594e-4c37-bb5e-15aa5b636d12 to remote] DEBUG org.apache.http.impl.conn.PoolingHttpClientConnectionManager - Connection leased: [id: 0][route: {}->http://localhost:4723][total kept alive: 0; route allocated: 1 of 2000; total allocated: 1 of 2000]
17:27:10.758 [Forwarding quit on session 0cf5a4a2-594e-4c37-bb5e-15aa5b636d12 to remote] DEBUG org.apache.http.impl.conn.DefaultManagedHttpClientConnection - http-outgoing-0: set socket timeout to 0
17:27:10.759 [Forwarding quit on session 0cf5a4a2-594e-4c37-bb5e-15aa5b636d12 to remote] DEBUG org.apache.http.impl.conn.DefaultManagedHttpClientConnection - http-outgoing-0: set socket timeout to 10800000
17:27:10.759 [Forwarding quit on session 0cf5a4a2-594e-4c37-bb5e-15aa5b636d12 to remote] DEBUG org.apache.http.impl.execchain.MainClientExec - Executing request DELETE /wd/hub/session/0cf5a4a2-594e-4c37-bb5e-15aa5b636d12 HTTP/1.1
17:27:10.759 [Forwarding quit on session 0cf5a4a2-594e-4c37-bb5e-15aa5b636d12 to remote] DEBUG org.apache.http.impl.execchain.MainClientExec - Target auth state: UNCHALLENGED
17:27:10.759 [Forwarding quit on session 0cf5a4a2-594e-4c37-bb5e-15aa5b636d12 to remote] DEBUG org.apache.http.impl.execchain.MainClientExec - Proxy auth state: UNCHALLENGED
17:27:10.760 [Forwarding quit on session 0cf5a4a2-594e-4c37-bb5e-15aa5b636d12 to remote] DEBUG org.apache.http.headers - http-outgoing-0 >> DELETE /wd/hub/session/0cf5a4a2-594e-4c37-bb5e-15aa5b636d12 HTTP/1.1
17:27:10.760 [Forwarding quit on session 0cf5a4a2-594e-4c37-bb5e-15aa5b636d12 to remote] DEBUG org.apache.http.headers - http-outgoing-0 >> User-Agent: selenium/3.14.0 (java mac)
17:27:10.760 [Forwarding quit on session 0cf5a4a2-594e-4c37-bb5e-15aa5b636d12 to remote] DEBUG org.apache.http.headers - http-outgoing-0 >> Host: localhost:4723
17:27:10.760 [Forwarding quit on session 0cf5a4a2-594e-4c37-bb5e-15aa5b636d12 to remote] DEBUG org.apache.http.headers - http-outgoing-0 >> Connection: Keep-Alive
17:27:10.760 [Forwarding quit on session 0cf5a4a2-594e-4c37-bb5e-15aa5b636d12 to remote] DEBUG org.apache.http.headers - http-outgoing-0 >> Accept-Encoding: gzip,deflate
17:27:10.760 [Forwarding quit on session 0cf5a4a2-594e-4c37-bb5e-15aa5b636d12 to remote] DEBUG org.apache.http.wire - http-outgoing-0 >> "DELETE /wd/hub/session/0cf5a4a2-594e-4c37-bb5e-15aa5b636d12 HTTP/1.1[\r][\n]"
17:27:10.760 [Forwarding quit on session 0cf5a4a2-594e-4c37-bb5e-15aa5b636d12 to remote] DEBUG org.apache.http.wire - http-outgoing-0 >> "User-Agent: selenium/3.14.0 (java mac)[\r][\n]"
17:27:10.760 [Forwarding quit on session 0cf5a4a2-594e-4c37-bb5e-15aa5b636d12 to remote] DEBUG org.apache.http.wire - http-outgoing-0 >> "Host: localhost:4723[\r][\n]"
17:27:10.760 [Forwarding quit on session 0cf5a4a2-594e-4c37-bb5e-15aa5b636d12 to remote] DEBUG org.apache.http.wire - http-outgoing-0 >> "Connection: Keep-Alive[\r][\n]"
17:27:10.760 [Forwarding quit on session 0cf5a4a2-594e-4c37-bb5e-15aa5b636d12 to remote] DEBUG org.apache.http.wire - http-outgoing-0 >> "Accept-Encoding: gzip,deflate[\r][\n]"
17:27:10.760 [Forwarding quit on session 0cf5a4a2-594e-4c37-bb5e-15aa5b636d12 to remote] DEBUG org.apache.http.wire - http-outgoing-0 >> "[\r][\n]"
17:27:12.918 [Forwarding quit on session 0cf5a4a2-594e-4c37-bb5e-15aa5b636d12 to remote] DEBUG org.apache.http.wire - http-outgoing-0 << "HTTP/1.1 200 OK[\r][\n]"
17:27:12.919 [Forwarding quit on session 0cf5a4a2-594e-4c37-bb5e-15aa5b636d12 to remote] DEBUG org.apache.http.wire - http-outgoing-0 << "Server: Restlet-Framework/2.3.9[\r][\n]"
17:27:12.920 [Forwarding quit on session 0cf5a4a2-594e-4c37-bb5e-15aa5b636d12 to remote] DEBUG org.apache.http.wire - http-outgoing-0 << "Date: Fri, 29 Mar 2019 09:27:12 GMT[\r][\n]"
17:27:12.920 [Forwarding quit on session 0cf5a4a2-594e-4c37-bb5e-15aa5b636d12 to remote] DEBUG org.apache.http.wire - http-outgoing-0 << "Content-type: application/json; charset=UTF-8[\r][\n]"
17:27:12.920 [Forwarding quit on session 0cf5a4a2-594e-4c37-bb5e-15aa5b636d12 to remote] DEBUG org.apache.http.wire - http-outgoing-0 << "Content-length: 74[\r][\n]"
17:27:12.920 [Forwarding quit on session 0cf5a4a2-594e-4c37-bb5e-15aa5b636d12 to remote] DEBUG org.apache.http.wire - http-outgoing-0 << "[\r][\n]"
17:27:12.920 [Forwarding quit on session 0cf5a4a2-594e-4c37-bb5e-15aa5b636d12 to remote] DEBUG org.apache.http.headers - http-outgoing-0 << HTTP/1.1 200 OK
17:27:12.920 [Forwarding quit on session 0cf5a4a2-594e-4c37-bb5e-15aa5b636d12 to remote] DEBUG org.apache.http.headers - http-outgoing-0 << Server: Restlet-Framework/2.3.9
17:27:12.921 [Forwarding quit on session 0cf5a4a2-594e-4c37-bb5e-15aa5b636d12 to remote] DEBUG org.apache.http.headers - http-outgoing-0 << Date: Fri, 29 Mar 2019 09:27:12 GMT
17:27:12.921 [Forwarding quit on session 0cf5a4a2-594e-4c37-bb5e-15aa5b636d12 to remote] DEBUG org.apache.http.headers - http-outgoing-0 << Content-type: application/json; charset=UTF-8
17:27:12.921 [Forwarding quit on session 0cf5a4a2-594e-4c37-bb5e-15aa5b636d12 to remote] DEBUG org.apache.http.headers - http-outgoing-0 << Content-length: 74
17:27:12.922 [Forwarding quit on session 0cf5a4a2-594e-4c37-bb5e-15aa5b636d12 to remote] DEBUG org.apache.http.impl.execchain.MainClientExec - Connection can be kept alive indefinitely
17:27:12.923 [Forwarding quit on session 0cf5a4a2-594e-4c37-bb5e-15aa5b636d12 to remote] DEBUG org.apache.http.wire - http-outgoing-0 << "{"sessionId":"0cf5a4a2-594e-4c37-bb5e-15aa5b636d12","value":"","status":0}"
17:27:12.923 [Forwarding quit on session 0cf5a4a2-594e-4c37-bb5e-15aa5b636d12 to remote] DEBUG org.apache.http.impl.conn.PoolingHttpClientConnectionManager - Connection [id: 0][route: {}->http://localhost:4723] can be kept alive indefinitely
17:27:12.923 [Forwarding quit on session 0cf5a4a2-594e-4c37-bb5e-15aa5b636d12 to remote] DEBUG org.apache.http.impl.conn.DefaultManagedHttpClientConnection - http-outgoing-0: set socket timeout to 0
17:27:12.923 [Forwarding quit on session 0cf5a4a2-594e-4c37-bb5e-15aa5b636d12 to remote] DEBUG org.apache.http.impl.conn.PoolingHttpClientConnectionManager - Connection released: [id: 0][route: {}->http://localhost:4723][total kept alive: 1; route allocated: 1 of 2000; total allocated: 1 of 2000]
17:27:12.925 [Forwarding quit on session 0cf5a4a2-594e-4c37-bb5e-15aa5b636d12 to remote] DEBUG org.apache.http.impl.conn.PoolingHttpClientConnectionManager - Closing connections idle longer than 0 SECONDS
17:27:12.936 [Forwarding newSession on session null to remote] DEBUG org.apache.http.client.protocol.RequestAddCookies - CookieSpec selected: default
17:27:12.936 [Forwarding newSession on session null to remote] DEBUG org.apache.http.client.protocol.RequestAuthCache - Auth cache not set in the context
17:27:12.936 [Forwarding newSession on session null to remote] DEBUG org.apache.http.impl.conn.PoolingHttpClientConnectionManager - Connection request: [route: {}->http://localhost:4723][total kept alive: 1; route allocated: 1 of 2000; total allocated: 1 of 2000]
17:27:12.936 [Forwarding newSession on session null to remote] DEBUG org.apache.http.impl.conn.PoolingHttpClientConnectionManager - Connection leased: [id: 0][route: {}->http://localhost:4723][total kept alive: 0; route allocated: 1 of 2000; total allocated: 1 of 2000]
17:27:12.936 [Forwarding newSession on session null to remote] DEBUG org.apache.http.impl.conn.DefaultManagedHttpClientConnection - http-outgoing-0: set socket timeout to 0
17:27:12.936 [Forwarding newSession on session null to remote] DEBUG org.apache.http.impl.conn.DefaultManagedHttpClientConnection - http-outgoing-0: set socket timeout to 10800000
17:27:12.936 [Forwarding newSession on session null to remote] DEBUG org.apache.http.impl.execchain.MainClientExec - Executing request POST /wd/hub/session HTTP/1.1
17:27:12.936 [Forwarding newSession on session null to remote] DEBUG org.apache.http.impl.execchain.MainClientExec - Target auth state: UNCHALLENGED
17:27:12.936 [Forwarding newSession on session null to remote] DEBUG org.apache.http.impl.execchain.MainClientExec - Proxy auth state: UNCHALLENGED
17:27:12.936 [Forwarding newSession on session null to remote] DEBUG org.apache.http.headers - http-outgoing-0 >> POST /wd/hub/session HTTP/1.1
17:27:12.936 [Forwarding newSession on session null to remote] DEBUG org.apache.http.headers - http-outgoing-0 >> Content-Type: application/json; charset=utf-8
17:27:12.936 [Forwarding newSession on session null to remote] DEBUG org.apache.http.headers - http-outgoing-0 >> User-Agent: selenium/3.14.0 (java mac)
17:27:12.936 [Forwarding newSession on session null to remote] DEBUG org.apache.http.headers - http-outgoing-0 >> Content-Length: 364
17:27:12.936 [Forwarding newSession on session null to remote] DEBUG org.apache.http.headers - http-outgoing-0 >> Host: localhost:4723
17:27:12.936 [Forwarding newSession on session null to remote] DEBUG org.apache.http.headers - http-outgoing-0 >> Connection: Keep-Alive
17:27:12.937 [Forwarding newSession on session null to remote] DEBUG org.apache.http.headers - http-outgoing-0 >> Accept-Encoding: gzip,deflate
17:27:12.937 [Forwarding newSession on session null to remote] DEBUG org.apache.http.wire - http-outgoing-0 >> "POST /wd/hub/session HTTP/1.1[\r][\n]"
17:27:12.937 [Forwarding newSession on session null to remote] DEBUG org.apache.http.wire - http-outgoing-0 >> "Content-Type: application/json; charset=utf-8[\r][\n]"
17:27:12.937 [Forwarding newSession on session null to remote] DEBUG org.apache.http.wire - http-outgoing-0 >> "User-Agent: selenium/3.14.0 (java mac)[\r][\n]"
17:27:12.937 [Forwarding newSession on session null to remote] DEBUG org.apache.http.wire - http-outgoing-0 >> "Content-Length: 364[\r][\n]"
17:27:12.937 [Forwarding newSession on session null to remote] DEBUG org.apache.http.wire - http-outgoing-0 >> "Host: localhost:4723[\r][\n]"
17:27:12.937 [Forwarding newSession on session null to remote] DEBUG org.apache.http.wire - http-outgoing-0 >> "Connection: Keep-Alive[\r][\n]"
17:27:12.937 [Forwarding newSession on session null to remote] DEBUG org.apache.http.wire - http-outgoing-0 >> "Accept-Encoding: gzip,deflate[\r][\n]"
17:27:12.937 [Forwarding newSession on session null to remote] DEBUG org.apache.http.wire - http-outgoing-0 >> "[\r][\n]"
17:27:12.937 [Forwarding newSession on session null to remote] DEBUG org.apache.http.wire - http-outgoing-0 >> "{[\n]"
17:27:12.937 [Forwarding newSession on session null to remote] DEBUG org.apache.http.wire - http-outgoing-0 >> "  "desiredCapabilities": {[\n]"
17:27:12.937 [Forwarding newSession on session null to remote] DEBUG org.apache.http.wire - http-outgoing-0 >> "    "appActivity": ".activity.HomeActivity",[\n]"
17:27:12.937 [Forwarding newSession on session null to remote] DEBUG org.apache.http.wire - http-outgoing-0 >> "    "appPackage": "com.todoist",[\n]"
17:27:12.937 [Forwarding newSession on session null to remote] DEBUG org.apache.http.wire - http-outgoing-0 >> "    "reportDirectory": "reports",[\n]"
17:27:12.937 [Forwarding newSession on session null to remote] DEBUG org.apache.http.wire - http-outgoing-0 >> "    "reportFormat": "xml",[\n]"
17:27:12.937 [Forwarding newSession on session null to remote] DEBUG org.apache.http.wire - http-outgoing-0 >> "    "platformName": "Android",[\n]"
17:27:12.937 [Forwarding newSession on session null to remote] DEBUG org.apache.http.wire - http-outgoing-0 >> "    "udid": "3ST0219301001652",[\n]"
17:27:12.937 [Forwarding newSession on session null to remote] DEBUG org.apache.http.wire - http-outgoing-0 >> "    "testName": "Untitled"[\n]"
17:27:12.937 [Forwarding newSession on session null to remote] DEBUG org.apache.http.wire - http-outgoing-0 >> "  },[\n]"
17:27:12.937 [Forwarding newSession on session null to remote] DEBUG org.apache.http.wire - http-outgoing-0 >> "  "capabilities": {[\n]"
17:27:12.937 [Forwarding newSession on session null to remote] DEBUG org.apache.http.wire - http-outgoing-0 >> "    "firstMatch": [[\n]"
17:27:12.937 [Forwarding newSession on session null to remote] DEBUG org.apache.http.wire - http-outgoing-0 >> "      {[\n]"
17:27:12.937 [Forwarding newSession on session null to remote] DEBUG org.apache.http.wire - http-outgoing-0 >> "        "platformName": "android"[\n]"
17:27:12.937 [Forwarding newSession on session null to remote] DEBUG org.apache.http.wire - http-outgoing-0 >> "      }[\n]"
17:27:12.937 [Forwarding newSession on session null to remote] DEBUG org.apache.http.wire - http-outgoing-0 >> "    ][\n]"
17:27:12.937 [Forwarding newSession on session null to remote] DEBUG org.apache.http.wire - http-outgoing-0 >> "  }[\n]"
17:27:12.937 [Forwarding newSession on session null to remote] DEBUG org.apache.http.wire - http-outgoing-0 >> "}"
17:27:17.010 [Forwarding newSession on session null to remote] DEBUG org.apache.http.wire - http-outgoing-0 << "HTTP/1.1 200 OK[\r][\n]"
17:27:17.011 [Forwarding newSession on session null to remote] DEBUG org.apache.http.wire - http-outgoing-0 << "Server: Restlet-Framework/2.3.9[\r][\n]"
17:27:17.011 [Forwarding newSession on session null to remote] DEBUG org.apache.http.wire - http-outgoing-0 << "Date: Fri, 29 Mar 2019 09:27:17 GMT[\r][\n]"
17:27:17.011 [Forwarding newSession on session null to remote] DEBUG org.apache.http.wire - http-outgoing-0 << "Content-type: application/json; charset=UTF-8[\r][\n]"
17:27:17.011 [Forwarding newSession on session null to remote] DEBUG org.apache.http.wire - http-outgoing-0 << "Content-length: 1314[\r][\n]"
17:27:17.012 [Forwarding newSession on session null to remote] DEBUG org.apache.http.wire - http-outgoing-0 << "[\r][\n]"
17:27:17.012 [Forwarding newSession on session null to remote] DEBUG org.apache.http.headers - http-outgoing-0 << HTTP/1.1 200 OK
17:27:17.012 [Forwarding newSession on session null to remote] DEBUG org.apache.http.headers - http-outgoing-0 << Server: Restlet-Framework/2.3.9
17:27:17.012 [Forwarding newSession on session null to remote] DEBUG org.apache.http.headers - http-outgoing-0 << Date: Fri, 29 Mar 2019 09:27:17 GMT
17:27:17.012 [Forwarding newSession on session null to remote] DEBUG org.apache.http.headers - http-outgoing-0 << Content-type: application/json; charset=UTF-8
17:27:17.012 [Forwarding newSession on session null to remote] DEBUG org.apache.http.headers - http-outgoing-0 << Content-length: 1314
17:27:17.012 [Forwarding newSession on session null to remote] DEBUG org.apache.http.impl.execchain.MainClientExec - Connection can be kept alive indefinitely
17:27:17.013 [Forwarding newSession on session null to remote] DEBUG org.apache.http.wire - http-outgoing-0 << "{"sessionId":"78302716-d67c-4709-9bfc-253f0f51dd8d","value":{"appPackage":"com.todoist","device.majorVersion":"9","dontGoHomeOnQuit":false,"device.os":"Android","noReset":false,"dontStopAppOnReset":false,"reservationDuration":240,"reportFormat":"xml","fullReset":false,"deviceUDID":"3ST0219301001652","install.only.for.update":false,"desired":{"appActivity":".activity.HomeActivity","appPackage":"com.todoist","reportDirectory":"reports","reportFormat":"xml","platformName":"Android","udid":"3ST0219301001652","testName":"Untitled"},"device.serialNumber":"3ST0219301001652","locationServicesAuthorized":false,"device.version":"9","reportDirectory":"reports","autoWebview":false,"platformName":"Android","udid":"3ST0219301001652","testName":"Untitled","device.screenSize":"1080x2244","useKeystore":false,"test.type":"Mobile","device.manufacture":"HUAWEI","instrumentApp":false,"appiumVersion":"1.8.0","device.category":"PHONE","autoDismissAlerts":false,"reportUrl":"/Users/TestTeam/appiumstudio-reports/reports/test800","newSessionWaitTimeout":300,"keystorePath":"~/.android/debug.keystore","appActivity":".activity.HomeActivity","waitForDeviceTimeout":120000,"device.model":"HMA-L29","device.name":"HMA-L29","autoGrantPermissions":false,"takeScreenshots":true,"projectName":"","autoAcceptAlerts":false},"status":0}"
17:27:17.013 [Forwarding newSession on session null to remote] DEBUG org.apache.http.impl.conn.PoolingHttpClientConnectionManager - Connection [id: 0][route: {}->http://localhost:4723] can be kept alive indefinitely
17:27:17.013 [Forwarding newSession on session null to remote] DEBUG org.apache.http.impl.conn.DefaultManagedHttpClientConnection - http-outgoing-0: set socket timeout to 0
17:27:17.013 [Forwarding newSession on session null to remote] DEBUG org.apache.http.impl.conn.PoolingHttpClientConnectionManager - Connection released: [id: 0][route: {}->http://localhost:4723][total kept alive: 1; route allocated: 1 of 2000; total allocated: 1 of 2000]
17:27:17.020 [Forwarding quit on session 78302716-d67c-4709-9bfc-253f0f51dd8d to remote] DEBUG org.apache.http.client.protocol.RequestAddCookies - CookieSpec selected: default
17:27:17.020 [Forwarding quit on session 78302716-d67c-4709-9bfc-253f0f51dd8d to remote] DEBUG org.apache.http.client.protocol.RequestAuthCache - Auth cache not set in the context
17:27:17.020 [Forwarding quit on session 78302716-d67c-4709-9bfc-253f0f51dd8d to remote] DEBUG org.apache.http.impl.conn.PoolingHttpClientConnectionManager - Connection request: [route: {}->http://localhost:4723][total kept alive: 1; route allocated: 1 of 2000; total allocated: 1 of 2000]
17:27:17.020 [Forwarding quit on session 78302716-d67c-4709-9bfc-253f0f51dd8d to remote] DEBUG org.apache.http.impl.conn.PoolingHttpClientConnectionManager - Connection leased: [id: 0][route: {}->http://localhost:4723][total kept alive: 0; route allocated: 1 of 2000; total allocated: 1 of 2000]
17:27:17.020 [Forwarding quit on session 78302716-d67c-4709-9bfc-253f0f51dd8d to remote] DEBUG org.apache.http.impl.conn.DefaultManagedHttpClientConnection - http-outgoing-0: set socket timeout to 0
17:27:17.020 [Forwarding quit on session 78302716-d67c-4709-9bfc-253f0f51dd8d to remote] DEBUG org.apache.http.impl.conn.DefaultManagedHttpClientConnection - http-outgoing-0: set socket timeout to 10800000
17:27:17.020 [Forwarding quit on session 78302716-d67c-4709-9bfc-253f0f51dd8d to remote] DEBUG org.apache.http.impl.execchain.MainClientExec - Executing request DELETE /wd/hub/session/78302716-d67c-4709-9bfc-253f0f51dd8d HTTP/1.1
17:27:17.020 [Forwarding quit on session 78302716-d67c-4709-9bfc-253f0f51dd8d to remote] DEBUG org.apache.http.impl.execchain.MainClientExec - Target auth state: UNCHALLENGED
17:27:17.020 [Forwarding quit on session 78302716-d67c-4709-9bfc-253f0f51dd8d to remote] DEBUG org.apache.http.impl.execchain.MainClientExec - Proxy auth state: UNCHALLENGED
17:27:17.020 [Forwarding quit on session 78302716-d67c-4709-9bfc-253f0f51dd8d to remote] DEBUG org.apache.http.headers - http-outgoing-0 >> DELETE /wd/hub/session/78302716-d67c-4709-9bfc-253f0f51dd8d HTTP/1.1
17:27:17.021 [Forwarding quit on session 78302716-d67c-4709-9bfc-253f0f51dd8d to remote] DEBUG org.apache.http.headers - http-outgoing-0 >> User-Agent: selenium/3.14.0 (java mac)
17:27:17.021 [Forwarding quit on session 78302716-d67c-4709-9bfc-253f0f51dd8d to remote] DEBUG org.apache.http.headers - http-outgoing-0 >> Host: localhost:4723
17:27:17.021 [Forwarding quit on session 78302716-d67c-4709-9bfc-253f0f51dd8d to remote] DEBUG org.apache.http.headers - http-outgoing-0 >> Connection: Keep-Alive
17:27:17.021 [Forwarding quit on session 78302716-d67c-4709-9bfc-253f0f51dd8d to remote] DEBUG org.apache.http.headers - http-outgoing-0 >> Accept-Encoding: gzip,deflate
17:27:17.022 [Forwarding quit on session 78302716-d67c-4709-9bfc-253f0f51dd8d to remote] DEBUG org.apache.http.wire - http-outgoing-0 >> "DELETE /wd/hub/session/78302716-d67c-4709-9bfc-253f0f51dd8d HTTP/1.1[\r][\n]"
17:27:17.022 [Forwarding quit on session 78302716-d67c-4709-9bfc-253f0f51dd8d to remote] DEBUG org.apache.http.wire - http-outgoing-0 >> "User-Agent: selenium/3.14.0 (java mac)[\r][\n]"
17:27:17.022 [Forwarding quit on session 78302716-d67c-4709-9bfc-253f0f51dd8d to remote] DEBUG org.apache.http.wire - http-outgoing-0 >> "Host: localhost:4723[\r][\n]"
17:27:17.022 [Forwarding quit on session 78302716-d67c-4709-9bfc-253f0f51dd8d to remote] DEBUG org.apache.http.wire - http-outgoing-0 >> "Connection: Keep-Alive[\r][\n]"
17:27:17.022 [Forwarding quit on session 78302716-d67c-4709-9bfc-253f0f51dd8d to remote] DEBUG org.apache.http.wire - http-outgoing-0 >> "Accept-Encoding: gzip,deflate[\r][\n]"
17:27:17.022 [Forwarding quit on session 78302716-d67c-4709-9bfc-253f0f51dd8d to remote] DEBUG org.apache.http.wire - http-outgoing-0 >> "[\r][\n]"
17:27:18.797 [Forwarding quit on session 78302716-d67c-4709-9bfc-253f0f51dd8d to remote] DEBUG org.apache.http.wire - http-outgoing-0 << "HTTP/1.1 200 OK[\r][\n]"
17:27:18.798 [Forwarding quit on session 78302716-d67c-4709-9bfc-253f0f51dd8d to remote] DEBUG org.apache.http.wire - http-outgoing-0 << "Server: Restlet-Framework/2.3.9[\r][\n]"
17:27:18.799 [Forwarding quit on session 78302716-d67c-4709-9bfc-253f0f51dd8d to remote] DEBUG org.apache.http.wire - http-outgoing-0 << "Date: Fri, 29 Mar 2019 09:27:18 GMT[\r][\n]"
17:27:18.799 [Forwarding quit on session 78302716-d67c-4709-9bfc-253f0f51dd8d to remote] DEBUG org.apache.http.wire - http-outgoing-0 << "Content-type: application/json; charset=UTF-8[\r][\n]"
17:27:18.799 [Forwarding quit on session 78302716-d67c-4709-9bfc-253f0f51dd8d to remote] DEBUG org.apache.http.wire - http-outgoing-0 << "Content-length: 74[\r][\n]"
17:27:18.799 [Forwarding quit on session 78302716-d67c-4709-9bfc-253f0f51dd8d to remote] DEBUG org.apache.http.wire - http-outgoing-0 << "[\r][\n]"
17:27:18.799 [Forwarding quit on session 78302716-d67c-4709-9bfc-253f0f51dd8d to remote] DEBUG org.apache.http.headers - http-outgoing-0 << HTTP/1.1 200 OK
17:27:18.799 [Forwarding quit on session 78302716-d67c-4709-9bfc-253f0f51dd8d to remote] DEBUG org.apache.http.headers - http-outgoing-0 << Server: Restlet-Framework/2.3.9
17:27:18.799 [Forwarding quit on session 78302716-d67c-4709-9bfc-253f0f51dd8d to remote] DEBUG org.apache.http.headers - http-outgoing-0 << Date: Fri, 29 Mar 2019 09:27:18 GMT
17:27:18.799 [Forwarding quit on session 78302716-d67c-4709-9bfc-253f0f51dd8d to remote] DEBUG org.apache.http.headers - http-outgoing-0 << Content-type: application/json; charset=UTF-8
17:27:18.799 [Forwarding quit on session 78302716-d67c-4709-9bfc-253f0f51dd8d to remote] DEBUG org.apache.http.headers - http-outgoing-0 << Content-length: 74
17:27:18.799 [Forwarding quit on session 78302716-d67c-4709-9bfc-253f0f51dd8d to remote] DEBUG org.apache.http.impl.execchain.MainClientExec - Connection can be kept alive indefinitely
17:27:18.800 [Forwarding quit on session 78302716-d67c-4709-9bfc-253f0f51dd8d to remote] DEBUG org.apache.http.wire - http-outgoing-0 << "{"sessionId":"78302716-d67c-4709-9bfc-253f0f51dd8d","value":"","status":0}"
17:27:18.800 [Forwarding quit on session 78302716-d67c-4709-9bfc-253f0f51dd8d to remote] DEBUG org.apache.http.impl.conn.PoolingHttpClientConnectionManager - Connection [id: 0][route: {}->http://localhost:4723] can be kept alive indefinitely
17:27:18.800 [Forwarding quit on session 78302716-d67c-4709-9bfc-253f0f51dd8d to remote] DEBUG org.apache.http.impl.conn.DefaultManagedHttpClientConnection - http-outgoing-0: set socket timeout to 0
17:27:18.800 [Forwarding quit on session 78302716-d67c-4709-9bfc-253f0f51dd8d to remote] DEBUG org.apache.http.impl.conn.PoolingHttpClientConnectionManager - Connection released: [id: 0][route: {}->http://localhost:4723][total kept alive: 1; route allocated: 1 of 2000; total allocated: 1 of 2000]
17:27:18.802 [Forwarding quit on session 78302716-d67c-4709-9bfc-253f0f51dd8d to remote] DEBUG org.apache.http.impl.conn.PoolingHttpClientConnectionManager - Closing connections idle longer than 0 SECONDS
]]></system-out>
  <system-err><![CDATA[Mar 29, 2019 5:27:04 PM org.openqa.selenium.remote.ProtocolHandshake createSession
INFO: Detected dialect: OSS
Mar 29, 2019 5:27:04 PM org.openqa.selenium.remote.RemoteWebDriver log
INFO: Executing: quit [58ed9a02-7314-4b69-ae30-66a1700877d7, quit {}]
Mar 29, 2019 5:27:06 PM org.openqa.selenium.remote.RemoteWebDriver log
INFO: Executed: [58ed9a02-7314-4b69-ae30-66a1700877d7, quit {}]
Mar 29, 2019 5:27:10 PM org.openqa.selenium.remote.ProtocolHandshake createSession
INFO: Detected dialect: OSS
Mar 29, 2019 5:27:10 PM org.openqa.selenium.remote.RemoteWebDriver log
INFO: Executing: quit [0cf5a4a2-594e-4c37-bb5e-15aa5b636d12, quit {}]
Mar 29, 2019 5:27:12 PM org.openqa.selenium.remote.RemoteWebDriver log
INFO: Executed: [0cf5a4a2-594e-4c37-bb5e-15aa5b636d12, quit {}]
Mar 29, 2019 5:27:17 PM org.openqa.selenium.remote.ProtocolHandshake createSession
INFO: Detected dialect: OSS
Mar 29, 2019 5:27:17 PM org.openqa.selenium.remote.RemoteWebDriver log
INFO: Executing: quit [78302716-d67c-4709-9bfc-253f0f51dd8d, quit {}]
Mar 29, 2019 5:27:18 PM org.openqa.selenium.remote.RemoteWebDriver log
INFO: Executed: [78302716-d67c-4709-9bfc-253f0f51dd8d, quit {}]
]]></system-err>
</testsuite>
