<?xml version="1.0" encoding="UTF-8"?>
<testsuite name="Q2" tests="3" skipped="0" failures="3" errors="0" timestamp="2019-03-29T09:26:40" hostname="QAMacMini-3" time="19.931">
  <properties/>
  <testcase name="testUntitled" classname="Q2" time="7.076">
    <failure message="java.lang.NullPointerException" type="java.lang.NullPointerException">java.lang.NullPointerException
	at basic.login(basic.java:37)
	at Q2.testUntitled(Q2.java:35)
	at sun.reflect.NativeMethodAccessorImpl.invoke0(Native Method)
	at sun.reflect.NativeMethodAccessorImpl.invoke(NativeMethodAccessorImpl.java:62)
	at sun.reflect.DelegatingMethodAccessorImpl.invoke(DelegatingMethodAccessorImpl.java:43)
	at java.lang.reflect.Method.invoke(Method.java:498)
	at org.junit.runners.model.FrameworkMethod$1.runReflectiveCall(FrameworkMethod.java:50)
	at org.junit.internal.runners.model.ReflectiveCallable.run(ReflectiveCallable.java:12)
	at org.junit.runners.model.FrameworkMethod.invokeExplosively(FrameworkMethod.java:47)
	at org.junit.internal.runners.statements.InvokeMethod.evaluate(InvokeMethod.java:17)
	at org.junit.internal.runners.statements.RunBefores.evaluate(RunBefores.java:26)
	at org.junit.internal.runners.statements.RunAfters.evaluate(RunAfters.java:27)
	at org.junit.runners.ParentRunner.runLeaf(ParentRunner.java:325)
	at org.junit.runners.BlockJUnit4ClassRunner.runChild(BlockJUnit4ClassRunner.java:78)
	at org.junit.runners.BlockJUnit4ClassRunner.runChild(BlockJUnit4ClassRunner.java:57)
	at org.junit.runners.ParentRunner$3.run(ParentRunner.java:290)
	at org.junit.runners.ParentRunner$1.schedule(ParentRunner.java:71)
	at org.junit.runners.ParentRunner.runChildren(ParentRunner.java:288)
	at org.junit.runners.ParentRunner.access$000(ParentRunner.java:58)
	at org.junit.runners.ParentRunner$2.evaluate(ParentRunner.java:268)
	at org.junit.runners.ParentRunner.run(ParentRunner.java:363)
	at org.gradle.api.internal.tasks.testing.junit.JUnitTestClassExecutor.runTestClass(JUnitTestClassExecutor.java:106)
	at org.gradle.api.internal.tasks.testing.junit.JUnitTestClassExecutor.execute(JUnitTestClassExecutor.java:58)
	at org.gradle.api.internal.tasks.testing.junit.JUnitTestClassExecutor.execute(JUnitTestClassExecutor.java:38)
	at org.gradle.api.internal.tasks.testing.junit.AbstractJUnitTestClassProcessor.processTestClass(AbstractJUnitTestClassProcessor.java:66)
	at org.gradle.api.internal.tasks.testing.SuiteTestClassProcessor.processTestClass(SuiteTestClassProcessor.java:51)
	at sun.reflect.NativeMethodAccessorImpl.invoke0(Native Method)
	at sun.reflect.NativeMethodAccessorImpl.invoke(NativeMethodAccessorImpl.java:62)
	at sun.reflect.DelegatingMethodAccessorImpl.invoke(DelegatingMethodAccessorImpl.java:43)
	at java.lang.reflect.Method.invoke(Method.java:498)
	at org.gradle.internal.dispatch.ReflectionDispatch.dispatch(ReflectionDispatch.java:35)
	at org.gradle.internal.dispatch.ReflectionDispatch.dispatch(ReflectionDispatch.java:24)
	at org.gradle.internal.dispatch.ContextClassLoaderDispatch.dispatch(ContextClassLoaderDispatch.java:32)
	at org.gradle.internal.dispatch.ProxyDispatchAdapter$DispatchingInvocationHandler.invoke(ProxyDispatchAdapter.java:93)
	at com.sun.proxy.$Proxy1.processTestClass(Unknown Source)
	at org.gradle.api.internal.tasks.testing.worker.TestWorker.processTestClass(TestWorker.java:109)
	at sun.reflect.NativeMethodAccessorImpl.invoke0(Native Method)
	at sun.reflect.NativeMethodAccessorImpl.invoke(NativeMethodAccessorImpl.java:62)
	at sun.reflect.DelegatingMethodAccessorImpl.invoke(DelegatingMethodAccessorImpl.java:43)
	at java.lang.reflect.Method.invoke(Method.java:498)
	at org.gradle.internal.dispatch.ReflectionDispatch.dispatch(ReflectionDispatch.java:35)
	at org.gradle.internal.dispatch.ReflectionDispatch.dispatch(ReflectionDispatch.java:24)
	at org.gradle.internal.remote.internal.hub.MessageHubBackedObjectConnection$DispatchWrapper.dispatch(MessageHubBackedObjectConnection.java:155)
	at org.gradle.internal.remote.internal.hub.MessageHubBackedObjectConnection$DispatchWrapper.dispatch(MessageHubBackedObjectConnection.java:137)
	at org.gradle.internal.remote.internal.hub.MessageHub$Handler.run(MessageHub.java:404)
	at org.gradle.internal.concurrent.ExecutorPolicy$CatchAndRecordFailures.onExecute(ExecutorPolicy.java:63)
	at org.gradle.internal.concurrent.ManagedExecutorImpl$1.run(ManagedExecutorImpl.java:46)
	at java.util.concurrent.ThreadPoolExecutor.runWorker(ThreadPoolExecutor.java:1142)
	at java.util.concurrent.ThreadPoolExecutor$Worker.run(ThreadPoolExecutor.java:617)
	at org.gradle.internal.concurrent.ThreadFactoryImpl$ManagedThreadRunnable.run(ThreadFactoryImpl.java:55)
	at java.lang.Thread.run(Thread.java:745)
</failure>
  </testcase>
  <testcase name="logout" classname="Q2" time="6.298">
    <failure message="java.lang.NullPointerException" type="java.lang.NullPointerException">java.lang.NullPointerException
	at basic.logout(basic.java:52)
	at sun.reflect.NativeMethodAccessorImpl.invoke0(Native Method)
	at sun.reflect.NativeMethodAccessorImpl.invoke(NativeMethodAccessorImpl.java:62)
	at sun.reflect.DelegatingMethodAccessorImpl.invoke(DelegatingMethodAccessorImpl.java:43)
	at java.lang.reflect.Method.invoke(Method.java:498)
	at org.junit.runners.model.FrameworkMethod$1.runReflectiveCall(FrameworkMethod.java:50)
	at org.junit.internal.runners.model.ReflectiveCallable.run(ReflectiveCallable.java:12)
	at org.junit.runners.model.FrameworkMethod.invokeExplosively(FrameworkMethod.java:47)
	at org.junit.internal.runners.statements.InvokeMethod.evaluate(InvokeMethod.java:17)
	at org.junit.internal.runners.statements.RunBefores.evaluate(RunBefores.java:26)
	at org.junit.internal.runners.statements.RunAfters.evaluate(RunAfters.java:27)
	at org.junit.runners.ParentRunner.runLeaf(ParentRunner.java:325)
	at org.junit.runners.BlockJUnit4ClassRunner.runChild(BlockJUnit4ClassRunner.java:78)
	at org.junit.runners.BlockJUnit4ClassRunner.runChild(BlockJUnit4ClassRunner.java:57)
	at org.junit.runners.ParentRunner$3.run(ParentRunner.java:290)
	at org.junit.runners.ParentRunner$1.schedule(ParentRunner.java:71)
	at org.junit.runners.ParentRunner.runChildren(ParentRunner.java:288)
	at org.junit.runners.ParentRunner.access$000(ParentRunner.java:58)
	at org.junit.runners.ParentRunner$2.evaluate(ParentRunner.java:268)
	at org.junit.runners.ParentRunner.run(ParentRunner.java:363)
	at org.gradle.api.internal.tasks.testing.junit.JUnitTestClassExecutor.runTestClass(JUnitTestClassExecutor.java:106)
	at org.gradle.api.internal.tasks.testing.junit.JUnitTestClassExecutor.execute(JUnitTestClassExecutor.java:58)
	at org.gradle.api.internal.tasks.testing.junit.JUnitTestClassExecutor.execute(JUnitTestClassExecutor.java:38)
	at org.gradle.api.internal.tasks.testing.junit.AbstractJUnitTestClassProcessor.processTestClass(AbstractJUnitTestClassProcessor.java:66)
	at org.gradle.api.internal.tasks.testing.SuiteTestClassProcessor.processTestClass(SuiteTestClassProcessor.java:51)
	at sun.reflect.NativeMethodAccessorImpl.invoke0(Native Method)
	at sun.reflect.NativeMethodAccessorImpl.invoke(NativeMethodAccessorImpl.java:62)
	at sun.reflect.DelegatingMethodAccessorImpl.invoke(DelegatingMethodAccessorImpl.java:43)
	at java.lang.reflect.Method.invoke(Method.java:498)
	at org.gradle.internal.dispatch.ReflectionDispatch.dispatch(ReflectionDispatch.java:35)
	at org.gradle.internal.dispatch.ReflectionDispatch.dispatch(ReflectionDispatch.java:24)
	at org.gradle.internal.dispatch.ContextClassLoaderDispatch.dispatch(ContextClassLoaderDispatch.java:32)
	at org.gradle.internal.dispatch.ProxyDispatchAdapter$DispatchingInvocationHandler.invoke(ProxyDispatchAdapter.java:93)
	at com.sun.proxy.$Proxy1.processTestClass(Unknown Source)
	at org.gradle.api.internal.tasks.testing.worker.TestWorker.processTestClass(TestWorker.java:109)
	at sun.reflect.NativeMethodAccessorImpl.invoke0(Native Method)
	at sun.reflect.NativeMethodAccessorImpl.invoke(NativeMethodAccessorImpl.java:62)
	at sun.reflect.DelegatingMethodAccessorImpl.invoke(DelegatingMethodAccessorImpl.java:43)
	at java.lang.reflect.Method.invoke(Method.java:498)
	at org.gradle.internal.dispatch.ReflectionDispatch.dispatch(ReflectionDispatch.java:35)
	at org.gradle.internal.dispatch.ReflectionDispatch.dispatch(ReflectionDispatch.java:24)
	at org.gradle.internal.remote.internal.hub.MessageHubBackedObjectConnection$DispatchWrapper.dispatch(MessageHubBackedObjectConnection.java:155)
	at org.gradle.internal.remote.internal.hub.MessageHubBackedObjectConnection$DispatchWrapper.dispatch(MessageHubBackedObjectConnection.java:137)
	at org.gradle.internal.remote.internal.hub.MessageHub$Handler.run(MessageHub.java:404)
	at org.gradle.internal.concurrent.ExecutorPolicy$CatchAndRecordFailures.onExecute(ExecutorPolicy.java:63)
	at org.gradle.internal.concurrent.ManagedExecutorImpl$1.run(ManagedExecutorImpl.java:46)
	at java.util.concurrent.ThreadPoolExecutor.runWorker(ThreadPoolExecutor.java:1142)
	at java.util.concurrent.ThreadPoolExecutor$Worker.run(ThreadPoolExecutor.java:617)
	at org.gradle.internal.concurrent.ThreadFactoryImpl$ManagedThreadRunnable.run(ThreadFactoryImpl.java:55)
	at java.lang.Thread.run(Thread.java:745)
</failure>
  </testcase>
  <testcase name="login" classname="Q2" time="6.557">
    <failure message="java.lang.NullPointerException" type="java.lang.NullPointerException">java.lang.NullPointerException
	at basic.login(basic.java:37)
	at sun.reflect.NativeMethodAccessorImpl.invoke0(Native Method)
	at sun.reflect.NativeMethodAccessorImpl.invoke(NativeMethodAccessorImpl.java:62)
	at sun.reflect.DelegatingMethodAccessorImpl.invoke(DelegatingMethodAccessorImpl.java:43)
	at java.lang.reflect.Method.invoke(Method.java:498)
	at org.junit.runners.model.FrameworkMethod$1.runReflectiveCall(FrameworkMethod.java:50)
	at org.junit.internal.runners.model.ReflectiveCallable.run(ReflectiveCallable.java:12)
	at org.junit.runners.model.FrameworkMethod.invokeExplosively(FrameworkMethod.java:47)
	at org.junit.internal.runners.statements.InvokeMethod.evaluate(InvokeMethod.java:17)
	at org.junit.internal.runners.statements.RunBefores.evaluate(RunBefores.java:26)
	at org.junit.internal.runners.statements.RunAfters.evaluate(RunAfters.java:27)
	at org.junit.runners.ParentRunner.runLeaf(ParentRunner.java:325)
	at org.junit.runners.BlockJUnit4ClassRunner.runChild(BlockJUnit4ClassRunner.java:78)
	at org.junit.runners.BlockJUnit4ClassRunner.runChild(BlockJUnit4ClassRunner.java:57)
	at org.junit.runners.ParentRunner$3.run(ParentRunner.java:290)
	at org.junit.runners.ParentRunner$1.schedule(ParentRunner.java:71)
	at org.junit.runners.ParentRunner.runChildren(ParentRunner.java:288)
	at org.junit.runners.ParentRunner.access$000(ParentRunner.java:58)
	at org.junit.runners.ParentRunner$2.evaluate(ParentRunner.java:268)
	at org.junit.runners.ParentRunner.run(ParentRunner.java:363)
	at org.gradle.api.internal.tasks.testing.junit.JUnitTestClassExecutor.runTestClass(JUnitTestClassExecutor.java:106)
	at org.gradle.api.internal.tasks.testing.junit.JUnitTestClassExecutor.execute(JUnitTestClassExecutor.java:58)
	at org.gradle.api.internal.tasks.testing.junit.JUnitTestClassExecutor.execute(JUnitTestClassExecutor.java:38)
	at org.gradle.api.internal.tasks.testing.junit.AbstractJUnitTestClassProcessor.processTestClass(AbstractJUnitTestClassProcessor.java:66)
	at org.gradle.api.internal.tasks.testing.SuiteTestClassProcessor.processTestClass(SuiteTestClassProcessor.java:51)
	at sun.reflect.NativeMethodAccessorImpl.invoke0(Native Method)
	at sun.reflect.NativeMethodAccessorImpl.invoke(NativeMethodAccessorImpl.java:62)
	at sun.reflect.DelegatingMethodAccessorImpl.invoke(DelegatingMethodAccessorImpl.java:43)
	at java.lang.reflect.Method.invoke(Method.java:498)
	at org.gradle.internal.dispatch.ReflectionDispatch.dispatch(ReflectionDispatch.java:35)
	at org.gradle.internal.dispatch.ReflectionDispatch.dispatch(ReflectionDispatch.java:24)
	at org.gradle.internal.dispatch.ContextClassLoaderDispatch.dispatch(ContextClassLoaderDispatch.java:32)
	at org.gradle.internal.dispatch.ProxyDispatchAdapter$DispatchingInvocationHandler.invoke(ProxyDispatchAdapter.java:93)
	at com.sun.proxy.$Proxy1.processTestClass(Unknown Source)
	at org.gradle.api.internal.tasks.testing.worker.TestWorker.processTestClass(TestWorker.java:109)
	at sun.reflect.NativeMethodAccessorImpl.invoke0(Native Method)
	at sun.reflect.NativeMethodAccessorImpl.invoke(NativeMethodAccessorImpl.java:62)
	at sun.reflect.DelegatingMethodAccessorImpl.invoke(DelegatingMethodAccessorImpl.java:43)
	at java.lang.reflect.Method.invoke(Method.java:498)
	at org.gradle.internal.dispatch.ReflectionDispatch.dispatch(ReflectionDispatch.java:35)
	at org.gradle.internal.dispatch.ReflectionDispatch.dispatch(ReflectionDispatch.java:24)
	at org.gradle.internal.remote.internal.hub.MessageHubBackedObjectConnection$DispatchWrapper.dispatch(MessageHubBackedObjectConnection.java:155)
	at org.gradle.internal.remote.internal.hub.MessageHubBackedObjectConnection$DispatchWrapper.dispatch(MessageHubBackedObjectConnection.java:137)
	at org.gradle.internal.remote.internal.hub.MessageHub$Handler.run(MessageHub.java:404)
	at org.gradle.internal.concurrent.ExecutorPolicy$CatchAndRecordFailures.onExecute(ExecutorPolicy.java:63)
	at org.gradle.internal.concurrent.ManagedExecutorImpl$1.run(ManagedExecutorImpl.java:46)
	at java.util.concurrent.ThreadPoolExecutor.runWorker(ThreadPoolExecutor.java:1142)
	at java.util.concurrent.ThreadPoolExecutor$Worker.run(ThreadPoolExecutor.java:617)
	at org.gradle.internal.concurrent.ThreadFactoryImpl$ManagedThreadRunnable.run(ThreadFactoryImpl.java:55)
	at java.lang.Thread.run(Thread.java:745)
</failure>
  </testcase>
  <system-out><![CDATA[17:26:41.333 [Forwarding newSession on session null to remote] DEBUG org.apache.http.client.protocol.RequestAddCookies - CookieSpec selected: default
17:26:41.346 [Forwarding newSession on session null to remote] DEBUG org.apache.http.client.protocol.RequestAuthCache - Auth cache not set in the context
17:26:41.347 [Forwarding newSession on session null to remote] DEBUG org.apache.http.impl.conn.PoolingHttpClientConnectionManager - Connection request: [route: {}->http://localhost:4723][total kept alive: 0; route allocated: 0 of 2000; total allocated: 0 of 2000]
17:26:41.360 [Forwarding newSession on session null to remote] DEBUG org.apache.http.impl.conn.PoolingHttpClientConnectionManager - Connection leased: [id: 0][route: {}->http://localhost:4723][total kept alive: 0; route allocated: 1 of 2000; total allocated: 1 of 2000]
17:26:41.361 [Forwarding newSession on session null to remote] DEBUG org.apache.http.impl.execchain.MainClientExec - Opening connection {}->http://localhost:4723
17:26:41.367 [Forwarding newSession on session null to remote] DEBUG org.apache.http.impl.conn.DefaultHttpClientConnectionOperator - Connecting to localhost/127.0.0.1:4723
17:26:41.369 [Forwarding newSession on session null to remote] DEBUG org.apache.http.impl.conn.DefaultHttpClientConnectionOperator - Connection established 127.0.0.1:54444<->127.0.0.1:4723
17:26:41.369 [Forwarding newSession on session null to remote] DEBUG org.apache.http.impl.conn.DefaultManagedHttpClientConnection - http-outgoing-0: set socket timeout to 10800000
17:26:41.369 [Forwarding newSession on session null to remote] DEBUG org.apache.http.impl.execchain.MainClientExec - Executing request POST /wd/hub/session HTTP/1.1
17:26:41.369 [Forwarding newSession on session null to remote] DEBUG org.apache.http.impl.execchain.MainClientExec - Target auth state: UNCHALLENGED
17:26:41.370 [Forwarding newSession on session null to remote] DEBUG org.apache.http.impl.execchain.MainClientExec - Proxy auth state: UNCHALLENGED
17:26:41.373 [Forwarding newSession on session null to remote] DEBUG org.apache.http.headers - http-outgoing-0 >> POST /wd/hub/session HTTP/1.1
17:26:41.373 [Forwarding newSession on session null to remote] DEBUG org.apache.http.headers - http-outgoing-0 >> Content-Type: application/json; charset=utf-8
17:26:41.373 [Forwarding newSession on session null to remote] DEBUG org.apache.http.headers - http-outgoing-0 >> User-Agent: selenium/3.14.0 (java mac)
17:26:41.373 [Forwarding newSession on session null to remote] DEBUG org.apache.http.headers - http-outgoing-0 >> Content-Length: 364
17:26:41.373 [Forwarding newSession on session null to remote] DEBUG org.apache.http.headers - http-outgoing-0 >> Host: localhost:4723
17:26:41.373 [Forwarding newSession on session null to remote] DEBUG org.apache.http.headers - http-outgoing-0 >> Connection: Keep-Alive
17:26:41.373 [Forwarding newSession on session null to remote] DEBUG org.apache.http.headers - http-outgoing-0 >> Accept-Encoding: gzip,deflate
17:26:41.374 [Forwarding newSession on session null to remote] DEBUG org.apache.http.wire - http-outgoing-0 >> "POST /wd/hub/session HTTP/1.1[\r][\n]"
17:26:41.374 [Forwarding newSession on session null to remote] DEBUG org.apache.http.wire - http-outgoing-0 >> "Content-Type: application/json; charset=utf-8[\r][\n]"
17:26:41.374 [Forwarding newSession on session null to remote] DEBUG org.apache.http.wire - http-outgoing-0 >> "User-Agent: selenium/3.14.0 (java mac)[\r][\n]"
17:26:41.374 [Forwarding newSession on session null to remote] DEBUG org.apache.http.wire - http-outgoing-0 >> "Content-Length: 364[\r][\n]"
17:26:41.375 [Forwarding newSession on session null to remote] DEBUG org.apache.http.wire - http-outgoing-0 >> "Host: localhost:4723[\r][\n]"
17:26:41.375 [Forwarding newSession on session null to remote] DEBUG org.apache.http.wire - http-outgoing-0 >> "Connection: Keep-Alive[\r][\n]"
17:26:41.375 [Forwarding newSession on session null to remote] DEBUG org.apache.http.wire - http-outgoing-0 >> "Accept-Encoding: gzip,deflate[\r][\n]"
17:26:41.375 [Forwarding newSession on session null to remote] DEBUG org.apache.http.wire - http-outgoing-0 >> "[\r][\n]"
17:26:41.375 [Forwarding newSession on session null to remote] DEBUG org.apache.http.wire - http-outgoing-0 >> "{[\n]"
17:26:41.375 [Forwarding newSession on session null to remote] DEBUG org.apache.http.wire - http-outgoing-0 >> "  "desiredCapabilities": {[\n]"
17:26:41.376 [Forwarding newSession on session null to remote] DEBUG org.apache.http.wire - http-outgoing-0 >> "    "appActivity": ".activity.HomeActivity",[\n]"
17:26:41.376 [Forwarding newSession on session null to remote] DEBUG org.apache.http.wire - http-outgoing-0 >> "    "appPackage": "com.todoist",[\n]"
17:26:41.376 [Forwarding newSession on session null to remote] DEBUG org.apache.http.wire - http-outgoing-0 >> "    "reportDirectory": "reports",[\n]"
17:26:41.377 [Forwarding newSession on session null to remote] DEBUG org.apache.http.wire - http-outgoing-0 >> "    "reportFormat": "xml",[\n]"
17:26:41.378 [Forwarding newSession on session null to remote] DEBUG org.apache.http.wire - http-outgoing-0 >> "    "platformName": "Android",[\n]"
17:26:41.378 [Forwarding newSession on session null to remote] DEBUG org.apache.http.wire - http-outgoing-0 >> "    "udid": "3ST0219301001652",[\n]"
17:26:41.379 [Forwarding newSession on session null to remote] DEBUG org.apache.http.wire - http-outgoing-0 >> "    "testName": "Untitled"[\n]"
17:26:41.381 [Forwarding newSession on session null to remote] DEBUG org.apache.http.wire - http-outgoing-0 >> "  },[\n]"
17:26:41.383 [Forwarding newSession on session null to remote] DEBUG org.apache.http.wire - http-outgoing-0 >> "  "capabilities": {[\n]"
17:26:41.383 [Forwarding newSession on session null to remote] DEBUG org.apache.http.wire - http-outgoing-0 >> "    "firstMatch": [[\n]"
17:26:41.383 [Forwarding newSession on session null to remote] DEBUG org.apache.http.wire - http-outgoing-0 >> "      {[\n]"
17:26:41.383 [Forwarding newSession on session null to remote] DEBUG org.apache.http.wire - http-outgoing-0 >> "        "platformName": "android"[\n]"
17:26:41.384 [Forwarding newSession on session null to remote] DEBUG org.apache.http.wire - http-outgoing-0 >> "      }[\n]"
17:26:41.384 [Forwarding newSession on session null to remote] DEBUG org.apache.http.wire - http-outgoing-0 >> "    ][\n]"
17:26:41.384 [Forwarding newSession on session null to remote] DEBUG org.apache.http.wire - http-outgoing-0 >> "  }[\n]"
17:26:41.384 [Forwarding newSession on session null to remote] DEBUG org.apache.http.wire - http-outgoing-0 >> "}"
17:26:45.661 [Forwarding newSession on session null to remote] DEBUG org.apache.http.wire - http-outgoing-0 << "HTTP/1.1 200 OK[\r][\n]"
17:26:45.662 [Forwarding newSession on session null to remote] DEBUG org.apache.http.wire - http-outgoing-0 << "Server: Restlet-Framework/2.3.9[\r][\n]"
17:26:45.662 [Forwarding newSession on session null to remote] DEBUG org.apache.http.wire - http-outgoing-0 << "Date: Fri, 29 Mar 2019 09:26:45 GMT[\r][\n]"
17:26:45.662 [Forwarding newSession on session null to remote] DEBUG org.apache.http.wire - http-outgoing-0 << "Content-type: application/json; charset=UTF-8[\r][\n]"
17:26:45.662 [Forwarding newSession on session null to remote] DEBUG org.apache.http.wire - http-outgoing-0 << "Content-length: 1314[\r][\n]"
17:26:45.662 [Forwarding newSession on session null to remote] DEBUG org.apache.http.wire - http-outgoing-0 << "[\r][\n]"
17:26:45.668 [Forwarding newSession on session null to remote] DEBUG org.apache.http.headers - http-outgoing-0 << HTTP/1.1 200 OK
17:26:45.670 [Forwarding newSession on session null to remote] DEBUG org.apache.http.headers - http-outgoing-0 << Server: Restlet-Framework/2.3.9
17:26:45.670 [Forwarding newSession on session null to remote] DEBUG org.apache.http.headers - http-outgoing-0 << Date: Fri, 29 Mar 2019 09:26:45 GMT
17:26:45.670 [Forwarding newSession on session null to remote] DEBUG org.apache.http.headers - http-outgoing-0 << Content-type: application/json; charset=UTF-8
17:26:45.670 [Forwarding newSession on session null to remote] DEBUG org.apache.http.headers - http-outgoing-0 << Content-length: 1314
17:26:45.675 [Forwarding newSession on session null to remote] DEBUG org.apache.http.impl.execchain.MainClientExec - Connection can be kept alive indefinitely
17:26:45.678 [Forwarding newSession on session null to remote] DEBUG org.apache.http.wire - http-outgoing-0 << "{"sessionId":"b453d89f-f9f7-47ba-909f-8be8e7421836","value":{"appPackage":"com.todoist","device.majorVersion":"9","dontGoHomeOnQuit":false,"device.os":"Android","noReset":false,"dontStopAppOnReset":false,"reservationDuration":240,"reportFormat":"xml","fullReset":false,"deviceUDID":"3ST0219301001652","install.only.for.update":false,"desired":{"appActivity":".activity.HomeActivity","appPackage":"com.todoist","reportDirectory":"reports","reportFormat":"xml","platformName":"Android","udid":"3ST0219301001652","testName":"Untitled"},"device.serialNumber":"3ST0219301001652","locationServicesAuthorized":false,"device.version":"9","reportDirectory":"reports","autoWebview":false,"platformName":"Android","udid":"3ST0219301001652","testName":"Untitled","device.screenSize":"1080x2244","useKeystore":false,"test.type":"Mobile","device.manufacture":"HUAWEI","instrumentApp":false,"appiumVersion":"1.8.0","device.category":"PHONE","autoDismissAlerts":false,"reportUrl":"/Users/TestTeam/appiumstudio-reports/reports/test795","newSessionWaitTimeout":300,"keystorePath":"~/.android/debug.keystore","appActivity":".activity.HomeActivity","waitForDeviceTimeout":120000,"device.model":"HMA-L29","device.name":"HMA-L29","autoGrantPermissions":false,"takeScreenshots":true,"projectName":"","autoAcceptAlerts":false},"status":0}"
17:26:45.678 [Forwarding newSession on session null to remote] DEBUG org.apache.http.impl.conn.PoolingHttpClientConnectionManager - Connection [id: 0][route: {}->http://localhost:4723] can be kept alive indefinitely
17:26:45.678 [Forwarding newSession on session null to remote] DEBUG org.apache.http.impl.conn.DefaultManagedHttpClientConnection - http-outgoing-0: set socket timeout to 0
17:26:45.679 [Forwarding newSession on session null to remote] DEBUG org.apache.http.impl.conn.PoolingHttpClientConnectionManager - Connection released: [id: 0][route: {}->http://localhost:4723][total kept alive: 1; route allocated: 1 of 2000; total allocated: 1 of 2000]
17:26:45.776 [Forwarding quit on session b453d89f-f9f7-47ba-909f-8be8e7421836 to remote] DEBUG org.apache.http.client.protocol.RequestAddCookies - CookieSpec selected: default
17:26:45.777 [Forwarding quit on session b453d89f-f9f7-47ba-909f-8be8e7421836 to remote] DEBUG org.apache.http.client.protocol.RequestAuthCache - Auth cache not set in the context
17:26:45.777 [Forwarding quit on session b453d89f-f9f7-47ba-909f-8be8e7421836 to remote] DEBUG org.apache.http.impl.conn.PoolingHttpClientConnectionManager - Connection request: [route: {}->http://localhost:4723][total kept alive: 1; route allocated: 1 of 2000; total allocated: 1 of 2000]
17:26:45.777 [Forwarding quit on session b453d89f-f9f7-47ba-909f-8be8e7421836 to remote] DEBUG org.apache.http.impl.conn.PoolingHttpClientConnectionManager - Connection leased: [id: 0][route: {}->http://localhost:4723][total kept alive: 0; route allocated: 1 of 2000; total allocated: 1 of 2000]
17:26:45.777 [Forwarding quit on session b453d89f-f9f7-47ba-909f-8be8e7421836 to remote] DEBUG org.apache.http.impl.conn.DefaultManagedHttpClientConnection - http-outgoing-0: set socket timeout to 0
17:26:45.777 [Forwarding quit on session b453d89f-f9f7-47ba-909f-8be8e7421836 to remote] DEBUG org.apache.http.impl.conn.DefaultManagedHttpClientConnection - http-outgoing-0: set socket timeout to 10800000
17:26:45.777 [Forwarding quit on session b453d89f-f9f7-47ba-909f-8be8e7421836 to remote] DEBUG org.apache.http.impl.execchain.MainClientExec - Executing request DELETE /wd/hub/session/b453d89f-f9f7-47ba-909f-8be8e7421836 HTTP/1.1
17:26:45.777 [Forwarding quit on session b453d89f-f9f7-47ba-909f-8be8e7421836 to remote] DEBUG org.apache.http.impl.execchain.MainClientExec - Target auth state: UNCHALLENGED
17:26:45.778 [Forwarding quit on session b453d89f-f9f7-47ba-909f-8be8e7421836 to remote] DEBUG org.apache.http.impl.execchain.MainClientExec - Proxy auth state: UNCHALLENGED
17:26:45.778 [Forwarding quit on session b453d89f-f9f7-47ba-909f-8be8e7421836 to remote] DEBUG org.apache.http.headers - http-outgoing-0 >> DELETE /wd/hub/session/b453d89f-f9f7-47ba-909f-8be8e7421836 HTTP/1.1
17:26:45.778 [Forwarding quit on session b453d89f-f9f7-47ba-909f-8be8e7421836 to remote] DEBUG org.apache.http.headers - http-outgoing-0 >> User-Agent: selenium/3.14.0 (java mac)
17:26:45.778 [Forwarding quit on session b453d89f-f9f7-47ba-909f-8be8e7421836 to remote] DEBUG org.apache.http.headers - http-outgoing-0 >> Host: localhost:4723
17:26:45.778 [Forwarding quit on session b453d89f-f9f7-47ba-909f-8be8e7421836 to remote] DEBUG org.apache.http.headers - http-outgoing-0 >> Connection: Keep-Alive
17:26:45.778 [Forwarding quit on session b453d89f-f9f7-47ba-909f-8be8e7421836 to remote] DEBUG org.apache.http.headers - http-outgoing-0 >> Accept-Encoding: gzip,deflate
17:26:45.778 [Forwarding quit on session b453d89f-f9f7-47ba-909f-8be8e7421836 to remote] DEBUG org.apache.http.wire - http-outgoing-0 >> "DELETE /wd/hub/session/b453d89f-f9f7-47ba-909f-8be8e7421836 HTTP/1.1[\r][\n]"
17:26:45.778 [Forwarding quit on session b453d89f-f9f7-47ba-909f-8be8e7421836 to remote] DEBUG org.apache.http.wire - http-outgoing-0 >> "User-Agent: selenium/3.14.0 (java mac)[\r][\n]"
17:26:45.779 [Forwarding quit on session b453d89f-f9f7-47ba-909f-8be8e7421836 to remote] DEBUG org.apache.http.wire - http-outgoing-0 >> "Host: localhost:4723[\r][\n]"
17:26:45.779 [Forwarding quit on session b453d89f-f9f7-47ba-909f-8be8e7421836 to remote] DEBUG org.apache.http.wire - http-outgoing-0 >> "Connection: Keep-Alive[\r][\n]"
17:26:45.779 [Forwarding quit on session b453d89f-f9f7-47ba-909f-8be8e7421836 to remote] DEBUG org.apache.http.wire - http-outgoing-0 >> "Accept-Encoding: gzip,deflate[\r][\n]"
17:26:45.779 [Forwarding quit on session b453d89f-f9f7-47ba-909f-8be8e7421836 to remote] DEBUG org.apache.http.wire - http-outgoing-0 >> "[\r][\n]"
17:26:47.576 [Forwarding quit on session b453d89f-f9f7-47ba-909f-8be8e7421836 to remote] DEBUG org.apache.http.wire - http-outgoing-0 << "HTTP/1.1 200 OK[\r][\n]"
17:26:47.577 [Forwarding quit on session b453d89f-f9f7-47ba-909f-8be8e7421836 to remote] DEBUG org.apache.http.wire - http-outgoing-0 << "Server: Restlet-Framework/2.3.9[\r][\n]"
17:26:47.577 [Forwarding quit on session b453d89f-f9f7-47ba-909f-8be8e7421836 to remote] DEBUG org.apache.http.wire - http-outgoing-0 << "Date: Fri, 29 Mar 2019 09:26:47 GMT[\r][\n]"
17:26:47.577 [Forwarding quit on session b453d89f-f9f7-47ba-909f-8be8e7421836 to remote] DEBUG org.apache.http.wire - http-outgoing-0 << "Content-type: application/json; charset=UTF-8[\r][\n]"
17:26:47.577 [Forwarding quit on session b453d89f-f9f7-47ba-909f-8be8e7421836 to remote] DEBUG org.apache.http.wire - http-outgoing-0 << "Content-length: 74[\r][\n]"
17:26:47.577 [Forwarding quit on session b453d89f-f9f7-47ba-909f-8be8e7421836 to remote] DEBUG org.apache.http.wire - http-outgoing-0 << "[\r][\n]"
17:26:47.577 [Forwarding quit on session b453d89f-f9f7-47ba-909f-8be8e7421836 to remote] DEBUG org.apache.http.wire - http-outgoing-0 << "{"sessionId":"b453d89f-f9f7-47ba-909f-8be8e7421836","value":"","status":0}"
17:26:47.577 [Forwarding quit on session b453d89f-f9f7-47ba-909f-8be8e7421836 to remote] DEBUG org.apache.http.headers - http-outgoing-0 << HTTP/1.1 200 OK
17:26:47.579 [Forwarding quit on session b453d89f-f9f7-47ba-909f-8be8e7421836 to remote] DEBUG org.apache.http.headers - http-outgoing-0 << Server: Restlet-Framework/2.3.9
17:26:47.579 [Forwarding quit on session b453d89f-f9f7-47ba-909f-8be8e7421836 to remote] DEBUG org.apache.http.headers - http-outgoing-0 << Date: Fri, 29 Mar 2019 09:26:47 GMT
17:26:47.580 [Forwarding quit on session b453d89f-f9f7-47ba-909f-8be8e7421836 to remote] DEBUG org.apache.http.headers - http-outgoing-0 << Content-type: application/json; charset=UTF-8
17:26:47.580 [Forwarding quit on session b453d89f-f9f7-47ba-909f-8be8e7421836 to remote] DEBUG org.apache.http.headers - http-outgoing-0 << Content-length: 74
17:26:47.580 [Forwarding quit on session b453d89f-f9f7-47ba-909f-8be8e7421836 to remote] DEBUG org.apache.http.impl.execchain.MainClientExec - Connection can be kept alive indefinitely
17:26:47.580 [Forwarding quit on session b453d89f-f9f7-47ba-909f-8be8e7421836 to remote] DEBUG org.apache.http.impl.conn.PoolingHttpClientConnectionManager - Connection [id: 0][route: {}->http://localhost:4723] can be kept alive indefinitely
17:26:47.580 [Forwarding quit on session b453d89f-f9f7-47ba-909f-8be8e7421836 to remote] DEBUG org.apache.http.impl.conn.DefaultManagedHttpClientConnection - http-outgoing-0: set socket timeout to 0
17:26:47.580 [Forwarding quit on session b453d89f-f9f7-47ba-909f-8be8e7421836 to remote] DEBUG org.apache.http.impl.conn.PoolingHttpClientConnectionManager - Connection released: [id: 0][route: {}->http://localhost:4723][total kept alive: 1; route allocated: 1 of 2000; total allocated: 1 of 2000]
17:26:47.588 [Forwarding quit on session b453d89f-f9f7-47ba-909f-8be8e7421836 to remote] DEBUG org.apache.http.impl.conn.PoolingHttpClientConnectionManager - Closing connections idle longer than 0 SECONDS
17:26:47.620 [Forwarding newSession on session null to remote] DEBUG org.apache.http.client.protocol.RequestAddCookies - CookieSpec selected: default
17:26:47.620 [Forwarding newSession on session null to remote] DEBUG org.apache.http.client.protocol.RequestAuthCache - Auth cache not set in the context
17:26:47.620 [Forwarding newSession on session null to remote] DEBUG org.apache.http.impl.conn.PoolingHttpClientConnectionManager - Connection request: [route: {}->http://localhost:4723][total kept alive: 1; route allocated: 1 of 2000; total allocated: 1 of 2000]
17:26:47.620 [Forwarding newSession on session null to remote] DEBUG org.apache.http.impl.conn.PoolingHttpClientConnectionManager - Connection leased: [id: 0][route: {}->http://localhost:4723][total kept alive: 0; route allocated: 1 of 2000; total allocated: 1 of 2000]
17:26:47.620 [Forwarding newSession on session null to remote] DEBUG org.apache.http.impl.conn.DefaultManagedHttpClientConnection - http-outgoing-0: set socket timeout to 0
17:26:47.620 [Forwarding newSession on session null to remote] DEBUG org.apache.http.impl.conn.DefaultManagedHttpClientConnection - http-outgoing-0: set socket timeout to 10800000
17:26:47.620 [Forwarding newSession on session null to remote] DEBUG org.apache.http.impl.execchain.MainClientExec - Executing request POST /wd/hub/session HTTP/1.1
17:26:47.620 [Forwarding newSession on session null to remote] DEBUG org.apache.http.impl.execchain.MainClientExec - Target auth state: UNCHALLENGED
17:26:47.620 [Forwarding newSession on session null to remote] DEBUG org.apache.http.impl.execchain.MainClientExec - Proxy auth state: UNCHALLENGED
17:26:47.621 [Forwarding newSession on session null to remote] DEBUG org.apache.http.headers - http-outgoing-0 >> POST /wd/hub/session HTTP/1.1
17:26:47.621 [Forwarding newSession on session null to remote] DEBUG org.apache.http.headers - http-outgoing-0 >> Content-Type: application/json; charset=utf-8
17:26:47.621 [Forwarding newSession on session null to remote] DEBUG org.apache.http.headers - http-outgoing-0 >> User-Agent: selenium/3.14.0 (java mac)
17:26:47.621 [Forwarding newSession on session null to remote] DEBUG org.apache.http.headers - http-outgoing-0 >> Content-Length: 364
17:26:47.621 [Forwarding newSession on session null to remote] DEBUG org.apache.http.headers - http-outgoing-0 >> Host: localhost:4723
17:26:47.621 [Forwarding newSession on session null to remote] DEBUG org.apache.http.headers - http-outgoing-0 >> Connection: Keep-Alive
17:26:47.621 [Forwarding newSession on session null to remote] DEBUG org.apache.http.headers - http-outgoing-0 >> Accept-Encoding: gzip,deflate
17:26:47.621 [Forwarding newSession on session null to remote] DEBUG org.apache.http.wire - http-outgoing-0 >> "POST /wd/hub/session HTTP/1.1[\r][\n]"
17:26:47.621 [Forwarding newSession on session null to remote] DEBUG org.apache.http.wire - http-outgoing-0 >> "Content-Type: application/json; charset=utf-8[\r][\n]"
17:26:47.621 [Forwarding newSession on session null to remote] DEBUG org.apache.http.wire - http-outgoing-0 >> "User-Agent: selenium/3.14.0 (java mac)[\r][\n]"
17:26:47.621 [Forwarding newSession on session null to remote] DEBUG org.apache.http.wire - http-outgoing-0 >> "Content-Length: 364[\r][\n]"
17:26:47.621 [Forwarding newSession on session null to remote] DEBUG org.apache.http.wire - http-outgoing-0 >> "Host: localhost:4723[\r][\n]"
17:26:47.621 [Forwarding newSession on session null to remote] DEBUG org.apache.http.wire - http-outgoing-0 >> "Connection: Keep-Alive[\r][\n]"
17:26:47.621 [Forwarding newSession on session null to remote] DEBUG org.apache.http.wire - http-outgoing-0 >> "Accept-Encoding: gzip,deflate[\r][\n]"
17:26:47.621 [Forwarding newSession on session null to remote] DEBUG org.apache.http.wire - http-outgoing-0 >> "[\r][\n]"
17:26:47.622 [Forwarding newSession on session null to remote] DEBUG org.apache.http.wire - http-outgoing-0 >> "{[\n]"
17:26:47.622 [Forwarding newSession on session null to remote] DEBUG org.apache.http.wire - http-outgoing-0 >> "  "desiredCapabilities": {[\n]"
17:26:47.622 [Forwarding newSession on session null to remote] DEBUG org.apache.http.wire - http-outgoing-0 >> "    "appActivity": ".activity.HomeActivity",[\n]"
17:26:47.622 [Forwarding newSession on session null to remote] DEBUG org.apache.http.wire - http-outgoing-0 >> "    "appPackage": "com.todoist",[\n]"
17:26:47.622 [Forwarding newSession on session null to remote] DEBUG org.apache.http.wire - http-outgoing-0 >> "    "reportDirectory": "reports",[\n]"
17:26:47.622 [Forwarding newSession on session null to remote] DEBUG org.apache.http.wire - http-outgoing-0 >> "    "reportFormat": "xml",[\n]"
17:26:47.622 [Forwarding newSession on session null to remote] DEBUG org.apache.http.wire - http-outgoing-0 >> "    "platformName": "Android",[\n]"
17:26:47.622 [Forwarding newSession on session null to remote] DEBUG org.apache.http.wire - http-outgoing-0 >> "    "udid": "3ST0219301001652",[\n]"
17:26:47.622 [Forwarding newSession on session null to remote] DEBUG org.apache.http.wire - http-outgoing-0 >> "    "testName": "Untitled"[\n]"
17:26:47.622 [Forwarding newSession on session null to remote] DEBUG org.apache.http.wire - http-outgoing-0 >> "  },[\n]"
17:26:47.622 [Forwarding newSession on session null to remote] DEBUG org.apache.http.wire - http-outgoing-0 >> "  "capabilities": {[\n]"
17:26:47.622 [Forwarding newSession on session null to remote] DEBUG org.apache.http.wire - http-outgoing-0 >> "    "firstMatch": [[\n]"
17:26:47.622 [Forwarding newSession on session null to remote] DEBUG org.apache.http.wire - http-outgoing-0 >> "      {[\n]"
17:26:47.622 [Forwarding newSession on session null to remote] DEBUG org.apache.http.wire - http-outgoing-0 >> "        "platformName": "android"[\n]"
17:26:47.622 [Forwarding newSession on session null to remote] DEBUG org.apache.http.wire - http-outgoing-0 >> "      }[\n]"
17:26:47.622 [Forwarding newSession on session null to remote] DEBUG org.apache.http.wire - http-outgoing-0 >> "    ][\n]"
17:26:47.623 [Forwarding newSession on session null to remote] DEBUG org.apache.http.wire - http-outgoing-0 >> "  }[\n]"
17:26:47.623 [Forwarding newSession on session null to remote] DEBUG org.apache.http.wire - http-outgoing-0 >> "}"
17:26:51.547 [Forwarding newSession on session null to remote] DEBUG org.apache.http.wire - http-outgoing-0 << "HTTP/1.1 200 OK[\r][\n]"
17:26:51.547 [Forwarding newSession on session null to remote] DEBUG org.apache.http.wire - http-outgoing-0 << "Server: Restlet-Framework/2.3.9[\r][\n]"
17:26:51.547 [Forwarding newSession on session null to remote] DEBUG org.apache.http.wire - http-outgoing-0 << "Date: Fri, 29 Mar 2019 09:26:51 GMT[\r][\n]"
17:26:51.547 [Forwarding newSession on session null to remote] DEBUG org.apache.http.wire - http-outgoing-0 << "Content-type: application/json; charset=UTF-8[\r][\n]"
17:26:51.547 [Forwarding newSession on session null to remote] DEBUG org.apache.http.wire - http-outgoing-0 << "Content-length: 1314[\r][\n]"
17:26:51.547 [Forwarding newSession on session null to remote] DEBUG org.apache.http.wire - http-outgoing-0 << "[\r][\n]"
17:26:51.548 [Forwarding newSession on session null to remote] DEBUG org.apache.http.wire - http-outgoing-0 << "{"sessionId":"075bfe7b-fdfe-4eba-b287-fa5792727698","value":{"appPackage":"com.todoist","device.majorVersion":"9","dontGoHomeOnQuit":false,"device.os":"Android","noReset":false,"dontStopAppOnReset":false,"reservationDuration":240,"reportFormat":"xml","fullReset":false,"deviceUDID":"3ST0219301001652","install.only.for.update":false,"desired":{"appActivity":".activity.HomeActivity","appPackage":"com.todoist","reportDirectory":"reports","reportFormat":"xml","platformName":"Android","udid":"3ST0219301001652","testName":"Untitled"},"device.serialNumber":"3ST0219301001652","locationServicesAuthorized":false,"device.version":"9","reportDirectory":"reports","autoWebview":false,"platformName":"Android","udid":"3ST0219301001652","testName":"Untitled","device.screenSize":"1080x2244","useKeystore":false,"test.type":"Mobile","device.manufacture":"HUAWEI","instrumentApp":false,"appiumVersion":"1.8.0","device.category":"PHONE","autoDismissAlerts":false,"reportUrl":"/Users/TestTeam/appiumstudio-reports/reports/test796","newSessionWaitTimeout":300,"keystorePath":"~/.android/debug.keystore","appActivity":".activity.HomeActivity","waitForDeviceTimeout":120000,"device.model":"HMA-L29","device.name":"HMA-L29","autoGrantPermissions":false,"takeScreenshots":true,"projectName":"","autoAcceptAlerts":false},"status":0}"
17:26:51.548 [Forwarding newSession on session null to remote] DEBUG org.apache.http.headers - http-outgoing-0 << HTTP/1.1 200 OK
17:26:51.548 [Forwarding newSession on session null to remote] DEBUG org.apache.http.headers - http-outgoing-0 << Server: Restlet-Framework/2.3.9
17:26:51.548 [Forwarding newSession on session null to remote] DEBUG org.apache.http.headers - http-outgoing-0 << Date: Fri, 29 Mar 2019 09:26:51 GMT
17:26:51.548 [Forwarding newSession on session null to remote] DEBUG org.apache.http.headers - http-outgoing-0 << Content-type: application/json; charset=UTF-8
17:26:51.548 [Forwarding newSession on session null to remote] DEBUG org.apache.http.headers - http-outgoing-0 << Content-length: 1314
17:26:51.548 [Forwarding newSession on session null to remote] DEBUG org.apache.http.impl.execchain.MainClientExec - Connection can be kept alive indefinitely
17:26:51.548 [Forwarding newSession on session null to remote] DEBUG org.apache.http.impl.conn.PoolingHttpClientConnectionManager - Connection [id: 0][route: {}->http://localhost:4723] can be kept alive indefinitely
17:26:51.549 [Forwarding newSession on session null to remote] DEBUG org.apache.http.impl.conn.DefaultManagedHttpClientConnection - http-outgoing-0: set socket timeout to 0
17:26:51.549 [Forwarding newSession on session null to remote] DEBUG org.apache.http.impl.conn.PoolingHttpClientConnectionManager - Connection released: [id: 0][route: {}->http://localhost:4723][total kept alive: 1; route allocated: 1 of 2000; total allocated: 1 of 2000]
17:26:51.571 [Forwarding quit on session 075bfe7b-fdfe-4eba-b287-fa5792727698 to remote] DEBUG org.apache.http.client.protocol.RequestAddCookies - CookieSpec selected: default
17:26:51.571 [Forwarding quit on session 075bfe7b-fdfe-4eba-b287-fa5792727698 to remote] DEBUG org.apache.http.client.protocol.RequestAuthCache - Auth cache not set in the context
17:26:51.571 [Forwarding quit on session 075bfe7b-fdfe-4eba-b287-fa5792727698 to remote] DEBUG org.apache.http.impl.conn.PoolingHttpClientConnectionManager - Connection request: [route: {}->http://localhost:4723][total kept alive: 1; route allocated: 1 of 2000; total allocated: 1 of 2000]
17:26:51.572 [Forwarding quit on session 075bfe7b-fdfe-4eba-b287-fa5792727698 to remote] DEBUG org.apache.http.impl.conn.PoolingHttpClientConnectionManager - Connection leased: [id: 0][route: {}->http://localhost:4723][total kept alive: 0; route allocated: 1 of 2000; total allocated: 1 of 2000]
17:26:51.572 [Forwarding quit on session 075bfe7b-fdfe-4eba-b287-fa5792727698 to remote] DEBUG org.apache.http.impl.conn.DefaultManagedHttpClientConnection - http-outgoing-0: set socket timeout to 0
17:26:51.572 [Forwarding quit on session 075bfe7b-fdfe-4eba-b287-fa5792727698 to remote] DEBUG org.apache.http.impl.conn.DefaultManagedHttpClientConnection - http-outgoing-0: set socket timeout to 10800000
17:26:51.572 [Forwarding quit on session 075bfe7b-fdfe-4eba-b287-fa5792727698 to remote] DEBUG org.apache.http.impl.execchain.MainClientExec - Executing request DELETE /wd/hub/session/075bfe7b-fdfe-4eba-b287-fa5792727698 HTTP/1.1
17:26:51.572 [Forwarding quit on session 075bfe7b-fdfe-4eba-b287-fa5792727698 to remote] DEBUG org.apache.http.impl.execchain.MainClientExec - Target auth state: UNCHALLENGED
17:26:51.572 [Forwarding quit on session 075bfe7b-fdfe-4eba-b287-fa5792727698 to remote] DEBUG org.apache.http.impl.execchain.MainClientExec - Proxy auth state: UNCHALLENGED
17:26:51.572 [Forwarding quit on session 075bfe7b-fdfe-4eba-b287-fa5792727698 to remote] DEBUG org.apache.http.headers - http-outgoing-0 >> DELETE /wd/hub/session/075bfe7b-fdfe-4eba-b287-fa5792727698 HTTP/1.1
17:26:51.572 [Forwarding quit on session 075bfe7b-fdfe-4eba-b287-fa5792727698 to remote] DEBUG org.apache.http.headers - http-outgoing-0 >> User-Agent: selenium/3.14.0 (java mac)
17:26:51.572 [Forwarding quit on session 075bfe7b-fdfe-4eba-b287-fa5792727698 to remote] DEBUG org.apache.http.headers - http-outgoing-0 >> Host: localhost:4723
17:26:51.572 [Forwarding quit on session 075bfe7b-fdfe-4eba-b287-fa5792727698 to remote] DEBUG org.apache.http.headers - http-outgoing-0 >> Connection: Keep-Alive
17:26:51.572 [Forwarding quit on session 075bfe7b-fdfe-4eba-b287-fa5792727698 to remote] DEBUG org.apache.http.headers - http-outgoing-0 >> Accept-Encoding: gzip,deflate
17:26:51.572 [Forwarding quit on session 075bfe7b-fdfe-4eba-b287-fa5792727698 to remote] DEBUG org.apache.http.wire - http-outgoing-0 >> "DELETE /wd/hub/session/075bfe7b-fdfe-4eba-b287-fa5792727698 HTTP/1.1[\r][\n]"
17:26:51.572 [Forwarding quit on session 075bfe7b-fdfe-4eba-b287-fa5792727698 to remote] DEBUG org.apache.http.wire - http-outgoing-0 >> "User-Agent: selenium/3.14.0 (java mac)[\r][\n]"
17:26:51.572 [Forwarding quit on session 075bfe7b-fdfe-4eba-b287-fa5792727698 to remote] DEBUG org.apache.http.wire - http-outgoing-0 >> "Host: localhost:4723[\r][\n]"
17:26:51.572 [Forwarding quit on session 075bfe7b-fdfe-4eba-b287-fa5792727698 to remote] DEBUG org.apache.http.wire - http-outgoing-0 >> "Connection: Keep-Alive[\r][\n]"
17:26:51.572 [Forwarding quit on session 075bfe7b-fdfe-4eba-b287-fa5792727698 to remote] DEBUG org.apache.http.wire - http-outgoing-0 >> "Accept-Encoding: gzip,deflate[\r][\n]"
17:26:51.572 [Forwarding quit on session 075bfe7b-fdfe-4eba-b287-fa5792727698 to remote] DEBUG org.apache.http.wire - http-outgoing-0 >> "[\r][\n]"
17:26:53.896 [Forwarding quit on session 075bfe7b-fdfe-4eba-b287-fa5792727698 to remote] DEBUG org.apache.http.wire - http-outgoing-0 << "HTTP/1.1 200 OK[\r][\n]"
17:26:53.897 [Forwarding quit on session 075bfe7b-fdfe-4eba-b287-fa5792727698 to remote] DEBUG org.apache.http.wire - http-outgoing-0 << "Server: Restlet-Framework/2.3.9[\r][\n]"
17:26:53.898 [Forwarding quit on session 075bfe7b-fdfe-4eba-b287-fa5792727698 to remote] DEBUG org.apache.http.wire - http-outgoing-0 << "Date: Fri, 29 Mar 2019 09:26:53 GMT[\r][\n]"
17:26:53.898 [Forwarding quit on session 075bfe7b-fdfe-4eba-b287-fa5792727698 to remote] DEBUG org.apache.http.wire - http-outgoing-0 << "Content-type: application/json; charset=UTF-8[\r][\n]"
17:26:53.898 [Forwarding quit on session 075bfe7b-fdfe-4eba-b287-fa5792727698 to remote] DEBUG org.apache.http.wire - http-outgoing-0 << "Content-length: 74[\r][\n]"
17:26:53.899 [Forwarding quit on session 075bfe7b-fdfe-4eba-b287-fa5792727698 to remote] DEBUG org.apache.http.wire - http-outgoing-0 << "[\r][\n]"
17:26:53.899 [Forwarding quit on session 075bfe7b-fdfe-4eba-b287-fa5792727698 to remote] DEBUG org.apache.http.wire - http-outgoing-0 << "{"sessionId":"075bfe7b-fdfe-4eba-b287-fa5792727698","value":"","status":0}"
17:26:53.899 [Forwarding quit on session 075bfe7b-fdfe-4eba-b287-fa5792727698 to remote] DEBUG org.apache.http.headers - http-outgoing-0 << HTTP/1.1 200 OK
17:26:53.899 [Forwarding quit on session 075bfe7b-fdfe-4eba-b287-fa5792727698 to remote] DEBUG org.apache.http.headers - http-outgoing-0 << Server: Restlet-Framework/2.3.9
17:26:53.899 [Forwarding quit on session 075bfe7b-fdfe-4eba-b287-fa5792727698 to remote] DEBUG org.apache.http.headers - http-outgoing-0 << Date: Fri, 29 Mar 2019 09:26:53 GMT
17:26:53.899 [Forwarding quit on session 075bfe7b-fdfe-4eba-b287-fa5792727698 to remote] DEBUG org.apache.http.headers - http-outgoing-0 << Content-type: application/json; charset=UTF-8
17:26:53.899 [Forwarding quit on session 075bfe7b-fdfe-4eba-b287-fa5792727698 to remote] DEBUG org.apache.http.headers - http-outgoing-0 << Content-length: 74
17:26:53.899 [Forwarding quit on session 075bfe7b-fdfe-4eba-b287-fa5792727698 to remote] DEBUG org.apache.http.impl.execchain.MainClientExec - Connection can be kept alive indefinitely
17:26:53.899 [Forwarding quit on session 075bfe7b-fdfe-4eba-b287-fa5792727698 to remote] DEBUG org.apache.http.impl.conn.PoolingHttpClientConnectionManager - Connection [id: 0][route: {}->http://localhost:4723] can be kept alive indefinitely
17:26:53.899 [Forwarding quit on session 075bfe7b-fdfe-4eba-b287-fa5792727698 to remote] DEBUG org.apache.http.impl.conn.DefaultManagedHttpClientConnection - http-outgoing-0: set socket timeout to 0
17:26:53.900 [Forwarding quit on session 075bfe7b-fdfe-4eba-b287-fa5792727698 to remote] DEBUG org.apache.http.impl.conn.PoolingHttpClientConnectionManager - Connection released: [id: 0][route: {}->http://localhost:4723][total kept alive: 1; route allocated: 1 of 2000; total allocated: 1 of 2000]
17:26:53.902 [Forwarding quit on session 075bfe7b-fdfe-4eba-b287-fa5792727698 to remote] DEBUG org.apache.http.impl.conn.PoolingHttpClientConnectionManager - Closing connections idle longer than 0 SECONDS
17:26:53.920 [Forwarding newSession on session null to remote] DEBUG org.apache.http.client.protocol.RequestAddCookies - CookieSpec selected: default
17:26:53.920 [Forwarding newSession on session null to remote] DEBUG org.apache.http.client.protocol.RequestAuthCache - Auth cache not set in the context
17:26:53.920 [Forwarding newSession on session null to remote] DEBUG org.apache.http.impl.conn.PoolingHttpClientConnectionManager - Connection request: [route: {}->http://localhost:4723][total kept alive: 1; route allocated: 1 of 2000; total allocated: 1 of 2000]
17:26:53.920 [Forwarding newSession on session null to remote] DEBUG org.apache.http.impl.conn.PoolingHttpClientConnectionManager - Connection leased: [id: 0][route: {}->http://localhost:4723][total kept alive: 0; route allocated: 1 of 2000; total allocated: 1 of 2000]
17:26:53.920 [Forwarding newSession on session null to remote] DEBUG org.apache.http.impl.conn.DefaultManagedHttpClientConnection - http-outgoing-0: set socket timeout to 0
17:26:53.920 [Forwarding newSession on session null to remote] DEBUG org.apache.http.impl.conn.DefaultManagedHttpClientConnection - http-outgoing-0: set socket timeout to 10800000
17:26:53.921 [Forwarding newSession on session null to remote] DEBUG org.apache.http.impl.execchain.MainClientExec - Executing request POST /wd/hub/session HTTP/1.1
17:26:53.921 [Forwarding newSession on session null to remote] DEBUG org.apache.http.impl.execchain.MainClientExec - Target auth state: UNCHALLENGED
17:26:53.921 [Forwarding newSession on session null to remote] DEBUG org.apache.http.impl.execchain.MainClientExec - Proxy auth state: UNCHALLENGED
17:26:53.921 [Forwarding newSession on session null to remote] DEBUG org.apache.http.headers - http-outgoing-0 >> POST /wd/hub/session HTTP/1.1
17:26:53.922 [Forwarding newSession on session null to remote] DEBUG org.apache.http.headers - http-outgoing-0 >> Content-Type: application/json; charset=utf-8
17:26:53.922 [Forwarding newSession on session null to remote] DEBUG org.apache.http.headers - http-outgoing-0 >> User-Agent: selenium/3.14.0 (java mac)
17:26:53.922 [Forwarding newSession on session null to remote] DEBUG org.apache.http.headers - http-outgoing-0 >> Content-Length: 364
17:26:53.922 [Forwarding newSession on session null to remote] DEBUG org.apache.http.headers - http-outgoing-0 >> Host: localhost:4723
17:26:53.922 [Forwarding newSession on session null to remote] DEBUG org.apache.http.headers - http-outgoing-0 >> Connection: Keep-Alive
17:26:53.922 [Forwarding newSession on session null to remote] DEBUG org.apache.http.headers - http-outgoing-0 >> Accept-Encoding: gzip,deflate
17:26:53.922 [Forwarding newSession on session null to remote] DEBUG org.apache.http.wire - http-outgoing-0 >> "POST /wd/hub/session HTTP/1.1[\r][\n]"
17:26:53.922 [Forwarding newSession on session null to remote] DEBUG org.apache.http.wire - http-outgoing-0 >> "Content-Type: application/json; charset=utf-8[\r][\n]"
17:26:53.922 [Forwarding newSession on session null to remote] DEBUG org.apache.http.wire - http-outgoing-0 >> "User-Agent: selenium/3.14.0 (java mac)[\r][\n]"
17:26:53.922 [Forwarding newSession on session null to remote] DEBUG org.apache.http.wire - http-outgoing-0 >> "Content-Length: 364[\r][\n]"
17:26:53.922 [Forwarding newSession on session null to remote] DEBUG org.apache.http.wire - http-outgoing-0 >> "Host: localhost:4723[\r][\n]"
17:26:53.922 [Forwarding newSession on session null to remote] DEBUG org.apache.http.wire - http-outgoing-0 >> "Connection: Keep-Alive[\r][\n]"
17:26:53.922 [Forwarding newSession on session null to remote] DEBUG org.apache.http.wire - http-outgoing-0 >> "Accept-Encoding: gzip,deflate[\r][\n]"
17:26:53.922 [Forwarding newSession on session null to remote] DEBUG org.apache.http.wire - http-outgoing-0 >> "[\r][\n]"
17:26:53.923 [Forwarding newSession on session null to remote] DEBUG org.apache.http.wire - http-outgoing-0 >> "{[\n]"
17:26:53.923 [Forwarding newSession on session null to remote] DEBUG org.apache.http.wire - http-outgoing-0 >> "  "desiredCapabilities": {[\n]"
17:26:53.923 [Forwarding newSession on session null to remote] DEBUG org.apache.http.wire - http-outgoing-0 >> "    "appActivity": ".activity.HomeActivity",[\n]"
17:26:53.923 [Forwarding newSession on session null to remote] DEBUG org.apache.http.wire - http-outgoing-0 >> "    "appPackage": "com.todoist",[\n]"
17:26:53.923 [Forwarding newSession on session null to remote] DEBUG org.apache.http.wire - http-outgoing-0 >> "    "reportDirectory": "reports",[\n]"
17:26:53.923 [Forwarding newSession on session null to remote] DEBUG org.apache.http.wire - http-outgoing-0 >> "    "reportFormat": "xml",[\n]"
17:26:53.923 [Forwarding newSession on session null to remote] DEBUG org.apache.http.wire - http-outgoing-0 >> "    "platformName": "Android",[\n]"
17:26:53.923 [Forwarding newSession on session null to remote] DEBUG org.apache.http.wire - http-outgoing-0 >> "    "udid": "3ST0219301001652",[\n]"
17:26:53.923 [Forwarding newSession on session null to remote] DEBUG org.apache.http.wire - http-outgoing-0 >> "    "testName": "Untitled"[\n]"
17:26:53.923 [Forwarding newSession on session null to remote] DEBUG org.apache.http.wire - http-outgoing-0 >> "  },[\n]"
17:26:53.923 [Forwarding newSession on session null to remote] DEBUG org.apache.http.wire - http-outgoing-0 >> "  "capabilities": {[\n]"
17:26:53.923 [Forwarding newSession on session null to remote] DEBUG org.apache.http.wire - http-outgoing-0 >> "    "firstMatch": [[\n]"
17:26:53.923 [Forwarding newSession on session null to remote] DEBUG org.apache.http.wire - http-outgoing-0 >> "      {[\n]"
17:26:53.924 [Forwarding newSession on session null to remote] DEBUG org.apache.http.wire - http-outgoing-0 >> "        "platformName": "android"[\n]"
17:26:53.924 [Forwarding newSession on session null to remote] DEBUG org.apache.http.wire - http-outgoing-0 >> "      }[\n]"
17:26:53.924 [Forwarding newSession on session null to remote] DEBUG org.apache.http.wire - http-outgoing-0 >> "    ][\n]"
17:26:53.924 [Forwarding newSession on session null to remote] DEBUG org.apache.http.wire - http-outgoing-0 >> "  }[\n]"
17:26:53.924 [Forwarding newSession on session null to remote] DEBUG org.apache.http.wire - http-outgoing-0 >> "}"
17:26:57.859 [Forwarding newSession on session null to remote] DEBUG org.apache.http.wire - http-outgoing-0 << "HTTP/1.1 200 OK[\r][\n]"
17:26:57.859 [Forwarding newSession on session null to remote] DEBUG org.apache.http.wire - http-outgoing-0 << "Server: Restlet-Framework/2.3.9[\r][\n]"
17:26:57.859 [Forwarding newSession on session null to remote] DEBUG org.apache.http.wire - http-outgoing-0 << "Date: Fri, 29 Mar 2019 09:26:57 GMT[\r][\n]"
17:26:57.859 [Forwarding newSession on session null to remote] DEBUG org.apache.http.wire - http-outgoing-0 << "Content-type: application/json; charset=UTF-8[\r][\n]"
17:26:57.859 [Forwarding newSession on session null to remote] DEBUG org.apache.http.wire - http-outgoing-0 << "Content-length: 1314[\r][\n]"
17:26:57.859 [Forwarding newSession on session null to remote] DEBUG org.apache.http.wire - http-outgoing-0 << "[\r][\n]"
17:26:57.859 [Forwarding newSession on session null to remote] DEBUG org.apache.http.headers - http-outgoing-0 << HTTP/1.1 200 OK
17:26:57.859 [Forwarding newSession on session null to remote] DEBUG org.apache.http.headers - http-outgoing-0 << Server: Restlet-Framework/2.3.9
17:26:57.859 [Forwarding newSession on session null to remote] DEBUG org.apache.http.headers - http-outgoing-0 << Date: Fri, 29 Mar 2019 09:26:57 GMT
17:26:57.859 [Forwarding newSession on session null to remote] DEBUG org.apache.http.headers - http-outgoing-0 << Content-type: application/json; charset=UTF-8
17:26:57.859 [Forwarding newSession on session null to remote] DEBUG org.apache.http.headers - http-outgoing-0 << Content-length: 1314
17:26:57.860 [Forwarding newSession on session null to remote] DEBUG org.apache.http.impl.execchain.MainClientExec - Connection can be kept alive indefinitely
17:26:57.864 [Forwarding newSession on session null to remote] DEBUG org.apache.http.wire - http-outgoing-0 << "{"sessionId":"65f2a210-2436-402c-836f-7ec1e9b0473a","value":{"appPackage":"com.todoist","device.majorVersion":"9","dontGoHomeOnQuit":false,"device.os":"Android","noReset":false,"dontStopAppOnReset":false,"reservationDuration":240,"reportFormat":"xml","fullReset":false,"deviceUDID":"3ST0219301001652","install.only.for.update":false,"desired":{"appActivity":".activity.HomeActivity","appPackage":"com.todoist","reportDirectory":"reports","reportFormat":"xml","platformName":"Android","udid":"3ST0219301001652","testName":"Untitled"},"device.serialNumber":"3ST0219301001652","locationServicesAuthorized":false,"device.version":"9","reportDirectory":"reports","autoWebview":false,"platformName":"Android","udid":"3ST0219301001652","testName":"Untitled","device.screenSize":"1080x2244","useKeystore":false,"test.type":"Mobile","device.manufacture":"HUAWEI","instrumentApp":false,"appiumVersion":"1.8.0","device.category":"PHONE","autoDismissAlerts":false,"reportUrl":"/Users/TestTeam/appiumstudio-reports/reports/test797","newSessionWaitTimeout":300,"keystorePath":"~/.android/debug.keystore","appActivity":".activity.HomeActivity","waitForDeviceTimeout":120000,"device.model":"HMA-L29","device.name":"HMA-L29","autoGrantPermissions":false,"takeScreenshots":true,"projectName":"","autoAcceptAlerts":false},"status":0}"
17:26:57.865 [Forwarding newSession on session null to remote] DEBUG org.apache.http.impl.conn.PoolingHttpClientConnectionManager - Connection [id: 0][route: {}->http://localhost:4723] can be kept alive indefinitely
17:26:57.866 [Forwarding newSession on session null to remote] DEBUG org.apache.http.impl.conn.DefaultManagedHttpClientConnection - http-outgoing-0: set socket timeout to 0
17:26:57.866 [Forwarding newSession on session null to remote] DEBUG org.apache.http.impl.conn.PoolingHttpClientConnectionManager - Connection released: [id: 0][route: {}->http://localhost:4723][total kept alive: 1; route allocated: 1 of 2000; total allocated: 1 of 2000]
17:26:57.873 [Forwarding quit on session 65f2a210-2436-402c-836f-7ec1e9b0473a to remote] DEBUG org.apache.http.client.protocol.RequestAddCookies - CookieSpec selected: default
17:26:57.873 [Forwarding quit on session 65f2a210-2436-402c-836f-7ec1e9b0473a to remote] DEBUG org.apache.http.client.protocol.RequestAuthCache - Auth cache not set in the context
17:26:57.873 [Forwarding quit on session 65f2a210-2436-402c-836f-7ec1e9b0473a to remote] DEBUG org.apache.http.impl.conn.PoolingHttpClientConnectionManager - Connection request: [route: {}->http://localhost:4723][total kept alive: 1; route allocated: 1 of 2000; total allocated: 1 of 2000]
17:26:57.873 [Forwarding quit on session 65f2a210-2436-402c-836f-7ec1e9b0473a to remote] DEBUG org.apache.http.impl.conn.PoolingHttpClientConnectionManager - Connection leased: [id: 0][route: {}->http://localhost:4723][total kept alive: 0; route allocated: 1 of 2000; total allocated: 1 of 2000]
17:26:57.874 [Forwarding quit on session 65f2a210-2436-402c-836f-7ec1e9b0473a to remote] DEBUG org.apache.http.impl.conn.DefaultManagedHttpClientConnection - http-outgoing-0: set socket timeout to 0
17:26:57.877 [Forwarding quit on session 65f2a210-2436-402c-836f-7ec1e9b0473a to remote] DEBUG org.apache.http.impl.conn.DefaultManagedHttpClientConnection - http-outgoing-0: set socket timeout to 10800000
17:26:57.877 [Forwarding quit on session 65f2a210-2436-402c-836f-7ec1e9b0473a to remote] DEBUG org.apache.http.impl.execchain.MainClientExec - Executing request DELETE /wd/hub/session/65f2a210-2436-402c-836f-7ec1e9b0473a HTTP/1.1
17:26:57.878 [Forwarding quit on session 65f2a210-2436-402c-836f-7ec1e9b0473a to remote] DEBUG org.apache.http.impl.execchain.MainClientExec - Target auth state: UNCHALLENGED
17:26:57.878 [Forwarding quit on session 65f2a210-2436-402c-836f-7ec1e9b0473a to remote] DEBUG org.apache.http.impl.execchain.MainClientExec - Proxy auth state: UNCHALLENGED
17:26:57.878 [Forwarding quit on session 65f2a210-2436-402c-836f-7ec1e9b0473a to remote] DEBUG org.apache.http.headers - http-outgoing-0 >> DELETE /wd/hub/session/65f2a210-2436-402c-836f-7ec1e9b0473a HTTP/1.1
17:26:57.878 [Forwarding quit on session 65f2a210-2436-402c-836f-7ec1e9b0473a to remote] DEBUG org.apache.http.headers - http-outgoing-0 >> User-Agent: selenium/3.14.0 (java mac)
17:26:57.878 [Forwarding quit on session 65f2a210-2436-402c-836f-7ec1e9b0473a to remote] DEBUG org.apache.http.headers - http-outgoing-0 >> Host: localhost:4723
17:26:57.878 [Forwarding quit on session 65f2a210-2436-402c-836f-7ec1e9b0473a to remote] DEBUG org.apache.http.headers - http-outgoing-0 >> Connection: Keep-Alive
17:26:57.878 [Forwarding quit on session 65f2a210-2436-402c-836f-7ec1e9b0473a to remote] DEBUG org.apache.http.headers - http-outgoing-0 >> Accept-Encoding: gzip,deflate
17:26:57.878 [Forwarding quit on session 65f2a210-2436-402c-836f-7ec1e9b0473a to remote] DEBUG org.apache.http.wire - http-outgoing-0 >> "DELETE /wd/hub/session/65f2a210-2436-402c-836f-7ec1e9b0473a HTTP/1.1[\r][\n]"
17:26:57.878 [Forwarding quit on session 65f2a210-2436-402c-836f-7ec1e9b0473a to remote] DEBUG org.apache.http.wire - http-outgoing-0 >> "User-Agent: selenium/3.14.0 (java mac)[\r][\n]"
17:26:57.878 [Forwarding quit on session 65f2a210-2436-402c-836f-7ec1e9b0473a to remote] DEBUG org.apache.http.wire - http-outgoing-0 >> "Host: localhost:4723[\r][\n]"
17:26:57.878 [Forwarding quit on session 65f2a210-2436-402c-836f-7ec1e9b0473a to remote] DEBUG org.apache.http.wire - http-outgoing-0 >> "Connection: Keep-Alive[\r][\n]"
17:26:57.878 [Forwarding quit on session 65f2a210-2436-402c-836f-7ec1e9b0473a to remote] DEBUG org.apache.http.wire - http-outgoing-0 >> "Accept-Encoding: gzip,deflate[\r][\n]"
17:26:57.878 [Forwarding quit on session 65f2a210-2436-402c-836f-7ec1e9b0473a to remote] DEBUG org.apache.http.wire - http-outgoing-0 >> "[\r][\n]"
17:27:00.457 [Forwarding quit on session 65f2a210-2436-402c-836f-7ec1e9b0473a to remote] DEBUG org.apache.http.wire - http-outgoing-0 << "HTTP/1.1 200 OK[\r][\n]"
17:27:00.458 [Forwarding quit on session 65f2a210-2436-402c-836f-7ec1e9b0473a to remote] DEBUG org.apache.http.wire - http-outgoing-0 << "Server: Restlet-Framework/2.3.9[\r][\n]"
17:27:00.458 [Forwarding quit on session 65f2a210-2436-402c-836f-7ec1e9b0473a to remote] DEBUG org.apache.http.wire - http-outgoing-0 << "Date: Fri, 29 Mar 2019 09:27:00 GMT[\r][\n]"
17:27:00.458 [Forwarding quit on session 65f2a210-2436-402c-836f-7ec1e9b0473a to remote] DEBUG org.apache.http.wire - http-outgoing-0 << "Content-type: application/json; charset=UTF-8[\r][\n]"
17:27:00.458 [Forwarding quit on session 65f2a210-2436-402c-836f-7ec1e9b0473a to remote] DEBUG org.apache.http.wire - http-outgoing-0 << "Content-length: 74[\r][\n]"
17:27:00.458 [Forwarding quit on session 65f2a210-2436-402c-836f-7ec1e9b0473a to remote] DEBUG org.apache.http.wire - http-outgoing-0 << "[\r][\n]"
17:27:00.458 [Forwarding quit on session 65f2a210-2436-402c-836f-7ec1e9b0473a to remote] DEBUG org.apache.http.headers - http-outgoing-0 << HTTP/1.1 200 OK
17:27:00.458 [Forwarding quit on session 65f2a210-2436-402c-836f-7ec1e9b0473a to remote] DEBUG org.apache.http.headers - http-outgoing-0 << Server: Restlet-Framework/2.3.9
17:27:00.458 [Forwarding quit on session 65f2a210-2436-402c-836f-7ec1e9b0473a to remote] DEBUG org.apache.http.headers - http-outgoing-0 << Date: Fri, 29 Mar 2019 09:27:00 GMT
17:27:00.459 [Forwarding quit on session 65f2a210-2436-402c-836f-7ec1e9b0473a to remote] DEBUG org.apache.http.headers - http-outgoing-0 << Content-type: application/json; charset=UTF-8
17:27:00.459 [Forwarding quit on session 65f2a210-2436-402c-836f-7ec1e9b0473a to remote] DEBUG org.apache.http.headers - http-outgoing-0 << Content-length: 74
17:27:00.459 [Forwarding quit on session 65f2a210-2436-402c-836f-7ec1e9b0473a to remote] DEBUG org.apache.http.impl.execchain.MainClientExec - Connection can be kept alive indefinitely
17:27:00.459 [Forwarding quit on session 65f2a210-2436-402c-836f-7ec1e9b0473a to remote] DEBUG org.apache.http.wire - http-outgoing-0 << "{"sessionId":"65f2a210-2436-402c-836f-7ec1e9b0473a","value":"","status":0}"
17:27:00.459 [Forwarding quit on session 65f2a210-2436-402c-836f-7ec1e9b0473a to remote] DEBUG org.apache.http.impl.conn.PoolingHttpClientConnectionManager - Connection [id: 0][route: {}->http://localhost:4723] can be kept alive indefinitely
17:27:00.459 [Forwarding quit on session 65f2a210-2436-402c-836f-7ec1e9b0473a to remote] DEBUG org.apache.http.impl.conn.DefaultManagedHttpClientConnection - http-outgoing-0: set socket timeout to 0
17:27:00.459 [Forwarding quit on session 65f2a210-2436-402c-836f-7ec1e9b0473a to remote] DEBUG org.apache.http.impl.conn.PoolingHttpClientConnectionManager - Connection released: [id: 0][route: {}->http://localhost:4723][total kept alive: 1; route allocated: 1 of 2000; total allocated: 1 of 2000]
17:27:00.462 [Forwarding quit on session 65f2a210-2436-402c-836f-7ec1e9b0473a to remote] DEBUG org.apache.http.impl.conn.PoolingHttpClientConnectionManager - Closing connections idle longer than 0 SECONDS
]]></system-out>
  <system-err><![CDATA[Mar 29, 2019 5:26:45 PM org.openqa.selenium.remote.ProtocolHandshake createSession
INFO: Detected dialect: OSS
Mar 29, 2019 5:26:45 PM org.openqa.selenium.remote.RemoteWebDriver log
INFO: Executing: quit [b453d89f-f9f7-47ba-909f-8be8e7421836, quit {}]
Mar 29, 2019 5:26:47 PM org.openqa.selenium.remote.RemoteWebDriver log
INFO: Executed: [b453d89f-f9f7-47ba-909f-8be8e7421836, quit {}]
Mar 29, 2019 5:26:51 PM org.openqa.selenium.remote.ProtocolHandshake createSession
INFO: Detected dialect: OSS
Mar 29, 2019 5:26:51 PM org.openqa.selenium.remote.RemoteWebDriver log
INFO: Executing: quit [075bfe7b-fdfe-4eba-b287-fa5792727698, quit {}]
Mar 29, 2019 5:26:53 PM org.openqa.selenium.remote.RemoteWebDriver log
INFO: Executed: [075bfe7b-fdfe-4eba-b287-fa5792727698, quit {}]
Mar 29, 2019 5:26:57 PM org.openqa.selenium.remote.ProtocolHandshake createSession
INFO: Detected dialect: OSS
Mar 29, 2019 5:26:57 PM org.openqa.selenium.remote.RemoteWebDriver log
INFO: Executing: quit [65f2a210-2436-402c-836f-7ec1e9b0473a, quit {}]
Mar 29, 2019 5:27:00 PM org.openqa.selenium.remote.RemoteWebDriver log
INFO: Executed: [65f2a210-2436-402c-836f-7ec1e9b0473a, quit {}]
]]></system-err>
</testsuite>
